<?xml version="1.0" encoding="UTF-8"?>
<coverage generated="1743112584485" clover="3.2.0">
  <project timestamp="1743112584485" name="All files">
    <metrics statements="619" coveredstatements="587" conditionals="242" coveredconditionals="173" methods="112" coveredmethods="110" elements="973" coveredelements="870" complexity="0" loc="619" ncloc="619" packages="2" files="19" classes="19"/>
    <package name="controller">
      <metrics statements="248" coveredstatements="248" conditionals="130" coveredconditionals="82" methods="55" coveredmethods="55"/>
      <file name="controlLog.ts" path="/Users/sumitsaharawat/Desktop/Comp4350-Team3/server/src/controller/controlLog.ts">
        <metrics statements="2" coveredstatements="2" conditionals="0" coveredconditionals="0" methods="0" coveredmethods="0"/>
        <line num="1" count="5" type="stmt"/>
        <line num="2" count="5" type="stmt"/>
      </file>
      <file name="goalsController.ts" path="/Users/sumitsaharawat/Desktop/Comp4350-Team3/server/src/controller/goalsController.ts">
        <metrics statements="41" coveredstatements="41" conditionals="21" coveredconditionals="13" methods="9" coveredmethods="9"/>
        <line num="3" count="2" type="stmt"/>
        <line num="4" count="2" type="stmt"/>
        <line num="7" count="7" type="stmt"/>
        <line num="22" count="4" type="stmt"/>
        <line num="23" count="4" type="stmt"/>
        <line num="26" count="4" type="stmt"/>
        <line num="27" count="4" type="stmt"/>
        <line num="28" count="4" type="cond" truecount="1" falsecount="0"/>
        <line num="29" count="1" type="stmt"/>
        <line num="34" count="3" type="stmt"/>
        <line num="35" count="3" type="stmt"/>
        <line num="36" count="2" type="stmt"/>
        <line num="38" count="1" type="cond" truecount="1" falsecount="1"/>
        <line num="39" count="1" type="cond" truecount="1" falsecount="1"/>
        <line num="44" count="3" type="stmt"/>
        <line num="45" count="3" type="stmt"/>
        <line num="46" count="3" type="stmt"/>
        <line num="48" count="3" type="stmt"/>
        <line num="49" count="3" type="stmt"/>
        <line num="50" count="2" type="stmt"/>
        <line num="52" count="1" type="cond" truecount="1" falsecount="1"/>
        <line num="53" count="1" type="cond" truecount="1" falsecount="1"/>
        <line num="58" count="4" type="stmt"/>
        <line num="59" count="4" type="stmt"/>
        <line num="60" count="4" type="stmt"/>
        <line num="62" count="4" type="stmt"/>
        <line num="63" count="4" type="stmt"/>
        <line num="64" count="3" type="cond" truecount="2" falsecount="0"/>
        <line num="65" count="2" type="stmt"/>
        <line num="67" count="1" type="stmt"/>
        <line num="70" count="1" type="cond" truecount="1" falsecount="1"/>
        <line num="71" count="1" type="cond" truecount="1" falsecount="1"/>
        <line num="76" count="5" type="stmt"/>
        <line num="77" count="5" type="stmt"/>
        <line num="79" count="5" type="stmt"/>
        <line num="80" count="5" type="stmt"/>
        <line num="81" count="4" type="cond" truecount="2" falsecount="0"/>
        <line num="82" count="2" type="stmt"/>
        <line num="84" count="2" type="stmt"/>
        <line num="87" count="1" type="cond" truecount="1" falsecount="1"/>
        <line num="88" count="1" type="cond" truecount="1" falsecount="1"/>
      </file>
      <file name="indexController.ts" path="/Users/sumitsaharawat/Desktop/Comp4350-Team3/server/src/controller/indexController.ts">
        <metrics statements="4" coveredstatements="4" conditionals="0" coveredconditionals="0" methods="2" coveredmethods="2"/>
        <line num="3" count="1" type="stmt"/>
        <line num="4" count="1" type="stmt"/>
        <line num="7" count="1" type="stmt"/>
        <line num="8" count="1" type="stmt"/>
      </file>
      <file name="loginController.ts" path="/Users/sumitsaharawat/Desktop/Comp4350-Team3/server/src/controller/loginController.ts">
        <metrics statements="48" coveredstatements="48" conditionals="19" coveredconditionals="13" methods="7" coveredmethods="7"/>
        <line num="6" count="2" type="stmt"/>
        <line num="7" count="2" type="stmt"/>
        <line num="8" count="2" type="stmt"/>
        <line num="15" count="2" type="stmt"/>
        <line num="17" count="2" type="stmt"/>
        <line num="20" count="4" type="stmt"/>
        <line num="21" count="4" type="stmt"/>
        <line num="22" count="4" type="stmt"/>
        <line num="23" count="4" type="stmt"/>
        <line num="24" count="3" type="cond" truecount="1" falsecount="0"/>
        <line num="25" count="1" type="stmt"/>
        <line num="26" count="1" type="stmt"/>
        <line num="27" count="1" type="stmt"/>
        <line num="31" count="2" type="stmt"/>
        <line num="34" count="2" type="cond" truecount="2" falsecount="0"/>
        <line num="35" count="1" type="stmt"/>
        <line num="36" count="1" type="stmt"/>
        <line num="42" count="1" type="stmt"/>
        <line num="43" count="1" type="stmt"/>
        <line num="44" count="1" type="stmt"/>
        <line num="47" count="1" type="cond" truecount="1" falsecount="1"/>
        <line num="48" count="1" type="cond" truecount="1" falsecount="1"/>
        <line num="54" count="5" type="stmt"/>
        <line num="55" count="5" type="stmt"/>
        <line num="56" count="5" type="stmt"/>
        <line num="57" count="5" type="stmt"/>
        <line num="59" count="5" type="cond" truecount="2" falsecount="0"/>
        <line num="60" count="2" type="stmt"/>
        <line num="63" count="3" type="stmt"/>
        <line num="64" count="2" type="stmt"/>
        <line num="67" count="1" type="cond" truecount="1" falsecount="1"/>
        <line num="68" count="1" type="cond" truecount="1" falsecount="1"/>
        <line num="74" count="4" type="stmt"/>
        <line num="75" count="4" type="stmt"/>
        <line num="76" count="4" type="stmt"/>
        <line num="77" count="4" type="stmt"/>
        <line num="79" count="4" type="cond" truecount="2" falsecount="0"/>
        <line num="80" count="3" type="stmt"/>
        <line num="81" count="3" type="stmt"/>
        <line num="82" count="2" type="stmt"/>
        <line num="84" count="1" type="stmt"/>
        <line num="85" count="1" type="stmt"/>
        <line num="86" count="1" type="stmt"/>
        <line num="89" count="1" type="cond" truecount="1" falsecount="1"/>
        <line num="90" count="1" type="cond" truecount="1" falsecount="1"/>
        <line num="95" count="2" type="stmt"/>
        <line num="96" count="2" type="stmt"/>
        <line num="97" count="2" type="stmt"/>
      </file>
      <file name="reminderController.ts" path="/Users/sumitsaharawat/Desktop/Comp4350-Team3/server/src/controller/reminderController.ts">
        <metrics statements="35" coveredstatements="35" conditionals="20" coveredconditionals="12" methods="9" coveredmethods="9"/>
        <line num="2" count="2" type="stmt"/>
        <line num="6" count="7" type="stmt"/>
        <line num="15" count="3" type="stmt"/>
        <line num="16" count="3" type="stmt"/>
        <line num="18" count="3" type="stmt"/>
        <line num="19" count="3" type="stmt"/>
        <line num="20" count="2" type="stmt"/>
        <line num="22" count="1" type="cond" truecount="1" falsecount="1"/>
        <line num="23" count="1" type="cond" truecount="1" falsecount="1"/>
        <line num="28" count="3" type="stmt"/>
        <line num="29" count="3" type="stmt"/>
        <line num="31" count="3" type="stmt"/>
        <line num="32" count="3" type="stmt"/>
        <line num="33" count="2" type="stmt"/>
        <line num="35" count="1" type="cond" truecount="1" falsecount="1"/>
        <line num="36" count="1" type="cond" truecount="1" falsecount="1"/>
        <line num="41" count="4" type="stmt"/>
        <line num="42" count="4" type="stmt"/>
        <line num="43" count="4" type="stmt"/>
        <line num="45" count="4" type="stmt"/>
        <line num="46" count="4" type="stmt"/>
        <line num="47" count="3" type="cond" truecount="2" falsecount="0"/>
        <line num="48" count="2" type="stmt"/>
        <line num="50" count="1" type="stmt"/>
        <line num="53" count="1" type="cond" truecount="1" falsecount="1"/>
        <line num="54" count="1" type="cond" truecount="1" falsecount="1"/>
        <line num="59" count="4" type="stmt"/>
        <line num="60" count="4" type="stmt"/>
        <line num="62" count="4" type="stmt"/>
        <line num="63" count="4" type="stmt"/>
        <line num="64" count="3" type="cond" truecount="2" falsecount="0"/>
        <line num="65" count="2" type="stmt"/>
        <line num="67" count="1" type="stmt"/>
        <line num="70" count="1" type="cond" truecount="1" falsecount="1"/>
        <line num="71" count="1" type="cond" truecount="1" falsecount="1"/>
      </file>
      <file name="tagController.ts" path="/Users/sumitsaharawat/Desktop/Comp4350-Team3/server/src/controller/tagController.ts">
        <metrics statements="41" coveredstatements="41" conditionals="22" coveredconditionals="14" methods="9" coveredmethods="9"/>
        <line num="3" count="2" type="stmt"/>
        <line num="4" count="2" type="stmt"/>
        <line num="7" count="8" type="stmt"/>
        <line num="15" count="3" type="stmt"/>
        <line num="16" count="3" type="stmt"/>
        <line num="17" count="3" type="stmt"/>
        <line num="18" count="3" type="stmt"/>
        <line num="19" count="2" type="stmt"/>
        <line num="21" count="2" type="stmt"/>
        <line num="23" count="2" type="stmt"/>
        <line num="25" count="1" type="cond" truecount="1" falsecount="1"/>
        <line num="26" count="1" type="cond" truecount="1" falsecount="1"/>
        <line num="31" count="3" type="stmt"/>
        <line num="32" count="3" type="stmt"/>
        <line num="34" count="3" type="stmt"/>
        <line num="35" count="3" type="stmt"/>
        <line num="36" count="2" type="stmt"/>
        <line num="38" count="2" type="stmt"/>
        <line num="40" count="1" type="cond" truecount="1" falsecount="1"/>
        <line num="41" count="1" type="cond" truecount="1" falsecount="1"/>
        <line num="46" count="5" type="stmt"/>
        <line num="47" count="5" type="stmt"/>
        <line num="48" count="5" type="stmt"/>
        <line num="50" count="5" type="stmt"/>
        <line num="51" count="5" type="stmt"/>
        <line num="52" count="4" type="cond" truecount="2" falsecount="0"/>
        <line num="53" count="2" type="stmt"/>
        <line num="54" count="2" type="stmt"/>
        <line num="55" count="2" type="stmt"/>
        <line num="57" count="2" type="stmt"/>
        <line num="60" count="1" type="cond" truecount="1" falsecount="1"/>
        <line num="61" count="1" type="cond" truecount="1" falsecount="1"/>
        <line num="66" count="5" type="stmt"/>
        <line num="67" count="5" type="stmt"/>
        <line num="68" count="5" type="stmt"/>
        <line num="69" count="5" type="stmt"/>
        <line num="70" count="4" type="cond" truecount="2" falsecount="0"/>
        <line num="71" count="2" type="stmt"/>
        <line num="73" count="2" type="stmt"/>
        <line num="76" count="1" type="cond" truecount="1" falsecount="1"/>
        <line num="77" count="1" type="cond" truecount="1" falsecount="1"/>
      </file>
      <file name="transactionController.ts" path="/Users/sumitsaharawat/Desktop/Comp4350-Team3/server/src/controller/transactionController.ts">
        <metrics statements="38" coveredstatements="38" conditionals="26" coveredconditionals="16" methods="10" coveredmethods="10"/>
        <line num="3" count="2" type="stmt"/>
        <line num="4" count="2" type="stmt"/>
        <line num="7" count="7" type="stmt"/>
        <line num="19" count="7" type="cond" truecount="4" falsecount="2"/>
        <line num="29" count="3" type="stmt"/>
        <line num="30" count="3" type="stmt"/>
        <line num="32" count="3" type="stmt"/>
        <line num="33" count="3" type="stmt"/>
        <line num="34" count="2" type="stmt"/>
        <line num="36" count="1" type="cond" truecount="1" falsecount="1"/>
        <line num="37" count="1" type="cond" truecount="1" falsecount="1"/>
        <line num="42" count="3" type="stmt"/>
        <line num="43" count="3" type="stmt"/>
        <line num="44" count="3" type="stmt"/>
        <line num="46" count="3" type="stmt"/>
        <line num="47" count="3" type="stmt"/>
        <line num="48" count="2" type="stmt"/>
        <line num="50" count="1" type="cond" truecount="1" falsecount="1"/>
        <line num="51" count="1" type="cond" truecount="1" falsecount="1"/>
        <line num="56" count="5" type="stmt"/>
        <line num="57" count="5" type="stmt"/>
        <line num="58" count="5" type="stmt"/>
        <line num="60" count="5" type="stmt"/>
        <line num="61" count="5" type="stmt"/>
        <line num="62" count="4" type="cond" truecount="2" falsecount="0"/>
        <line num="63" count="2" type="stmt"/>
        <line num="65" count="2" type="stmt"/>
        <line num="68" count="1" type="cond" truecount="1" falsecount="1"/>
        <line num="69" count="1" type="cond" truecount="1" falsecount="1"/>
        <line num="74" count="5" type="stmt"/>
        <line num="75" count="5" type="stmt"/>
        <line num="76" count="5" type="stmt"/>
        <line num="77" count="5" type="stmt"/>
        <line num="78" count="4" type="cond" truecount="2" falsecount="0"/>
        <line num="79" count="2" type="stmt"/>
        <line num="81" count="2" type="stmt"/>
        <line num="84" count="1" type="cond" truecount="1" falsecount="1"/>
        <line num="85" count="1" type="cond" truecount="1" falsecount="1"/>
      </file>
      <file name="userController.ts" path="/Users/sumitsaharawat/Desktop/Comp4350-Team3/server/src/controller/userController.ts">
        <metrics statements="39" coveredstatements="39" conditionals="22" coveredconditionals="14" methods="9" coveredmethods="9"/>
        <line num="3" count="1" type="stmt"/>
        <line num="9" count="1" type="stmt"/>
        <line num="12" count="3" type="stmt"/>
        <line num="19" count="2" type="stmt"/>
        <line num="20" count="2" type="stmt"/>
        <line num="21" count="2" type="stmt"/>
        <line num="22" count="2" type="stmt"/>
        <line num="23" count="1" type="stmt"/>
        <line num="28" count="1" type="cond" truecount="1" falsecount="1"/>
        <line num="29" count="1" type="stmt"/>
        <line num="36" count="3" type="stmt"/>
        <line num="37" count="3" type="stmt"/>
        <line num="38" count="3" type="stmt"/>
        <line num="39" count="3" type="stmt"/>
        <line num="40" count="3" type="stmt"/>
        <line num="42" count="2" type="cond" truecount="2" falsecount="0"/>
        <line num="43" count="1" type="stmt"/>
        <line num="45" count="1" type="stmt"/>
        <line num="48" count="1" type="cond" truecount="1" falsecount="1"/>
        <line num="49" count="1" type="stmt"/>
        <line num="56" count="3" type="stmt"/>
        <line num="57" count="3" type="stmt"/>
        <line num="58" count="3" type="stmt"/>
        <line num="60" count="3" type="stmt"/>
        <line num="61" count="3" type="stmt"/>
        <line num="62" count="2" type="cond" truecount="2" falsecount="0"/>
        <line num="63" count="1" type="stmt"/>
        <line num="68" count="1" type="stmt"/>
        <line num="71" count="1" type="cond" truecount="1" falsecount="1"/>
        <line num="72" count="1" type="stmt"/>
        <line num="79" count="3" type="stmt"/>
        <line num="80" count="3" type="stmt"/>
        <line num="81" count="3" type="stmt"/>
        <line num="82" count="3" type="stmt"/>
        <line num="83" count="2" type="cond" truecount="2" falsecount="0"/>
        <line num="84" count="1" type="stmt"/>
        <line num="86" count="1" type="stmt"/>
        <line num="89" count="1" type="cond" truecount="1" falsecount="1"/>
        <line num="90" count="1" type="stmt"/>
      </file>
    </package>
    <package name="db">
      <metrics statements="371" coveredstatements="339" conditionals="112" coveredconditionals="91" methods="57" coveredmethods="55"/>
      <file name="dbLog.ts" path="/Users/sumitsaharawat/Desktop/Comp4350-Team3/server/src/db/dbLog.ts">
        <metrics statements="2" coveredstatements="2" conditionals="0" coveredconditionals="0" methods="0" coveredmethods="0"/>
        <line num="1" count="13" type="stmt"/>
        <line num="2" count="13" type="stmt"/>
      </file>
      <file name="goalsDB.ts" path="/Users/sumitsaharawat/Desktop/Comp4350-Team3/server/src/db/goalsDB.ts">
        <metrics statements="7" coveredstatements="7" conditionals="2" coveredconditionals="2" methods="2" coveredmethods="2"/>
        <line num="1" count="2" type="stmt"/>
        <line num="2" count="2" type="stmt"/>
        <line num="18" count="2" type="stmt"/>
        <line num="24" count="25" type="stmt"/>
        <line num="36" count="23" type="cond" truecount="2" falsecount="0"/>
        <line num="59" count="2" type="stmt"/>
        <line num="60" count="2" type="stmt"/>
      </file>
      <file name="goalsService.ts" path="/Users/sumitsaharawat/Desktop/Comp4350-Team3/server/src/db/goalsService.ts">
        <metrics statements="64" coveredstatements="64" conditionals="17" coveredconditionals="17" methods="9" coveredmethods="9"/>
        <line num="1" count="2" type="stmt"/>
        <line num="2" count="2" type="stmt"/>
        <line num="3" count="2" type="stmt"/>
        <line num="4" count="2" type="stmt"/>
        <line num="7" count="19" type="stmt"/>
        <line num="8" count="19" type="stmt"/>
        <line num="10" count="19" type="stmt"/>
        <line num="11" count="19" type="cond" truecount="1" falsecount="0"/>
        <line num="12" count="1" type="stmt"/>
        <line num="16" count="18" type="cond" truecount="1" falsecount="0"/>
        <line num="17" count="17" type="stmt"/>
        <line num="18" count="17" type="cond" truecount="1" falsecount="0"/>
        <line num="19" count="1" type="stmt"/>
        <line num="24" count="17" type="stmt"/>
        <line num="33" count="17" type="stmt"/>
        <line num="34" count="14" type="stmt"/>
        <line num="36" count="5" type="cond" truecount="1" falsecount="0"/>
        <line num="37" count="7" type="stmt"/>
        <line num="39" count="2" type="stmt"/>
        <line num="40" count="2" type="stmt"/>
        <line num="45" count="4" type="stmt"/>
        <line num="46" count="4" type="stmt"/>
        <line num="48" count="4" type="cond" truecount="1" falsecount="0"/>
        <line num="49" count="1" type="stmt"/>
        <line num="52" count="3" type="stmt"/>
        <line num="53" count="3" type="stmt"/>
        <line num="55" count="1" type="stmt"/>
        <line num="56" count="1" type="stmt"/>
        <line num="61" count="12" type="stmt"/>
        <line num="62" count="12" type="stmt"/>
        <line num="64" count="12" type="cond" truecount="1" falsecount="0"/>
        <line num="65" count="1" type="stmt"/>
        <line num="69" count="11" type="stmt"/>
        <line num="70" count="11" type="cond" truecount="1" falsecount="0"/>
        <line num="71" count="1" type="stmt"/>
        <line num="72" count="1" type="stmt"/>
        <line num="76" count="10" type="stmt"/>
        <line num="77" count="10" type="stmt"/>
        <line num="78" count="10" type="cond" truecount="1" falsecount="0"/>
        <line num="79" count="2" type="stmt"/>
        <line num="83" count="10" type="cond" truecount="1" falsecount="0"/>
        <line num="84" count="10" type="cond" truecount="1" falsecount="0"/>
        <line num="85" count="10" type="cond" truecount="1" falsecount="0"/>
        <line num="86" count="10" type="cond" truecount="1" falsecount="0"/>
        <line num="89" count="10" type="cond" truecount="1" falsecount="0"/>
        <line num="90" count="4" type="stmt"/>
        <line num="91" count="4" type="cond" truecount="1" falsecount="0"/>
        <line num="92" count="2" type="stmt"/>
        <line num="94" count="2" type="stmt"/>
        <line num="97" count="8" type="stmt"/>
        <line num="98" count="8" type="stmt"/>
        <line num="100" count="3" type="stmt"/>
        <line num="101" count="3" type="stmt"/>
        <line num="106" count="3" type="stmt"/>
        <line num="107" count="3" type="stmt"/>
        <line num="109" count="3" type="cond" truecount="1" falsecount="0"/>
        <line num="110" count="1" type="stmt"/>
        <line num="113" count="2" type="stmt"/>
        <line num="114" count="2" type="cond" truecount="2" falsecount="0"/>
        <line num="115" count="1" type="stmt"/>
        <line num="117" count="1" type="stmt"/>
        <line num="119" count="2" type="stmt"/>
        <line num="121" count="1" type="stmt"/>
        <line num="122" count="1" type="stmt"/>
      </file>
      <file name="reminderDB.ts" path="/Users/sumitsaharawat/Desktop/Comp4350-Team3/server/src/db/reminderDB.ts">
        <metrics statements="7" coveredstatements="7" conditionals="2" coveredconditionals="2" methods="2" coveredmethods="2"/>
        <line num="1" count="3" type="stmt"/>
        <line num="3" count="3" type="stmt"/>
        <line num="18" count="3" type="stmt"/>
        <line num="25" count="15" type="stmt"/>
        <line num="41" count="14" type="cond" truecount="2" falsecount="0"/>
        <line num="53" count="3" type="stmt"/>
        <line num="54" count="3" type="stmt"/>
      </file>
      <file name="reminderService.ts" path="/Users/sumitsaharawat/Desktop/Comp4350-Team3/server/src/db/reminderService.ts">
        <metrics statements="47" coveredstatements="47" conditionals="12" coveredconditionals="12" methods="9" coveredmethods="9"/>
        <line num="1" count="3" type="stmt"/>
        <line num="2" count="3" type="stmt"/>
        <line num="3" count="3" type="stmt"/>
        <line num="6" count="13" type="stmt"/>
        <line num="7" count="13" type="stmt"/>
        <line num="9" count="13" type="stmt"/>
        <line num="10" count="13" type="cond" truecount="1" falsecount="0"/>
        <line num="11" count="2" type="stmt"/>
        <line num="14" count="11" type="stmt"/>
        <line num="22" count="11" type="stmt"/>
        <line num="23" count="9" type="stmt"/>
        <line num="25" count="4" type="cond" truecount="1" falsecount="0"/>
        <line num="26" count="1" type="stmt"/>
        <line num="28" count="3" type="stmt"/>
        <line num="29" count="3" type="stmt"/>
        <line num="34" count="3" type="stmt"/>
        <line num="35" count="3" type="stmt"/>
        <line num="37" count="3" type="cond" truecount="1" falsecount="0"/>
        <line num="38" count="1" type="stmt"/>
        <line num="42" count="2" type="stmt"/>
        <line num="43" count="2" type="stmt"/>
        <line num="45" count="1" type="stmt"/>
        <line num="46" count="1" type="stmt"/>
        <line num="51" count="7" type="stmt"/>
        <line num="52" count="7" type="stmt"/>
        <line num="54" count="7" type="cond" truecount="1" falsecount="0"/>
        <line num="55" count="1" type="stmt"/>
        <line num="59" count="6" type="stmt"/>
        <line num="60" count="6" type="cond" truecount="1" falsecount="0"/>
        <line num="62" count="1" type="stmt"/>
        <line num="66" count="5" type="cond" truecount="1" falsecount="0"/>
        <line num="67" count="5" type="cond" truecount="1" falsecount="0"/>
        <line num="68" count="5" type="cond" truecount="1" falsecount="0"/>
        <line num="69" count="5" type="cond" truecount="1" falsecount="0"/>
        <line num="71" count="5" type="stmt"/>
        <line num="72" count="5" type="stmt"/>
        <line num="74" count="1" type="stmt"/>
        <line num="75" count="1" type="stmt"/>
        <line num="80" count="3" type="stmt"/>
        <line num="81" count="3" type="stmt"/>
        <line num="83" count="3" type="cond" truecount="1" falsecount="0"/>
        <line num="84" count="1" type="stmt"/>
        <line num="87" count="2" type="stmt"/>
        <line num="88" count="2" type="cond" truecount="2" falsecount="0"/>
        <line num="93" count="2" type="stmt"/>
        <line num="95" count="1" type="stmt"/>
        <line num="96" count="1" type="stmt"/>
      </file>
      <file name="tagDB.ts" path="/Users/sumitsaharawat/Desktop/Comp4350-Team3/server/src/db/tagDB.ts">
        <metrics statements="5" coveredstatements="5" conditionals="0" coveredconditionals="0" methods="0" coveredmethods="0"/>
        <line num="1" count="6" type="stmt"/>
        <line num="2" count="6" type="stmt"/>
        <line num="15" count="6" type="stmt"/>
        <line num="38" count="6" type="stmt"/>
        <line num="39" count="6" type="stmt"/>
      </file>
      <file name="tagService.ts" path="/Users/sumitsaharawat/Desktop/Comp4350-Team3/server/src/db/tagService.ts">
        <metrics statements="45" coveredstatements="45" conditionals="9" coveredconditionals="9" methods="8" coveredmethods="8"/>
        <line num="1" count="3" type="stmt"/>
        <line num="2" count="3" type="stmt"/>
        <line num="3" count="3" type="stmt"/>
        <line num="6" count="9" type="stmt"/>
        <line num="7" count="9" type="stmt"/>
        <line num="8" count="9" type="stmt"/>
        <line num="9" count="9" type="stmt"/>
        <line num="10" count="7" type="stmt"/>
        <line num="12" count="2" type="stmt"/>
        <line num="13" count="2" type="stmt"/>
        <line num="18" count="3" type="stmt"/>
        <line num="19" count="3" type="stmt"/>
        <line num="21" count="3" type="cond" truecount="1" falsecount="0"/>
        <line num="22" count="1" type="stmt"/>
        <line num="24" count="2" type="stmt"/>
        <line num="25" count="2" type="stmt"/>
        <line num="27" count="1" type="stmt"/>
        <line num="28" count="1" type="stmt"/>
        <line num="33" count="5" type="stmt"/>
        <line num="34" count="5" type="stmt"/>
        <line num="36" count="5" type="cond" truecount="1" falsecount="0"/>
        <line num="37" count="1" type="stmt"/>
        <line num="41" count="4" type="stmt"/>
        <line num="42" count="4" type="cond" truecount="1" falsecount="0"/>
        <line num="43" count="4" type="cond" truecount="1" falsecount="0"/>
        <line num="44" count="4" type="cond" truecount="1" falsecount="0"/>
        <line num="46" count="4" type="stmt"/>
        <line num="48" count="4" type="cond" truecount="1" falsecount="0"/>
        <line num="49" count="1" type="stmt"/>
        <line num="50" count="1" type="stmt"/>
        <line num="53" count="3" type="stmt"/>
        <line num="54" count="3" type="stmt"/>
        <line num="56" count="1" type="stmt"/>
        <line num="57" count="1" type="stmt"/>
        <line num="62" count="3" type="stmt"/>
        <line num="63" count="3" type="stmt"/>
        <line num="64" count="3" type="cond" truecount="1" falsecount="0"/>
        <line num="65" count="1" type="stmt"/>
        <line num="67" count="2" type="stmt"/>
        <line num="68" count="2" type="cond" truecount="2" falsecount="0"/>
        <line num="69" count="1" type="stmt"/>
        <line num="71" count="1" type="stmt"/>
        <line num="73" count="2" type="stmt"/>
        <line num="75" count="1" type="stmt"/>
        <line num="76" count="1" type="stmt"/>
      </file>
      <file name="transactionDB.ts" path="/Users/sumitsaharawat/Desktop/Comp4350-Team3/server/src/db/transactionDB.ts">
        <metrics statements="7" coveredstatements="7" conditionals="2" coveredconditionals="2" methods="2" coveredmethods="2"/>
        <line num="1" count="3" type="stmt"/>
        <line num="3" count="3" type="stmt"/>
        <line num="22" count="3" type="stmt"/>
        <line num="28" count="24" type="stmt"/>
        <line num="41" count="23" type="cond" truecount="2" falsecount="0"/>
        <line num="72" count="3" type="stmt"/>
        <line num="73" count="3" type="stmt"/>
      </file>
      <file name="transactionService.ts" path="/Users/sumitsaharawat/Desktop/Comp4350-Team3/server/src/db/transactionService.ts">
        <metrics statements="124" coveredstatements="96" conditionals="54" coveredconditionals="34" methods="15" coveredmethods="13"/>
        <line num="1" count="3" type="stmt"/>
        <line num="2" count="3" type="stmt"/>
        <line num="3" count="3" type="stmt"/>
        <line num="4" count="3" type="stmt"/>
        <line num="5" count="3" type="stmt"/>
        <line num="8" count="20" type="stmt"/>
        <line num="9" count="20" type="stmt"/>
        <line num="11" count="20" type="stmt"/>
        <line num="12" count="20" type="cond" truecount="0" falsecount="1"/>
        <line num="13" count="0" type="stmt"/>
        <line num="17" count="20" type="cond" truecount="4" falsecount="2"/>
        <line num="19" count="20" type="cond" truecount="1" falsecount="0"/>
        <line num="20" count="19" type="stmt"/>
        <line num="21" count="19" type="cond" truecount="0" falsecount="1"/>
        <line num="22" count="0" type="stmt"/>
        <line num="27" count="20" type="stmt"/>
        <line num="28" count="20" type="cond" truecount="0" falsecount="1"/>
        <line num="29" count="0" type="stmt"/>
        <line num="33" count="20" type="stmt"/>
        <line num="36" count="20" type="stmt"/>
        <line num="37" count="18" type="cond" truecount="2" falsecount="1"/>
        <line num="38" count="0" type="stmt"/>
        <line num="42" count="20" type="cond" truecount="1" falsecount="0"/>
        <line num="43" count="1" type="stmt"/>
        <line num="47" count="19" type="cond" truecount="2" falsecount="0"/>
        <line num="48" count="17" type="cond" truecount="1" falsecount="0"/>
        <line num="49" count="1" type="stmt"/>
        <line num="51" count="16" type="stmt"/>
        <line num="52" count="2" type="cond" truecount="1" falsecount="0"/>
        <line num="53" count="1" type="stmt"/>
        <line num="56" count="18" type="stmt"/>
        <line num="66" count="18" type="stmt"/>
        <line num="67" count="15" type="stmt"/>
        <line num="68" count="15" type="stmt"/>
        <line num="70" count="5" type="cond" truecount="1" falsecount="0"/>
        <line num="71" count="4" type="stmt"/>
        <line num="73" count="2" type="stmt"/>
        <line num="74" count="2" type="stmt"/>
        <line num="79" count="3" type="stmt"/>
        <line num="80" count="1" type="stmt"/>
        <line num="82" count="1" type="cond" truecount="0" falsecount="1"/>
        <line num="83" count="0" type="stmt"/>
        <line num="86" count="1" type="stmt"/>
        <line num="87" count="1" type="stmt"/>
        <line num="89" count="0" type="cond" truecount="0" falsecount="1"/>
        <line num="90" count="0" type="stmt"/>
        <line num="92" count="0" type="stmt"/>
        <line num="93" count="0" type="stmt"/>
        <line num="98" count="14" type="stmt"/>
        <line num="99" count="14" type="stmt"/>
        <line num="101" count="14" type="cond" truecount="1" falsecount="0"/>
        <line num="102" count="1" type="stmt"/>
        <line num="104" count="13" type="stmt"/>
        <line num="107" count="13" type="cond" truecount="1" falsecount="0"/>
        <line num="108" count="1" type="stmt"/>
        <line num="109" count="1" type="stmt"/>
        <line num="113" count="12" type="stmt"/>
        <line num="114" count="12" type="cond" truecount="1" falsecount="0"/>
        <line num="115" count="1" type="stmt"/>
        <line num="119" count="11" type="cond" truecount="1" falsecount="1"/>
        <line num="120" count="11" type="stmt"/>
        <line num="121" count="0" type="cond" truecount="0" falsecount="1"/>
        <line num="122" count="0" type="stmt"/>
        <line num="126" count="11" type="cond" truecount="1" falsecount="0"/>
        <line num="127" count="11" type="cond" truecount="1" falsecount="0"/>
        <line num="128" count="11" type="cond" truecount="1" falsecount="0"/>
        <line num="129" count="11" type="cond" truecount="1" falsecount="0"/>
        <line num="130" count="11" type="cond" truecount="1" falsecount="0"/>
        <line num="131" count="11" type="stmt"/>
        <line num="132" count="11" type="cond" truecount="1" falsecount="0"/>
        <line num="133" count="3" type="stmt"/>
        <line num="135" count="8" type="stmt"/>
        <line num="138" count="8" type="cond" truecount="1" falsecount="0"/>
        <line num="139" count="8" type="cond" truecount="2" falsecount="0"/>
        <line num="140" count="6" type="stmt"/>
        <line num="141" count="6" type="stmt"/>
        <line num="142" count="6" type="stmt"/>
        <line num="144" count="6" type="stmt"/>
        <line num="147" count="6" type="stmt"/>
        <line num="148" count="5" type="cond" truecount="3" falsecount="0"/>
        <line num="149" count="1" type="stmt"/>
        <line num="153" count="5" type="cond" truecount="1" falsecount="0"/>
        <line num="154" count="1" type="stmt"/>
        <line num="157" count="4" type="stmt"/>
        <line num="159" count="2" type="stmt"/>
        <line num="164" count="6" type="cond" truecount="1" falsecount="1"/>
        <line num="165" count="6" type="cond" truecount="0" falsecount="1"/>
        <line num="166" count="0" type="stmt"/>
        <line num="168" count="6" type="stmt"/>
        <line num="169" count="0" type="cond" truecount="0" falsecount="1"/>
        <line num="170" count="0" type="stmt"/>
        <line num="173" count="6" type="stmt"/>
        <line num="174" count="5" type="stmt"/>
        <line num="176" count="5" type="stmt"/>
        <line num="178" count="8" type="cond" truecount="1" falsecount="0"/>
        <line num="179" count="1" type="stmt"/>
        <line num="180" count="1" type="stmt"/>
        <line num="181" count="1" type="stmt"/>
        <line num="183" count="7" type="stmt"/>
        <line num="184" count="7" type="stmt"/>
        <line num="190" count="3" type="stmt"/>
        <line num="191" count="3" type="stmt"/>
        <line num="192" count="3" type="cond" truecount="1" falsecount="0"/>
        <line num="193" count="1" type="stmt"/>
        <line num="197" count="2" type="stmt"/>
        <line num="198" count="2" type="cond" truecount="1" falsecount="0"/>
        <line num="199" count="2" type="stmt"/>
        <line num="203" count="0" type="stmt"/>
        <line num="204" count="0" type="cond" truecount="0" falsecount="1"/>
        <line num="205" count="0" type="stmt"/>
        <line num="208" count="0" type="cond" truecount="0" falsecount="2"/>
        <line num="209" count="0" type="stmt"/>
        <line num="210" count="0" type="cond" truecount="0" falsecount="1"/>
        <line num="211" count="0" type="stmt"/>
        <line num="214" count="0" type="stmt"/>
        <line num="216" count="0" type="stmt"/>
        <line num="217" count="0" type="cond" truecount="0" falsecount="2"/>
        <line num="218" count="0" type="stmt"/>
        <line num="220" count="0" type="stmt"/>
        <line num="222" count="0" type="stmt"/>
        <line num="224" count="3" type="cond" truecount="0" falsecount="1"/>
        <line num="225" count="0" type="stmt"/>
        <line num="227" count="3" type="stmt"/>
        <line num="228" count="3" type="stmt"/>
      </file>
      <file name="userDB.ts" path="/Users/sumitsaharawat/Desktop/Comp4350-Team3/server/src/db/userDB.ts">
        <metrics statements="5" coveredstatements="5" conditionals="0" coveredconditionals="0" methods="0" coveredmethods="0"/>
        <line num="1" count="13" type="stmt"/>
        <line num="2" count="13" type="stmt"/>
        <line num="14" count="13" type="stmt"/>
        <line num="30" count="13" type="stmt"/>
        <line num="31" count="13" type="stmt"/>
      </file>
      <file name="userService.ts" path="/Users/sumitsaharawat/Desktop/Comp4350-Team3/server/src/db/userService.ts">
        <metrics statements="58" coveredstatements="54" conditionals="14" coveredconditionals="13" methods="10" coveredmethods="10"/>
        <line num="1" count="6" type="stmt"/>
        <line num="2" count="6" type="stmt"/>
        <line num="3" count="6" type="stmt"/>
        <line num="6" count="64" type="stmt"/>
        <line num="7" count="64" type="stmt"/>
        <line num="9" count="64" type="cond" truecount="3" falsecount="0"/>
        <line num="10" count="3" type="stmt"/>
        <line num="13" count="61" type="stmt"/>
        <line num="14" count="61" type="stmt"/>
        <line num="15" count="60" type="stmt"/>
        <line num="18" count="4" type="cond" truecount="1" falsecount="0"/>
        <line num="19" count="1" type="stmt"/>
        <line num="20" count="1" type="stmt"/>
        <line num="22" count="3" type="stmt"/>
        <line num="23" count="3" type="stmt"/>
        <line num="28" count="6" type="stmt"/>
        <line num="29" count="2" type="stmt"/>
        <line num="30" count="2" type="stmt"/>
        <line num="31" count="2" type="stmt"/>
        <line num="33" count="0" type="stmt"/>
        <line num="34" count="0" type="stmt"/>
        <line num="39" count="6" type="stmt"/>
        <line num="40" count="2" type="stmt"/>
        <line num="42" count="2" type="stmt"/>
        <line num="43" count="2" type="cond" truecount="1" falsecount="0"/>
        <line num="44" count="1" type="stmt"/>
        <line num="46" count="2" type="stmt"/>
        <line num="48" count="0" type="stmt"/>
        <line num="49" count="0" type="stmt"/>
        <line num="55" count="6" type="stmt"/>
        <line num="56" count="5" type="stmt"/>
        <line num="58" count="5" type="cond" truecount="1" falsecount="0"/>
        <line num="59" count="1" type="stmt"/>
        <line num="62" count="4" type="stmt"/>
        <line num="65" count="4" type="cond" truecount="1" falsecount="0"/>
        <line num="66" count="4" type="cond" truecount="0" falsecount="1"/>
        <line num="67" count="4" type="cond" truecount="1" falsecount="0"/>
        <line num="69" count="4" type="stmt"/>
        <line num="71" count="3" type="cond" truecount="1" falsecount="0"/>
        <line num="72" count="1" type="stmt"/>
        <line num="73" count="1" type="stmt"/>
        <line num="76" count="2" type="stmt"/>
        <line num="79" count="2" type="cond" truecount="1" falsecount="0"/>
        <line num="80" count="1" type="stmt"/>
        <line num="81" count="1" type="stmt"/>
        <line num="83" count="1" type="stmt"/>
        <line num="84" count="1" type="stmt"/>
        <line num="89" count="6" type="stmt"/>
        <line num="90" count="3" type="stmt"/>
        <line num="91" count="3" type="cond" truecount="1" falsecount="0"/>
        <line num="92" count="1" type="stmt"/>
        <line num="94" count="2" type="stmt"/>
        <line num="95" count="2" type="cond" truecount="2" falsecount="0"/>
        <line num="96" count="1" type="stmt"/>
        <line num="98" count="1" type="stmt"/>
        <line num="100" count="2" type="stmt"/>
        <line num="102" count="1" type="stmt"/>
        <line num="103" count="1" type="stmt"/>
      </file>
    </package>
  </project>
</coverage>
