{"/Users/sumitsaharawat/Desktop/Comp4350-Team3/server/src/controller/controlLog.ts": {"path":"/Users/sumitsaharawat/Desktop/Comp4350-Team3/server/src/controller/controlLog.ts","statementMap":{"0":{"start":{"line":1,"column":0},"end":{"line":1,"column":26}},"1":{"start":{"line":2,"column":13},"end":{"line":2,"column":53}}},"fnMap":{},"branchMap":{},"s":{"0":5,"1":5},"f":{},"b":{}}
,"/Users/sumitsaharawat/Desktop/Comp4350-Team3/server/src/controller/goalsController.ts": {"path":"/Users/sumitsaharawat/Desktop/Comp4350-Team3/server/src/controller/goalsController.ts","statementMap":{"0":{"start":{"line":3,"column":0},"end":{"line":3,"column":78}},"1":{"start":{"line":4,"column":0},"end":{"line":4,"column":40}},"2":{"start":{"line":7,"column":19},"end":{"line":19,"column":2}},"3":{"start":{"line":7,"column":37},"end":{"line":19,"column":2}},"4":{"start":{"line":22,"column":33},"end":{"line":41,"column":2}},"5":{"start":{"line":22,"column":71},"end":{"line":41,"column":2}},"6":{"start":{"line":23,"column":65},"end":{"line":23,"column":73}},"7":{"start":{"line":26,"column":24},"end":{"line":26,"column":46}},"8":{"start":{"line":27,"column":24},"end":{"line":27,"column":46}},"9":{"start":{"line":28,"column":2},"end":{"line":32,"column":null}},"10":{"start":{"line":29,"column":4},"end":{"line":31,"column":7}},"11":{"start":{"line":34,"column":2},"end":{"line":40,"column":null}},"12":{"start":{"line":35,"column":17},"end":{"line":35,"column":84}},"13":{"start":{"line":36,"column":4},"end":{"line":36,"column":87}},"14":{"start":{"line":38,"column":4},"end":{"line":38,"column":62}},"15":{"start":{"line":39,"column":4},"end":{"line":39,"column":79}},"16":{"start":{"line":22,"column":13},"end":{"line":22,"column":33}},"17":{"start":{"line":44,"column":37},"end":{"line":55,"column":2}},"18":{"start":{"line":44,"column":75},"end":{"line":55,"column":2}},"19":{"start":{"line":45,"column":19},"end":{"line":45,"column":29}},"20":{"start":{"line":46,"column":2},"end":{"line":46,"column":51}},"21":{"start":{"line":48,"column":2},"end":{"line":54,"column":null}},"22":{"start":{"line":49,"column":18},"end":{"line":49,"column":43}},"23":{"start":{"line":50,"column":4},"end":{"line":50,"column":48}},"24":{"start":{"line":52,"column":4},"end":{"line":52,"column":65}},"25":{"start":{"line":53,"column":4},"end":{"line":53,"column":82}},"26":{"start":{"line":44,"column":13},"end":{"line":44,"column":37}},"27":{"start":{"line":58,"column":34},"end":{"line":73,"column":2}},"28":{"start":{"line":58,"column":72},"end":{"line":73,"column":2}},"29":{"start":{"line":59,"column":15},"end":{"line":59,"column":25}},"30":{"start":{"line":60,"column":57},"end":{"line":60,"column":65}},"31":{"start":{"line":62,"column":2},"end":{"line":72,"column":null}},"32":{"start":{"line":63,"column":24},"end":{"line":63,"column":88}},"33":{"start":{"line":64,"column":4},"end":{"line":68,"column":null}},"34":{"start":{"line":65,"column":6},"end":{"line":65,"column":98}},"35":{"start":{"line":67,"column":6},"end":{"line":67,"column":56}},"36":{"start":{"line":70,"column":4},"end":{"line":70,"column":62}},"37":{"start":{"line":71,"column":4},"end":{"line":71,"column":79}},"38":{"start":{"line":58,"column":13},"end":{"line":58,"column":34}},"39":{"start":{"line":76,"column":36},"end":{"line":90,"column":2}},"40":{"start":{"line":76,"column":74},"end":{"line":90,"column":2}},"41":{"start":{"line":77,"column":15},"end":{"line":77,"column":25}},"42":{"start":{"line":79,"column":2},"end":{"line":89,"column":null}},"43":{"start":{"line":80,"column":19},"end":{"line":80,"column":39}},"44":{"start":{"line":81,"column":4},"end":{"line":85,"column":null}},"45":{"start":{"line":82,"column":6},"end":{"line":82,"column":67}},"46":{"start":{"line":84,"column":6},"end":{"line":84,"column":56}},"47":{"start":{"line":87,"column":4},"end":{"line":87,"column":62}},"48":{"start":{"line":88,"column":4},"end":{"line":88,"column":79}},"49":{"start":{"line":76,"column":13},"end":{"line":76,"column":36}}},"fnMap":{"0":{"name":"(anonymous_7)","decl":{"start":{"line":7,"column":19},"end":{"line":7,"column":20}},"loc":{"start":{"line":7,"column":37},"end":{"line":19,"column":2}}},"1":{"name":"(anonymous_8)","decl":{"start":{"line":22,"column":33},"end":{"line":22,"column":40}},"loc":{"start":{"line":22,"column":71},"end":{"line":41,"column":2}}},"2":{"name":"(anonymous_9)","decl":{"start":{"line":22,"column":71},"end":{"line":22,"column":null}},"loc":{"start":{"line":22,"column":71},"end":{"line":41,"column":1}}},"3":{"name":"(anonymous_10)","decl":{"start":{"line":44,"column":37},"end":{"line":44,"column":44}},"loc":{"start":{"line":44,"column":75},"end":{"line":55,"column":2}}},"4":{"name":"(anonymous_11)","decl":{"start":{"line":44,"column":75},"end":{"line":44,"column":null}},"loc":{"start":{"line":44,"column":75},"end":{"line":55,"column":1}}},"5":{"name":"(anonymous_12)","decl":{"start":{"line":58,"column":34},"end":{"line":58,"column":41}},"loc":{"start":{"line":58,"column":72},"end":{"line":73,"column":2}}},"6":{"name":"(anonymous_13)","decl":{"start":{"line":58,"column":72},"end":{"line":58,"column":null}},"loc":{"start":{"line":58,"column":72},"end":{"line":73,"column":1}}},"7":{"name":"(anonymous_14)","decl":{"start":{"line":76,"column":36},"end":{"line":76,"column":43}},"loc":{"start":{"line":76,"column":74},"end":{"line":90,"column":2}}},"8":{"name":"(anonymous_15)","decl":{"start":{"line":76,"column":74},"end":{"line":76,"column":null}},"loc":{"start":{"line":76,"column":74},"end":{"line":90,"column":1}}}},"branchMap":{"0":{"loc":{"start":{"line":28,"column":2},"end":{"line":32,"column":null}},"type":"if","locations":[{"start":{"line":28,"column":2},"end":{"line":32,"column":null}}]},"1":{"loc":{"start":{"line":38,"column":42},"end":{"line":38,"column":60}},"type":"binary-expr","locations":[{"start":{"line":38,"column":42},"end":{"line":38,"column":53}},{"start":{"line":38,"column":57},"end":{"line":38,"column":60}}]},"2":{"loc":{"start":{"line":39,"column":40},"end":{"line":39,"column":76}},"type":"binary-expr","locations":[{"start":{"line":39,"column":40},"end":{"line":39,"column":51}},{"start":{"line":39,"column":55},"end":{"line":39,"column":76}}]},"3":{"loc":{"start":{"line":52,"column":45},"end":{"line":52,"column":63}},"type":"binary-expr","locations":[{"start":{"line":52,"column":45},"end":{"line":52,"column":56}},{"start":{"line":52,"column":60},"end":{"line":52,"column":63}}]},"4":{"loc":{"start":{"line":53,"column":40},"end":{"line":53,"column":79}},"type":"binary-expr","locations":[{"start":{"line":53,"column":40},"end":{"line":53,"column":51}},{"start":{"line":53,"column":55},"end":{"line":53,"column":79}}]},"5":{"loc":{"start":{"line":64,"column":4},"end":{"line":68,"column":null}},"type":"if","locations":[{"start":{"line":64,"column":4},"end":{"line":68,"column":null}},{"start":{"line":66,"column":11},"end":{"line":68,"column":null}}]},"6":{"loc":{"start":{"line":70,"column":42},"end":{"line":70,"column":60}},"type":"binary-expr","locations":[{"start":{"line":70,"column":42},"end":{"line":70,"column":53}},{"start":{"line":70,"column":57},"end":{"line":70,"column":60}}]},"7":{"loc":{"start":{"line":71,"column":40},"end":{"line":71,"column":76}},"type":"binary-expr","locations":[{"start":{"line":71,"column":40},"end":{"line":71,"column":51}},{"start":{"line":71,"column":55},"end":{"line":71,"column":76}}]},"8":{"loc":{"start":{"line":81,"column":4},"end":{"line":85,"column":null}},"type":"if","locations":[{"start":{"line":81,"column":4},"end":{"line":85,"column":null}},{"start":{"line":83,"column":11},"end":{"line":85,"column":null}}]},"9":{"loc":{"start":{"line":87,"column":42},"end":{"line":87,"column":60}},"type":"binary-expr","locations":[{"start":{"line":87,"column":42},"end":{"line":87,"column":53}},{"start":{"line":87,"column":57},"end":{"line":87,"column":60}}]},"10":{"loc":{"start":{"line":88,"column":40},"end":{"line":88,"column":76}},"type":"binary-expr","locations":[{"start":{"line":88,"column":40},"end":{"line":88,"column":51}},{"start":{"line":88,"column":55},"end":{"line":88,"column":76}}]}},"s":{"0":2,"1":2,"2":2,"3":7,"4":2,"5":4,"6":4,"7":4,"8":4,"9":4,"10":1,"11":3,"12":3,"13":2,"14":1,"15":1,"16":2,"17":2,"18":3,"19":3,"20":3,"21":3,"22":3,"23":2,"24":1,"25":1,"26":2,"27":2,"28":4,"29":4,"30":4,"31":4,"32":4,"33":3,"34":2,"35":1,"36":1,"37":1,"38":2,"39":2,"40":5,"41":5,"42":5,"43":5,"44":4,"45":2,"46":2,"47":1,"48":1,"49":2},"f":{"0":7,"1":4,"2":4,"3":3,"4":3,"5":4,"6":4,"7":5,"8":5},"b":{"0":[1],"1":[1,0],"2":[1,0],"3":[1,0],"4":[1,0],"5":[2,1],"6":[1,0],"7":[1,0],"8":[2,2],"9":[1,0],"10":[1,0]}}
,"/Users/sumitsaharawat/Desktop/Comp4350-Team3/server/src/controller/indexController.ts": {"path":"/Users/sumitsaharawat/Desktop/Comp4350-Team3/server/src/controller/indexController.ts","statementMap":{"0":{"start":{"line":3,"column":22},"end":{"line":5,"column":1}},"1":{"start":{"line":4,"column":2},"end":{"line":4,"column":37}},"2":{"start":{"line":3,"column":13},"end":{"line":3,"column":22}},"3":{"start":{"line":7,"column":23},"end":{"line":9,"column":1}},"4":{"start":{"line":8,"column":2},"end":{"line":8,"column":37}},"5":{"start":{"line":7,"column":13},"end":{"line":7,"column":23}}},"fnMap":{"0":{"name":"(anonymous_0)","decl":{"start":{"line":3,"column":22},"end":{"line":3,"column":23}},"loc":{"start":{"line":3,"column":54},"end":{"line":5,"column":1}}},"1":{"name":"(anonymous_1)","decl":{"start":{"line":7,"column":23},"end":{"line":7,"column":24}},"loc":{"start":{"line":7,"column":55},"end":{"line":9,"column":1}}}},"branchMap":{},"s":{"0":1,"1":1,"2":1,"3":1,"4":1,"5":1},"f":{"0":1,"1":1},"b":{}}
,"/Users/sumitsaharawat/Desktop/Comp4350-Team3/server/src/controller/loginController.ts": {"path":"/Users/sumitsaharawat/Desktop/Comp4350-Team3/server/src/controller/loginController.ts","statementMap":{"0":{"start":{"line":6,"column":0},"end":{"line":6,"column":36}},"1":{"start":{"line":7,"column":0},"end":{"line":7,"column":28}},"2":{"start":{"line":8,"column":0},"end":{"line":8,"column":72}},"3":{"start":{"line":15,"column":13},"end":{"line":15,"column":92}},"4":{"start":{"line":17,"column":13},"end":{"line":17,"column":47}},"5":{"start":{"line":20,"column":31},"end":{"line":51,"column":2}},"6":{"start":{"line":20,"column":75},"end":{"line":51,"column":2}},"7":{"start":{"line":21,"column":31},"end":{"line":21,"column":39}},"8":{"start":{"line":22,"column":2},"end":{"line":50,"column":null}},"9":{"start":{"line":23,"column":18},"end":{"line":23,"column":52}},"10":{"start":{"line":24,"column":4},"end":{"line":28,"column":null}},"11":{"start":{"line":25,"column":31},"end":{"line":25,"column":58}},"12":{"start":{"line":26,"column":6},"end":{"line":26,"column":25}},"13":{"start":{"line":27,"column":6},"end":{"line":27,"column":25}},"14":{"start":{"line":31,"column":22},"end":{"line":31,"column":30}},"15":{"start":{"line":34,"column":4},"end":{"line":45,"column":null}},"16":{"start":{"line":35,"column":20},"end":{"line":35,"column":113}},"17":{"start":{"line":36,"column":6},"end":{"line":40,"column":104}},"18":{"start":{"line":42,"column":30},"end":{"line":42,"column":62}},"19":{"start":{"line":43,"column":6},"end":{"line":43,"column":25}},"20":{"start":{"line":44,"column":6},"end":{"line":44,"column":25}},"21":{"start":{"line":47,"column":4},"end":{"line":47,"column":59}},"22":{"start":{"line":48,"column":4},"end":{"line":48,"column":76}},"23":{"start":{"line":20,"column":13},"end":{"line":20,"column":31}},"24":{"start":{"line":54,"column":39},"end":{"line":71,"column":2}},"25":{"start":{"line":54,"column":77},"end":{"line":71,"column":2}},"26":{"start":{"line":55,"column":40},"end":{"line":55,"column":48}},"27":{"start":{"line":56,"column":2},"end":{"line":70,"column":null}},"28":{"start":{"line":57,"column":25},"end":{"line":57,"column":59}},"29":{"start":{"line":59,"column":4},"end":{"line":65,"column":null}},"30":{"start":{"line":60,"column":6},"end":{"line":60,"column":66}},"31":{"start":{"line":63,"column":6},"end":{"line":63,"column":70}},"32":{"start":{"line":64,"column":6},"end":{"line":64,"column":71}},"33":{"start":{"line":67,"column":4},"end":{"line":67,"column":65}},"34":{"start":{"line":68,"column":4},"end":{"line":68,"column":82}},"35":{"start":{"line":54,"column":13},"end":{"line":54,"column":39}},"36":{"start":{"line":74,"column":39},"end":{"line":92,"column":2}},"37":{"start":{"line":74,"column":83},"end":{"line":92,"column":2}},"38":{"start":{"line":75,"column":34},"end":{"line":75,"column":42}},"39":{"start":{"line":76,"column":2},"end":{"line":91,"column":null}},"40":{"start":{"line":77,"column":18},"end":{"line":77,"column":52}},"41":{"start":{"line":79,"column":4},"end":{"line":87,"column":null}},"42":{"start":{"line":80,"column":19},"end":{"line":80,"column":27}},"43":{"start":{"line":81,"column":6},"end":{"line":81,"column":74}},"44":{"start":{"line":82,"column":6},"end":{"line":82,"column":72}},"45":{"start":{"line":84,"column":30},"end":{"line":84,"column":58}},"46":{"start":{"line":85,"column":6},"end":{"line":85,"column":25}},"47":{"start":{"line":86,"column":6},"end":{"line":86,"column":18}},"48":{"start":{"line":89,"column":4},"end":{"line":89,"column":67}},"49":{"start":{"line":90,"column":4},"end":{"line":90,"column":84}},"50":{"start":{"line":74,"column":13},"end":{"line":74,"column":39}},"51":{"start":{"line":95,"column":32},"end":{"line":98,"column":1}},"52":{"start":{"line":96,"column":2},"end":{"line":96,"column":80}},"53":{"start":{"line":97,"column":2},"end":{"line":97,"column":61}},"54":{"start":{"line":95,"column":13},"end":{"line":95,"column":32}}},"fnMap":{"0":{"name":"(anonymous_8)","decl":{"start":{"line":20,"column":31},"end":{"line":20,"column":38}},"loc":{"start":{"line":20,"column":75},"end":{"line":51,"column":2}}},"1":{"name":"(anonymous_9)","decl":{"start":{"line":20,"column":75},"end":{"line":20,"column":null}},"loc":{"start":{"line":20,"column":75},"end":{"line":51,"column":1}}},"2":{"name":"(anonymous_10)","decl":{"start":{"line":54,"column":39},"end":{"line":54,"column":46}},"loc":{"start":{"line":54,"column":77},"end":{"line":71,"column":2}}},"3":{"name":"(anonymous_11)","decl":{"start":{"line":54,"column":77},"end":{"line":54,"column":null}},"loc":{"start":{"line":54,"column":77},"end":{"line":71,"column":1}}},"4":{"name":"(anonymous_12)","decl":{"start":{"line":74,"column":39},"end":{"line":74,"column":46}},"loc":{"start":{"line":74,"column":83},"end":{"line":92,"column":2}}},"5":{"name":"(anonymous_13)","decl":{"start":{"line":74,"column":83},"end":{"line":74,"column":null}},"loc":{"start":{"line":74,"column":83},"end":{"line":92,"column":1}}},"6":{"name":"(anonymous_14)","decl":{"start":{"line":95,"column":32},"end":{"line":95,"column":33}},"loc":{"start":{"line":95,"column":45},"end":{"line":98,"column":1}}}},"branchMap":{"0":{"loc":{"start":{"line":24,"column":4},"end":{"line":28,"column":null}},"type":"if","locations":[{"start":{"line":24,"column":4},"end":{"line":28,"column":null}}]},"1":{"loc":{"start":{"line":34,"column":4},"end":{"line":45,"column":null}},"type":"if","locations":[{"start":{"line":34,"column":4},"end":{"line":45,"column":null}},{"start":{"line":41,"column":11},"end":{"line":45,"column":null}}]},"2":{"loc":{"start":{"line":47,"column":39},"end":{"line":47,"column":57}},"type":"binary-expr","locations":[{"start":{"line":47,"column":39},"end":{"line":47,"column":50}},{"start":{"line":47,"column":54},"end":{"line":47,"column":57}}]},"3":{"loc":{"start":{"line":48,"column":40},"end":{"line":48,"column":73}},"type":"binary-expr","locations":[{"start":{"line":48,"column":40},"end":{"line":48,"column":51}},{"start":{"line":48,"column":55},"end":{"line":48,"column":73}}]},"4":{"loc":{"start":{"line":59,"column":4},"end":{"line":65,"column":null}},"type":"if","locations":[{"start":{"line":59,"column":4},"end":{"line":65,"column":null}},{"start":{"line":61,"column":11},"end":{"line":65,"column":null}}]},"5":{"loc":{"start":{"line":67,"column":45},"end":{"line":67,"column":63}},"type":"binary-expr","locations":[{"start":{"line":67,"column":45},"end":{"line":67,"column":56}},{"start":{"line":67,"column":60},"end":{"line":67,"column":63}}]},"6":{"loc":{"start":{"line":68,"column":40},"end":{"line":68,"column":79}},"type":"binary-expr","locations":[{"start":{"line":68,"column":40},"end":{"line":68,"column":51}},{"start":{"line":68,"column":55},"end":{"line":68,"column":79}}]},"7":{"loc":{"start":{"line":79,"column":4},"end":{"line":87,"column":null}},"type":"if","locations":[{"start":{"line":79,"column":4},"end":{"line":87,"column":null}},{"start":{"line":83,"column":11},"end":{"line":87,"column":null}}]},"8":{"loc":{"start":{"line":89,"column":47},"end":{"line":89,"column":65}},"type":"binary-expr","locations":[{"start":{"line":89,"column":47},"end":{"line":89,"column":58}},{"start":{"line":89,"column":62},"end":{"line":89,"column":65}}]},"9":{"loc":{"start":{"line":90,"column":40},"end":{"line":90,"column":81}},"type":"binary-expr","locations":[{"start":{"line":90,"column":40},"end":{"line":90,"column":51}},{"start":{"line":90,"column":55},"end":{"line":90,"column":81}}]}},"s":{"0":2,"1":2,"2":2,"3":2,"4":2,"5":2,"6":4,"7":4,"8":4,"9":4,"10":3,"11":1,"12":1,"13":1,"14":2,"15":2,"16":1,"17":1,"18":1,"19":1,"20":1,"21":1,"22":1,"23":2,"24":2,"25":5,"26":5,"27":5,"28":5,"29":5,"30":2,"31":3,"32":2,"33":1,"34":1,"35":2,"36":2,"37":4,"38":4,"39":4,"40":4,"41":4,"42":3,"43":3,"44":2,"45":1,"46":1,"47":1,"48":1,"49":1,"50":2,"51":2,"52":2,"53":2,"54":2},"f":{"0":4,"1":4,"2":5,"3":5,"4":4,"5":4,"6":2},"b":{"0":[1],"1":[1,1],"2":[1,0],"3":[1,0],"4":[2,3],"5":[1,0],"6":[1,0],"7":[3,1],"8":[1,0],"9":[1,0]}}
,"/Users/sumitsaharawat/Desktop/Comp4350-Team3/server/src/controller/reminderController.ts": {"path":"/Users/sumitsaharawat/Desktop/Comp4350-Team3/server/src/controller/reminderController.ts","statementMap":{"0":{"start":{"line":2,"column":0},"end":{"line":2,"column":97}},"1":{"start":{"line":6,"column":23},"end":{"line":12,"column":2}},"2":{"start":{"line":6,"column":49},"end":{"line":12,"column":2}},"3":{"start":{"line":15,"column":37},"end":{"line":25,"column":2}},"4":{"start":{"line":15,"column":75},"end":{"line":25,"column":2}},"5":{"start":{"line":16,"column":37},"end":{"line":16,"column":45}},"6":{"start":{"line":18,"column":2},"end":{"line":24,"column":null}},"7":{"start":{"line":19,"column":21},"end":{"line":19,"column":64}},"8":{"start":{"line":20,"column":4},"end":{"line":20,"column":103}},"9":{"start":{"line":22,"column":4},"end":{"line":22,"column":66}},"10":{"start":{"line":23,"column":4},"end":{"line":23,"column":83}},"11":{"start":{"line":15,"column":13},"end":{"line":15,"column":37}},"12":{"start":{"line":28,"column":41},"end":{"line":38,"column":2}},"13":{"start":{"line":28,"column":79},"end":{"line":38,"column":2}},"14":{"start":{"line":29,"column":19},"end":{"line":29,"column":29}},"15":{"start":{"line":31,"column":2},"end":{"line":37,"column":null}},"16":{"start":{"line":32,"column":22},"end":{"line":32,"column":51}},"17":{"start":{"line":33,"column":4},"end":{"line":33,"column":56}},"18":{"start":{"line":35,"column":4},"end":{"line":35,"column":69}},"19":{"start":{"line":36,"column":4},"end":{"line":36,"column":86}},"20":{"start":{"line":28,"column":13},"end":{"line":28,"column":41}},"21":{"start":{"line":41,"column":38},"end":{"line":56,"column":2}},"22":{"start":{"line":41,"column":76},"end":{"line":56,"column":2}},"23":{"start":{"line":42,"column":15},"end":{"line":42,"column":25}},"24":{"start":{"line":43,"column":37},"end":{"line":43,"column":45}},"25":{"start":{"line":45,"column":2},"end":{"line":55,"column":null}},"26":{"start":{"line":46,"column":28},"end":{"line":46,"column":76}},"27":{"start":{"line":47,"column":4},"end":{"line":51,"column":null}},"28":{"start":{"line":48,"column":6},"end":{"line":48,"column":114}},"29":{"start":{"line":50,"column":6},"end":{"line":50,"column":60}},"30":{"start":{"line":53,"column":4},"end":{"line":53,"column":66}},"31":{"start":{"line":54,"column":4},"end":{"line":54,"column":83}},"32":{"start":{"line":41,"column":13},"end":{"line":41,"column":38}},"33":{"start":{"line":59,"column":40},"end":{"line":73,"column":2}},"34":{"start":{"line":59,"column":78},"end":{"line":73,"column":2}},"35":{"start":{"line":60,"column":15},"end":{"line":60,"column":25}},"36":{"start":{"line":62,"column":2},"end":{"line":72,"column":null}},"37":{"start":{"line":63,"column":19},"end":{"line":63,"column":43}},"38":{"start":{"line":64,"column":4},"end":{"line":68,"column":null}},"39":{"start":{"line":65,"column":6},"end":{"line":65,"column":71}},"40":{"start":{"line":67,"column":6},"end":{"line":67,"column":60}},"41":{"start":{"line":70,"column":4},"end":{"line":70,"column":66}},"42":{"start":{"line":71,"column":4},"end":{"line":71,"column":83}},"43":{"start":{"line":59,"column":13},"end":{"line":59,"column":40}}},"fnMap":{"0":{"name":"(anonymous_7)","decl":{"start":{"line":6,"column":23},"end":{"line":6,"column":24}},"loc":{"start":{"line":6,"column":49},"end":{"line":12,"column":2}}},"1":{"name":"(anonymous_8)","decl":{"start":{"line":15,"column":37},"end":{"line":15,"column":44}},"loc":{"start":{"line":15,"column":75},"end":{"line":25,"column":2}}},"2":{"name":"(anonymous_9)","decl":{"start":{"line":15,"column":75},"end":{"line":15,"column":null}},"loc":{"start":{"line":15,"column":75},"end":{"line":25,"column":1}}},"3":{"name":"(anonymous_10)","decl":{"start":{"line":28,"column":41},"end":{"line":28,"column":48}},"loc":{"start":{"line":28,"column":79},"end":{"line":38,"column":2}}},"4":{"name":"(anonymous_11)","decl":{"start":{"line":28,"column":79},"end":{"line":28,"column":null}},"loc":{"start":{"line":28,"column":79},"end":{"line":38,"column":1}}},"5":{"name":"(anonymous_12)","decl":{"start":{"line":41,"column":38},"end":{"line":41,"column":45}},"loc":{"start":{"line":41,"column":76},"end":{"line":56,"column":2}}},"6":{"name":"(anonymous_13)","decl":{"start":{"line":41,"column":76},"end":{"line":41,"column":null}},"loc":{"start":{"line":41,"column":76},"end":{"line":56,"column":1}}},"7":{"name":"(anonymous_14)","decl":{"start":{"line":59,"column":40},"end":{"line":59,"column":47}},"loc":{"start":{"line":59,"column":78},"end":{"line":73,"column":2}}},"8":{"name":"(anonymous_15)","decl":{"start":{"line":59,"column":78},"end":{"line":59,"column":null}},"loc":{"start":{"line":59,"column":78},"end":{"line":73,"column":1}}}},"branchMap":{"0":{"loc":{"start":{"line":22,"column":46},"end":{"line":22,"column":64}},"type":"binary-expr","locations":[{"start":{"line":22,"column":46},"end":{"line":22,"column":57}},{"start":{"line":22,"column":61},"end":{"line":22,"column":64}}]},"1":{"loc":{"start":{"line":23,"column":40},"end":{"line":23,"column":80}},"type":"binary-expr","locations":[{"start":{"line":23,"column":40},"end":{"line":23,"column":51}},{"start":{"line":23,"column":55},"end":{"line":23,"column":80}}]},"2":{"loc":{"start":{"line":35,"column":49},"end":{"line":35,"column":67}},"type":"binary-expr","locations":[{"start":{"line":35,"column":49},"end":{"line":35,"column":60}},{"start":{"line":35,"column":64},"end":{"line":35,"column":67}}]},"3":{"loc":{"start":{"line":36,"column":40},"end":{"line":36,"column":83}},"type":"binary-expr","locations":[{"start":{"line":36,"column":40},"end":{"line":36,"column":51}},{"start":{"line":36,"column":55},"end":{"line":36,"column":83}}]},"4":{"loc":{"start":{"line":47,"column":4},"end":{"line":51,"column":null}},"type":"if","locations":[{"start":{"line":47,"column":4},"end":{"line":51,"column":null}},{"start":{"line":49,"column":11},"end":{"line":51,"column":null}}]},"5":{"loc":{"start":{"line":53,"column":46},"end":{"line":53,"column":64}},"type":"binary-expr","locations":[{"start":{"line":53,"column":46},"end":{"line":53,"column":57}},{"start":{"line":53,"column":61},"end":{"line":53,"column":64}}]},"6":{"loc":{"start":{"line":54,"column":40},"end":{"line":54,"column":80}},"type":"binary-expr","locations":[{"start":{"line":54,"column":40},"end":{"line":54,"column":51}},{"start":{"line":54,"column":55},"end":{"line":54,"column":80}}]},"7":{"loc":{"start":{"line":64,"column":4},"end":{"line":68,"column":null}},"type":"if","locations":[{"start":{"line":64,"column":4},"end":{"line":68,"column":null}},{"start":{"line":66,"column":11},"end":{"line":68,"column":null}}]},"8":{"loc":{"start":{"line":70,"column":46},"end":{"line":70,"column":64}},"type":"binary-expr","locations":[{"start":{"line":70,"column":46},"end":{"line":70,"column":57}},{"start":{"line":70,"column":61},"end":{"line":70,"column":64}}]},"9":{"loc":{"start":{"line":71,"column":40},"end":{"line":71,"column":80}},"type":"binary-expr","locations":[{"start":{"line":71,"column":40},"end":{"line":71,"column":51}},{"start":{"line":71,"column":55},"end":{"line":71,"column":80}}]}},"s":{"0":2,"1":2,"2":7,"3":2,"4":3,"5":3,"6":3,"7":3,"8":2,"9":1,"10":1,"11":2,"12":2,"13":3,"14":3,"15":3,"16":3,"17":2,"18":1,"19":1,"20":2,"21":2,"22":4,"23":4,"24":4,"25":4,"26":4,"27":3,"28":2,"29":1,"30":1,"31":1,"32":2,"33":2,"34":4,"35":4,"36":4,"37":4,"38":3,"39":2,"40":1,"41":1,"42":1,"43":2},"f":{"0":7,"1":3,"2":3,"3":3,"4":3,"5":4,"6":4,"7":4,"8":4},"b":{"0":[1,0],"1":[1,0],"2":[1,0],"3":[1,0],"4":[2,1],"5":[1,0],"6":[1,0],"7":[2,1],"8":[1,0],"9":[1,0]}}
,"/Users/sumitsaharawat/Desktop/Comp4350-Team3/server/src/controller/tagController.ts": {"path":"/Users/sumitsaharawat/Desktop/Comp4350-Team3/server/src/controller/tagController.ts","statementMap":{"0":{"start":{"line":3,"column":0},"end":{"line":3,"column":72}},"1":{"start":{"line":4,"column":0},"end":{"line":4,"column":40}},"2":{"start":{"line":7,"column":18},"end":{"line":12,"column":2}},"3":{"start":{"line":7,"column":34},"end":{"line":12,"column":2}},"4":{"start":{"line":15,"column":32},"end":{"line":28,"column":2}},"5":{"start":{"line":15,"column":70},"end":{"line":28,"column":2}},"6":{"start":{"line":16,"column":41},"end":{"line":16,"column":49}},"7":{"start":{"line":17,"column":2},"end":{"line":27,"column":null}},"8":{"start":{"line":18,"column":16},"end":{"line":18,"column":58}},"9":{"start":{"line":19,"column":25},"end":{"line":19,"column":39}},"10":{"start":{"line":21,"column":4},"end":{"line":21,"column":47}},"11":{"start":{"line":23,"column":4},"end":{"line":23,"column":83}},"12":{"start":{"line":25,"column":4},"end":{"line":25,"column":61}},"13":{"start":{"line":26,"column":4},"end":{"line":26,"column":78}},"14":{"start":{"line":15,"column":13},"end":{"line":15,"column":32}},"15":{"start":{"line":31,"column":36},"end":{"line":43,"column":2}},"16":{"start":{"line":31,"column":74},"end":{"line":43,"column":2}},"17":{"start":{"line":32,"column":19},"end":{"line":32,"column":29}},"18":{"start":{"line":34,"column":2},"end":{"line":42,"column":null}},"19":{"start":{"line":35,"column":17},"end":{"line":35,"column":41}},"20":{"start":{"line":36,"column":26},"end":{"line":36,"column":45}},"21":{"start":{"line":38,"column":4},"end":{"line":38,"column":40}},"22":{"start":{"line":40,"column":4},"end":{"line":40,"column":64}},"23":{"start":{"line":41,"column":4},"end":{"line":41,"column":81}},"24":{"start":{"line":31,"column":13},"end":{"line":31,"column":36}},"25":{"start":{"line":46,"column":33},"end":{"line":63,"column":2}},"26":{"start":{"line":46,"column":71},"end":{"line":63,"column":2}},"27":{"start":{"line":47,"column":15},"end":{"line":47,"column":25}},"28":{"start":{"line":48,"column":33},"end":{"line":48,"column":41}},"29":{"start":{"line":50,"column":2},"end":{"line":62,"column":null}},"30":{"start":{"line":51,"column":23},"end":{"line":51,"column":62}},"31":{"start":{"line":52,"column":4},"end":{"line":58,"column":null}},"32":{"start":{"line":53,"column":27},"end":{"line":53,"column":48}},"33":{"start":{"line":54,"column":6},"end":{"line":54,"column":49}},"34":{"start":{"line":55,"column":6},"end":{"line":55,"column":85}},"35":{"start":{"line":57,"column":6},"end":{"line":57,"column":55}},"36":{"start":{"line":60,"column":4},"end":{"line":60,"column":61}},"37":{"start":{"line":61,"column":4},"end":{"line":61,"column":78}},"38":{"start":{"line":46,"column":13},"end":{"line":46,"column":33}},"39":{"start":{"line":66,"column":35},"end":{"line":79,"column":2}},"40":{"start":{"line":66,"column":73},"end":{"line":79,"column":2}},"41":{"start":{"line":67,"column":15},"end":{"line":67,"column":25}},"42":{"start":{"line":68,"column":2},"end":{"line":78,"column":null}},"43":{"start":{"line":69,"column":19},"end":{"line":69,"column":38}},"44":{"start":{"line":70,"column":4},"end":{"line":74,"column":null}},"45":{"start":{"line":71,"column":6},"end":{"line":71,"column":66}},"46":{"start":{"line":73,"column":6},"end":{"line":73,"column":55}},"47":{"start":{"line":76,"column":4},"end":{"line":76,"column":61}},"48":{"start":{"line":77,"column":4},"end":{"line":77,"column":78}},"49":{"start":{"line":66,"column":13},"end":{"line":66,"column":35}}},"fnMap":{"0":{"name":"(anonymous_7)","decl":{"start":{"line":7,"column":18},"end":{"line":7,"column":19}},"loc":{"start":{"line":7,"column":34},"end":{"line":12,"column":2}}},"1":{"name":"(anonymous_8)","decl":{"start":{"line":15,"column":32},"end":{"line":15,"column":39}},"loc":{"start":{"line":15,"column":70},"end":{"line":28,"column":2}}},"2":{"name":"(anonymous_9)","decl":{"start":{"line":15,"column":70},"end":{"line":15,"column":null}},"loc":{"start":{"line":15,"column":70},"end":{"line":28,"column":1}}},"3":{"name":"(anonymous_10)","decl":{"start":{"line":31,"column":36},"end":{"line":31,"column":43}},"loc":{"start":{"line":31,"column":74},"end":{"line":43,"column":2}}},"4":{"name":"(anonymous_11)","decl":{"start":{"line":31,"column":74},"end":{"line":31,"column":null}},"loc":{"start":{"line":31,"column":74},"end":{"line":43,"column":1}}},"5":{"name":"(anonymous_12)","decl":{"start":{"line":46,"column":33},"end":{"line":46,"column":40}},"loc":{"start":{"line":46,"column":71},"end":{"line":63,"column":2}}},"6":{"name":"(anonymous_13)","decl":{"start":{"line":46,"column":71},"end":{"line":46,"column":null}},"loc":{"start":{"line":46,"column":71},"end":{"line":63,"column":1}}},"7":{"name":"(anonymous_14)","decl":{"start":{"line":66,"column":35},"end":{"line":66,"column":42}},"loc":{"start":{"line":66,"column":73},"end":{"line":79,"column":2}}},"8":{"name":"(anonymous_15)","decl":{"start":{"line":66,"column":73},"end":{"line":66,"column":null}},"loc":{"start":{"line":66,"column":73},"end":{"line":79,"column":1}}}},"branchMap":{"0":{"loc":{"start":{"line":11,"column":11},"end":{"line":11,"column":28}},"type":"binary-expr","locations":[{"start":{"line":11,"column":11},"end":{"line":11,"column":22}},{"start":{"line":11,"column":26},"end":{"line":11,"column":28}}]},"1":{"loc":{"start":{"line":25,"column":41},"end":{"line":25,"column":59}},"type":"binary-expr","locations":[{"start":{"line":25,"column":41},"end":{"line":25,"column":52}},{"start":{"line":25,"column":56},"end":{"line":25,"column":59}}]},"2":{"loc":{"start":{"line":26,"column":40},"end":{"line":26,"column":75}},"type":"binary-expr","locations":[{"start":{"line":26,"column":40},"end":{"line":26,"column":51}},{"start":{"line":26,"column":55},"end":{"line":26,"column":75}}]},"3":{"loc":{"start":{"line":40,"column":44},"end":{"line":40,"column":62}},"type":"binary-expr","locations":[{"start":{"line":40,"column":44},"end":{"line":40,"column":55}},{"start":{"line":40,"column":59},"end":{"line":40,"column":62}}]},"4":{"loc":{"start":{"line":41,"column":40},"end":{"line":41,"column":78}},"type":"binary-expr","locations":[{"start":{"line":41,"column":40},"end":{"line":41,"column":51}},{"start":{"line":41,"column":55},"end":{"line":41,"column":78}}]},"5":{"loc":{"start":{"line":52,"column":4},"end":{"line":58,"column":null}},"type":"if","locations":[{"start":{"line":52,"column":4},"end":{"line":58,"column":null}},{"start":{"line":56,"column":11},"end":{"line":58,"column":null}}]},"6":{"loc":{"start":{"line":60,"column":41},"end":{"line":60,"column":59}},"type":"binary-expr","locations":[{"start":{"line":60,"column":41},"end":{"line":60,"column":52}},{"start":{"line":60,"column":56},"end":{"line":60,"column":59}}]},"7":{"loc":{"start":{"line":61,"column":40},"end":{"line":61,"column":75}},"type":"binary-expr","locations":[{"start":{"line":61,"column":40},"end":{"line":61,"column":51}},{"start":{"line":61,"column":55},"end":{"line":61,"column":75}}]},"8":{"loc":{"start":{"line":70,"column":4},"end":{"line":74,"column":null}},"type":"if","locations":[{"start":{"line":70,"column":4},"end":{"line":74,"column":null}},{"start":{"line":72,"column":11},"end":{"line":74,"column":null}}]},"9":{"loc":{"start":{"line":76,"column":41},"end":{"line":76,"column":59}},"type":"binary-expr","locations":[{"start":{"line":76,"column":41},"end":{"line":76,"column":52}},{"start":{"line":76,"column":56},"end":{"line":76,"column":59}}]},"10":{"loc":{"start":{"line":77,"column":40},"end":{"line":77,"column":75}},"type":"binary-expr","locations":[{"start":{"line":77,"column":40},"end":{"line":77,"column":51}},{"start":{"line":77,"column":55},"end":{"line":77,"column":75}}]}},"s":{"0":2,"1":2,"2":2,"3":8,"4":2,"5":3,"6":3,"7":3,"8":3,"9":2,"10":2,"11":2,"12":1,"13":1,"14":2,"15":2,"16":3,"17":3,"18":3,"19":3,"20":2,"21":2,"22":1,"23":1,"24":2,"25":2,"26":5,"27":5,"28":5,"29":5,"30":5,"31":4,"32":2,"33":2,"34":2,"35":2,"36":1,"37":1,"38":2,"39":2,"40":5,"41":5,"42":5,"43":5,"44":4,"45":2,"46":2,"47":1,"48":1,"49":2},"f":{"0":8,"1":3,"2":3,"3":3,"4":3,"5":5,"6":5,"7":5,"8":5},"b":{"0":[8,8],"1":[1,0],"2":[1,0],"3":[1,0],"4":[1,0],"5":[2,2],"6":[1,0],"7":[1,0],"8":[2,2],"9":[1,0],"10":[1,0]}}
,"/Users/sumitsaharawat/Desktop/Comp4350-Team3/server/src/controller/transactionController.ts": {"path":"/Users/sumitsaharawat/Desktop/Comp4350-Team3/server/src/controller/transactionController.ts","statementMap":{"0":{"start":{"line":3,"column":0},"end":{"line":3,"column":112}},"1":{"start":{"line":4,"column":0},"end":{"line":4,"column":40}},"2":{"start":{"line":7,"column":26},"end":{"line":26,"column":3}},"3":{"start":{"line":7,"column":57},"end":{"line":26,"column":3}},"4":{"start":{"line":19,"column":40},"end":{"line":23,"column":4}},"5":{"start":{"line":29,"column":40},"end":{"line":39,"column":2}},"6":{"start":{"line":29,"column":78},"end":{"line":39,"column":2}},"7":{"start":{"line":30,"column":60},"end":{"line":30,"column":68}},"8":{"start":{"line":32,"column":2},"end":{"line":38,"column":null}},"9":{"start":{"line":33,"column":24},"end":{"line":33,"column":94}},"10":{"start":{"line":34,"column":4},"end":{"line":34,"column":115}},"11":{"start":{"line":36,"column":4},"end":{"line":36,"column":69}},"12":{"start":{"line":37,"column":4},"end":{"line":37,"column":86}},"13":{"start":{"line":29,"column":13},"end":{"line":29,"column":40}},"14":{"start":{"line":42,"column":43},"end":{"line":53,"column":2}},"15":{"start":{"line":42,"column":81},"end":{"line":53,"column":2}},"16":{"start":{"line":43,"column":19},"end":{"line":43,"column":29}},"17":{"start":{"line":44,"column":2},"end":{"line":44,"column":58}},"18":{"start":{"line":46,"column":2},"end":{"line":52,"column":null}},"19":{"start":{"line":47,"column":25},"end":{"line":47,"column":57}},"20":{"start":{"line":48,"column":4},"end":{"line":48,"column":62}},"21":{"start":{"line":50,"column":4},"end":{"line":50,"column":71}},"22":{"start":{"line":51,"column":4},"end":{"line":51,"column":88}},"23":{"start":{"line":42,"column":13},"end":{"line":42,"column":43}},"24":{"start":{"line":56,"column":41},"end":{"line":71,"column":2}},"25":{"start":{"line":56,"column":79},"end":{"line":71,"column":2}},"26":{"start":{"line":57,"column":15},"end":{"line":57,"column":25}},"27":{"start":{"line":58,"column":53},"end":{"line":58,"column":61}},"28":{"start":{"line":60,"column":2},"end":{"line":70,"column":null}},"29":{"start":{"line":61,"column":31},"end":{"line":61,"column":98}},"30":{"start":{"line":62,"column":4},"end":{"line":66,"column":null}},"31":{"start":{"line":63,"column":6},"end":{"line":63,"column":126}},"32":{"start":{"line":65,"column":6},"end":{"line":65,"column":63}},"33":{"start":{"line":68,"column":4},"end":{"line":68,"column":69}},"34":{"start":{"line":69,"column":4},"end":{"line":69,"column":86}},"35":{"start":{"line":56,"column":13},"end":{"line":56,"column":41}},"36":{"start":{"line":74,"column":43},"end":{"line":87,"column":2}},"37":{"start":{"line":74,"column":81},"end":{"line":87,"column":2}},"38":{"start":{"line":75,"column":15},"end":{"line":75,"column":25}},"39":{"start":{"line":76,"column":2},"end":{"line":86,"column":null}},"40":{"start":{"line":77,"column":19},"end":{"line":77,"column":46}},"41":{"start":{"line":78,"column":4},"end":{"line":82,"column":null}},"42":{"start":{"line":79,"column":6},"end":{"line":79,"column":74}},"43":{"start":{"line":81,"column":6},"end":{"line":81,"column":63}},"44":{"start":{"line":84,"column":4},"end":{"line":84,"column":69}},"45":{"start":{"line":85,"column":4},"end":{"line":85,"column":86}},"46":{"start":{"line":74,"column":13},"end":{"line":74,"column":43}}},"fnMap":{"0":{"name":"(anonymous_7)","decl":{"start":{"line":7,"column":26},"end":{"line":7,"column":27}},"loc":{"start":{"line":7,"column":56},"end":{"line":26,"column":3}}},"1":{"name":"(anonymous_8)","decl":{"start":{"line":19,"column":30},"end":{"line":19,"column":31}},"loc":{"start":{"line":19,"column":40},"end":{"line":23,"column":4}}},"2":{"name":"(anonymous_9)","decl":{"start":{"line":29,"column":40},"end":{"line":29,"column":47}},"loc":{"start":{"line":29,"column":78},"end":{"line":39,"column":2}}},"3":{"name":"(anonymous_10)","decl":{"start":{"line":29,"column":78},"end":{"line":29,"column":null}},"loc":{"start":{"line":29,"column":78},"end":{"line":39,"column":1}}},"4":{"name":"(anonymous_11)","decl":{"start":{"line":42,"column":43},"end":{"line":42,"column":50}},"loc":{"start":{"line":42,"column":81},"end":{"line":53,"column":2}}},"5":{"name":"(anonymous_12)","decl":{"start":{"line":42,"column":81},"end":{"line":42,"column":null}},"loc":{"start":{"line":42,"column":81},"end":{"line":53,"column":1}}},"6":{"name":"(anonymous_13)","decl":{"start":{"line":56,"column":41},"end":{"line":56,"column":48}},"loc":{"start":{"line":56,"column":79},"end":{"line":71,"column":2}}},"7":{"name":"(anonymous_14)","decl":{"start":{"line":56,"column":79},"end":{"line":56,"column":null}},"loc":{"start":{"line":56,"column":79},"end":{"line":71,"column":1}}},"8":{"name":"(anonymous_15)","decl":{"start":{"line":74,"column":43},"end":{"line":74,"column":50}},"loc":{"start":{"line":74,"column":81},"end":{"line":87,"column":2}}},"9":{"name":"(anonymous_16)","decl":{"start":{"line":74,"column":81},"end":{"line":74,"column":null}},"loc":{"start":{"line":74,"column":81},"end":{"line":87,"column":1}}}},"branchMap":{"0":{"loc":{"start":{"line":19,"column":8},"end":{"line":23,"column":11}},"type":"binary-expr","locations":[{"start":{"line":19,"column":8},"end":{"line":23,"column":5}},{"start":{"line":23,"column":9},"end":{"line":23,"column":11}}]},"1":{"loc":{"start":{"line":19,"column":8},"end":{"line":23,"column":5}},"type":"cond-expr","locations":[{"start":{"line":19,"column":24},"end":{"line":19,"column":26}},{"start":{"line":19,"column":24},"end":{"line":23,"column":5}}]},"2":{"loc":{"start":{"line":19,"column":8},"end":{"line":19,"column":26}},"type":"binary-expr","locations":[{"start":{"line":19,"column":8},"end":{"line":19,"column":26}},{"start":{"line":19,"column":24},"end":{"line":19,"column":26}}]},"3":{"loc":{"start":{"line":36,"column":49},"end":{"line":36,"column":67}},"type":"binary-expr","locations":[{"start":{"line":36,"column":49},"end":{"line":36,"column":60}},{"start":{"line":36,"column":64},"end":{"line":36,"column":67}}]},"4":{"loc":{"start":{"line":37,"column":40},"end":{"line":37,"column":83}},"type":"binary-expr","locations":[{"start":{"line":37,"column":40},"end":{"line":37,"column":51}},{"start":{"line":37,"column":55},"end":{"line":37,"column":83}}]},"5":{"loc":{"start":{"line":50,"column":51},"end":{"line":50,"column":69}},"type":"binary-expr","locations":[{"start":{"line":50,"column":51},"end":{"line":50,"column":62}},{"start":{"line":50,"column":66},"end":{"line":50,"column":69}}]},"6":{"loc":{"start":{"line":51,"column":40},"end":{"line":51,"column":85}},"type":"binary-expr","locations":[{"start":{"line":51,"column":40},"end":{"line":51,"column":51}},{"start":{"line":51,"column":55},"end":{"line":51,"column":85}}]},"7":{"loc":{"start":{"line":62,"column":4},"end":{"line":66,"column":null}},"type":"if","locations":[{"start":{"line":62,"column":4},"end":{"line":66,"column":null}},{"start":{"line":64,"column":11},"end":{"line":66,"column":null}}]},"8":{"loc":{"start":{"line":68,"column":49},"end":{"line":68,"column":67}},"type":"binary-expr","locations":[{"start":{"line":68,"column":49},"end":{"line":68,"column":60}},{"start":{"line":68,"column":64},"end":{"line":68,"column":67}}]},"9":{"loc":{"start":{"line":69,"column":40},"end":{"line":69,"column":83}},"type":"binary-expr","locations":[{"start":{"line":69,"column":40},"end":{"line":69,"column":51}},{"start":{"line":69,"column":55},"end":{"line":69,"column":83}}]},"10":{"loc":{"start":{"line":78,"column":4},"end":{"line":82,"column":null}},"type":"if","locations":[{"start":{"line":78,"column":4},"end":{"line":82,"column":null}},{"start":{"line":80,"column":11},"end":{"line":82,"column":null}}]},"11":{"loc":{"start":{"line":84,"column":49},"end":{"line":84,"column":67}},"type":"binary-expr","locations":[{"start":{"line":84,"column":49},"end":{"line":84,"column":60}},{"start":{"line":84,"column":64},"end":{"line":84,"column":67}}]},"12":{"loc":{"start":{"line":85,"column":40},"end":{"line":85,"column":83}},"type":"binary-expr","locations":[{"start":{"line":85,"column":40},"end":{"line":85,"column":51}},{"start":{"line":85,"column":55},"end":{"line":85,"column":83}}]}},"s":{"0":2,"1":2,"2":2,"3":7,"4":7,"5":2,"6":3,"7":3,"8":3,"9":3,"10":2,"11":1,"12":1,"13":2,"14":2,"15":3,"16":3,"17":3,"18":3,"19":3,"20":2,"21":1,"22":1,"23":2,"24":2,"25":5,"26":5,"27":5,"28":5,"29":5,"30":4,"31":2,"32":2,"33":1,"34":1,"35":2,"36":2,"37":5,"38":5,"39":5,"40":5,"41":4,"42":2,"43":2,"44":1,"45":1,"46":2},"f":{"0":7,"1":7,"2":3,"3":3,"4":3,"5":3,"6":5,"7":5,"8":5,"9":5},"b":{"0":[7,0],"1":[0,7],"2":[7,7],"3":[1,0],"4":[1,0],"5":[1,0],"6":[1,0],"7":[2,2],"8":[1,0],"9":[1,0],"10":[2,2],"11":[1,0],"12":[1,0]}}
,"/Users/sumitsaharawat/Desktop/Comp4350-Team3/server/src/controller/userController.ts": {"path":"/Users/sumitsaharawat/Desktop/Comp4350-Team3/server/src/controller/userController.ts","statementMap":{"0":{"start":{"line":3,"column":0},"end":{"line":3,"column":null}},"1":{"start":{"line":9,"column":0},"end":{"line":9,"column":40}},"2":{"start":{"line":12,"column":19},"end":{"line":16,"column":2}},"3":{"start":{"line":12,"column":37},"end":{"line":16,"column":2}},"4":{"start":{"line":19,"column":33},"end":{"line":33,"column":2}},"5":{"start":{"line":19,"column":71},"end":{"line":33,"column":2}},"6":{"start":{"line":20,"column":40},"end":{"line":20,"column":48}},"7":{"start":{"line":21,"column":2},"end":{"line":32,"column":null}},"8":{"start":{"line":22,"column":17},"end":{"line":22,"column":59}},"9":{"start":{"line":23,"column":4},"end":{"line":26,"column":7}},"10":{"start":{"line":28,"column":4},"end":{"line":28,"column":62}},"11":{"start":{"line":29,"column":4},"end":{"line":31,"column":59}},"12":{"start":{"line":19,"column":13},"end":{"line":19,"column":33}},"13":{"start":{"line":36,"column":39},"end":{"line":53,"column":2}},"14":{"start":{"line":36,"column":77},"end":{"line":53,"column":2}},"15":{"start":{"line":37,"column":2},"end":{"line":52,"column":null}},"16":{"start":{"line":38,"column":23},"end":{"line":38,"column":33}},"17":{"start":{"line":39,"column":4},"end":{"line":39,"column":40}},"18":{"start":{"line":40,"column":18},"end":{"line":40,"column":52}},"19":{"start":{"line":42,"column":4},"end":{"line":46,"column":null}},"20":{"start":{"line":43,"column":6},"end":{"line":43,"column":56}},"21":{"start":{"line":45,"column":6},"end":{"line":45,"column":53}},"22":{"start":{"line":48,"column":4},"end":{"line":48,"column":64}},"23":{"start":{"line":49,"column":4},"end":{"line":51,"column":61}},"24":{"start":{"line":36,"column":13},"end":{"line":36,"column":39}},"25":{"start":{"line":56,"column":34},"end":{"line":76,"column":2}},"26":{"start":{"line":56,"column":72},"end":{"line":76,"column":2}},"27":{"start":{"line":57,"column":15},"end":{"line":57,"column":25}},"28":{"start":{"line":58,"column":40},"end":{"line":58,"column":48}},"29":{"start":{"line":60,"column":2},"end":{"line":75,"column":null}},"30":{"start":{"line":61,"column":24},"end":{"line":61,"column":71}},"31":{"start":{"line":62,"column":4},"end":{"line":69,"column":null}},"32":{"start":{"line":63,"column":6},"end":{"line":66,"column":9}},"33":{"start":{"line":68,"column":6},"end":{"line":68,"column":56}},"34":{"start":{"line":71,"column":4},"end":{"line":71,"column":62}},"35":{"start":{"line":72,"column":4},"end":{"line":74,"column":59}},"36":{"start":{"line":56,"column":13},"end":{"line":56,"column":34}},"37":{"start":{"line":79,"column":36},"end":{"line":94,"column":2}},"38":{"start":{"line":79,"column":74},"end":{"line":94,"column":2}},"39":{"start":{"line":80,"column":15},"end":{"line":80,"column":25}},"40":{"start":{"line":81,"column":2},"end":{"line":93,"column":null}},"41":{"start":{"line":82,"column":19},"end":{"line":82,"column":39}},"42":{"start":{"line":83,"column":4},"end":{"line":87,"column":null}},"43":{"start":{"line":84,"column":6},"end":{"line":84,"column":67}},"44":{"start":{"line":86,"column":6},"end":{"line":86,"column":56}},"45":{"start":{"line":89,"column":4},"end":{"line":89,"column":62}},"46":{"start":{"line":90,"column":4},"end":{"line":92,"column":59}},"47":{"start":{"line":79,"column":13},"end":{"line":79,"column":36}}},"fnMap":{"0":{"name":"(anonymous_7)","decl":{"start":{"line":12,"column":19},"end":{"line":12,"column":20}},"loc":{"start":{"line":12,"column":37},"end":{"line":16,"column":2}}},"1":{"name":"(anonymous_8)","decl":{"start":{"line":19,"column":33},"end":{"line":19,"column":40}},"loc":{"start":{"line":19,"column":71},"end":{"line":33,"column":2}}},"2":{"name":"(anonymous_9)","decl":{"start":{"line":19,"column":71},"end":{"line":19,"column":null}},"loc":{"start":{"line":19,"column":71},"end":{"line":33,"column":1}}},"3":{"name":"(anonymous_10)","decl":{"start":{"line":36,"column":39},"end":{"line":36,"column":46}},"loc":{"start":{"line":36,"column":77},"end":{"line":53,"column":2}}},"4":{"name":"(anonymous_11)","decl":{"start":{"line":36,"column":77},"end":{"line":36,"column":null}},"loc":{"start":{"line":36,"column":77},"end":{"line":53,"column":1}}},"5":{"name":"(anonymous_12)","decl":{"start":{"line":56,"column":34},"end":{"line":56,"column":41}},"loc":{"start":{"line":56,"column":72},"end":{"line":76,"column":2}}},"6":{"name":"(anonymous_13)","decl":{"start":{"line":56,"column":72},"end":{"line":56,"column":null}},"loc":{"start":{"line":56,"column":72},"end":{"line":76,"column":1}}},"7":{"name":"(anonymous_14)","decl":{"start":{"line":79,"column":36},"end":{"line":79,"column":43}},"loc":{"start":{"line":79,"column":74},"end":{"line":94,"column":2}}},"8":{"name":"(anonymous_15)","decl":{"start":{"line":79,"column":74},"end":{"line":79,"column":null}},"loc":{"start":{"line":79,"column":74},"end":{"line":94,"column":1}}}},"branchMap":{"0":{"loc":{"start":{"line":28,"column":42},"end":{"line":28,"column":60}},"type":"binary-expr","locations":[{"start":{"line":28,"column":42},"end":{"line":28,"column":53}},{"start":{"line":28,"column":57},"end":{"line":28,"column":60}}]},"1":{"loc":{"start":{"line":31,"column":20},"end":{"line":31,"column":56}},"type":"binary-expr","locations":[{"start":{"line":31,"column":20},"end":{"line":31,"column":31}},{"start":{"line":31,"column":35},"end":{"line":31,"column":56}}]},"2":{"loc":{"start":{"line":42,"column":4},"end":{"line":46,"column":null}},"type":"if","locations":[{"start":{"line":42,"column":4},"end":{"line":46,"column":null}},{"start":{"line":44,"column":11},"end":{"line":46,"column":null}}]},"3":{"loc":{"start":{"line":48,"column":44},"end":{"line":48,"column":62}},"type":"binary-expr","locations":[{"start":{"line":48,"column":44},"end":{"line":48,"column":55}},{"start":{"line":48,"column":59},"end":{"line":48,"column":62}}]},"4":{"loc":{"start":{"line":51,"column":20},"end":{"line":51,"column":58}},"type":"binary-expr","locations":[{"start":{"line":51,"column":20},"end":{"line":51,"column":31}},{"start":{"line":51,"column":35},"end":{"line":51,"column":58}}]},"5":{"loc":{"start":{"line":62,"column":4},"end":{"line":69,"column":null}},"type":"if","locations":[{"start":{"line":62,"column":4},"end":{"line":69,"column":null}},{"start":{"line":67,"column":11},"end":{"line":69,"column":null}}]},"6":{"loc":{"start":{"line":71,"column":42},"end":{"line":71,"column":60}},"type":"binary-expr","locations":[{"start":{"line":71,"column":42},"end":{"line":71,"column":53}},{"start":{"line":71,"column":57},"end":{"line":71,"column":60}}]},"7":{"loc":{"start":{"line":74,"column":20},"end":{"line":74,"column":56}},"type":"binary-expr","locations":[{"start":{"line":74,"column":20},"end":{"line":74,"column":31}},{"start":{"line":74,"column":35},"end":{"line":74,"column":56}}]},"8":{"loc":{"start":{"line":83,"column":4},"end":{"line":87,"column":null}},"type":"if","locations":[{"start":{"line":83,"column":4},"end":{"line":87,"column":null}},{"start":{"line":85,"column":11},"end":{"line":87,"column":null}}]},"9":{"loc":{"start":{"line":89,"column":42},"end":{"line":89,"column":60}},"type":"binary-expr","locations":[{"start":{"line":89,"column":42},"end":{"line":89,"column":53}},{"start":{"line":89,"column":57},"end":{"line":89,"column":60}}]},"10":{"loc":{"start":{"line":92,"column":20},"end":{"line":92,"column":56}},"type":"binary-expr","locations":[{"start":{"line":92,"column":20},"end":{"line":92,"column":31}},{"start":{"line":92,"column":35},"end":{"line":92,"column":56}}]}},"s":{"0":1,"1":1,"2":1,"3":3,"4":1,"5":2,"6":2,"7":2,"8":2,"9":1,"10":1,"11":1,"12":1,"13":1,"14":3,"15":3,"16":3,"17":3,"18":3,"19":2,"20":1,"21":1,"22":1,"23":1,"24":1,"25":1,"26":3,"27":3,"28":3,"29":3,"30":3,"31":2,"32":1,"33":1,"34":1,"35":1,"36":1,"37":1,"38":3,"39":3,"40":3,"41":3,"42":2,"43":1,"44":1,"45":1,"46":1,"47":1},"f":{"0":3,"1":2,"2":2,"3":3,"4":3,"5":3,"6":3,"7":3,"8":3},"b":{"0":[1,0],"1":[1,0],"2":[1,1],"3":[1,0],"4":[1,0],"5":[1,1],"6":[1,0],"7":[1,0],"8":[1,1],"9":[1,0],"10":[1,0]}}
,"/Users/sumitsaharawat/Desktop/Comp4350-Team3/server/src/db/dbLog.ts": {"path":"/Users/sumitsaharawat/Desktop/Comp4350-Team3/server/src/db/dbLog.ts","statementMap":{"0":{"start":{"line":1,"column":0},"end":{"line":1,"column":26}},"1":{"start":{"line":2,"column":13},"end":{"line":2,"column":40}}},"fnMap":{},"branchMap":{},"s":{"0":13,"1":13},"f":{},"b":{}}
,"/Users/sumitsaharawat/Desktop/Comp4350-Team3/server/src/db/goalsDB.ts": {"path":"/Users/sumitsaharawat/Desktop/Comp4350-Team3/server/src/db/goalsDB.ts","statementMap":{"0":{"start":{"line":1,"column":0},"end":{"line":1,"column":44}},"1":{"start":{"line":2,"column":15},"end":{"line":2,"column":30}},"2":{"start":{"line":18,"column":19},"end":{"line":57,"column":18}},"3":{"start":{"line":24,"column":33},"end":{"line":24,"column":68}},"4":{"start":{"line":36,"column":34},"end":{"line":36,"column":82}},"5":{"start":{"line":59,"column":13},"end":{"line":59,"column":54}},"6":{"start":{"line":60,"column":0},"end":{"line":60,"column":20}}},"fnMap":{"0":{"name":"(anonymous_1)","decl":{"start":{"line":24,"column":17},"end":{"line":24,"column":18}},"loc":{"start":{"line":24,"column":33},"end":{"line":24,"column":68}}},"1":{"name":"(anonymous_2)","decl":{"start":{"line":36,"column":17},"end":{"line":36,"column":18}},"loc":{"start":{"line":36,"column":34},"end":{"line":36,"column":82}}}},"branchMap":{"0":{"loc":{"start":{"line":36,"column":34},"end":{"line":36,"column":82}},"type":"binary-expr","locations":[{"start":{"line":36,"column":34},"end":{"line":36,"column":55}},{"start":{"line":36,"column":59},"end":{"line":36,"column":82}}]}},"s":{"0":2,"1":2,"2":2,"3":25,"4":23,"5":2,"6":2},"f":{"0":25,"1":23},"b":{"0":[23,23]}}
,"/Users/sumitsaharawat/Desktop/Comp4350-Team3/server/src/db/goalsService.ts": {"path":"/Users/sumitsaharawat/Desktop/Comp4350-Team3/server/src/db/goalsService.ts","statementMap":{"0":{"start":{"line":1,"column":0},"end":{"line":1,"column":38}},"1":{"start":{"line":2,"column":0},"end":{"line":2,"column":28}},"2":{"start":{"line":3,"column":0},"end":{"line":3,"column":32}},"3":{"start":{"line":4,"column":0},"end":{"line":4,"column":30}},"4":{"start":{"line":7,"column":23},"end":{"line":42,"column":2}},"5":{"start":{"line":7,"column":134},"end":{"line":42,"column":2}},"6":{"start":{"line":8,"column":2},"end":{"line":41,"column":null}},"7":{"start":{"line":10,"column":23},"end":{"line":10,"column":50}},"8":{"start":{"line":11,"column":4},"end":{"line":13,"column":null}},"9":{"start":{"line":12,"column":6},"end":{"line":12,"column":45}},"10":{"start":{"line":16,"column":4},"end":{"line":21,"column":null}},"11":{"start":{"line":17,"column":30},"end":{"line":17,"column":79}},"12":{"start":{"line":18,"column":6},"end":{"line":20,"column":null}},"13":{"start":{"line":19,"column":8},"end":{"line":19,"column":91}},"14":{"start":{"line":24,"column":20},"end":{"line":31,"column":6}},"15":{"start":{"line":33,"column":4},"end":{"line":33,"column":25}},"16":{"start":{"line":34,"column":4},"end":{"line":34,"column":19}},"17":{"start":{"line":36,"column":4},"end":{"line":38,"column":null}},"18":{"start":{"line":37,"column":6},"end":{"line":37,"column":141}},"19":{"start":{"line":37,"column":81},"end":{"line":37,"column":125}},"20":{"start":{"line":39,"column":4},"end":{"line":39,"column":45}},"21":{"start":{"line":40,"column":4},"end":{"line":40,"column":14}},"22":{"start":{"line":7,"column":13},"end":{"line":7,"column":23}},"23":{"start":{"line":45,"column":27},"end":{"line":58,"column":2}},"24":{"start":{"line":45,"column":70},"end":{"line":58,"column":2}},"25":{"start":{"line":46,"column":2},"end":{"line":57,"column":null}},"26":{"start":{"line":48,"column":4},"end":{"line":50,"column":null}},"27":{"start":{"line":49,"column":6},"end":{"line":49,"column":48}},"28":{"start":{"line":52,"column":18},"end":{"line":52,"column":66}},"29":{"start":{"line":53,"column":4},"end":{"line":53,"column":17}},"30":{"start":{"line":55,"column":4},"end":{"line":55,"column":50}},"31":{"start":{"line":56,"column":4},"end":{"line":56,"column":14}},"32":{"start":{"line":45,"column":13},"end":{"line":45,"column":27}},"33":{"start":{"line":61,"column":24},"end":{"line":103,"column":2}},"34":{"start":{"line":61,"column":159},"end":{"line":103,"column":2}},"35":{"start":{"line":62,"column":2},"end":{"line":102,"column":null}},"36":{"start":{"line":64,"column":4},"end":{"line":66,"column":null}},"37":{"start":{"line":65,"column":6},"end":{"line":65,"column":48}},"38":{"start":{"line":69,"column":24},"end":{"line":69,"column":47}},"39":{"start":{"line":70,"column":4},"end":{"line":73,"column":null}},"40":{"start":{"line":71,"column":6},"end":{"line":71,"column":48}},"41":{"start":{"line":72,"column":6},"end":{"line":72,"column":18}},"42":{"start":{"line":76,"column":26},"end":{"line":76,"column":69}},"43":{"start":{"line":77,"column":26},"end":{"line":77,"column":69}},"44":{"start":{"line":78,"column":4},"end":{"line":80,"column":null}},"45":{"start":{"line":79,"column":6},"end":{"line":79,"column":30}},"46":{"start":{"line":83,"column":4},"end":{"line":83,"column":48}},"47":{"start":{"line":83,"column":14},"end":{"line":83,"column":48}},"48":{"start":{"line":84,"column":4},"end":{"line":84,"column":38}},"49":{"start":{"line":84,"column":14},"end":{"line":84,"column":38}},"50":{"start":{"line":85,"column":4},"end":{"line":85,"column":56}},"51":{"start":{"line":85,"column":20},"end":{"line":85,"column":56}},"52":{"start":{"line":86,"column":4},"end":{"line":86,"column":56}},"53":{"start":{"line":86,"column":20},"end":{"line":86,"column":56}},"54":{"start":{"line":89,"column":4},"end":{"line":95,"column":null}},"55":{"start":{"line":90,"column":30},"end":{"line":90,"column":79}},"56":{"start":{"line":91,"column":6},"end":{"line":93,"column":null}},"57":{"start":{"line":92,"column":8},"end":{"line":92,"column":91}},"58":{"start":{"line":94,"column":6},"end":{"line":94,"column":38}},"59":{"start":{"line":97,"column":4},"end":{"line":97,"column":29}},"60":{"start":{"line":98,"column":4},"end":{"line":98,"column":23}},"61":{"start":{"line":100,"column":4},"end":{"line":100,"column":47}},"62":{"start":{"line":101,"column":4},"end":{"line":101,"column":14}},"63":{"start":{"line":61,"column":13},"end":{"line":61,"column":24}},"64":{"start":{"line":106,"column":26},"end":{"line":124,"column":2}},"65":{"start":{"line":106,"column":47},"end":{"line":124,"column":2}},"66":{"start":{"line":107,"column":2},"end":{"line":123,"column":null}},"67":{"start":{"line":109,"column":4},"end":{"line":111,"column":null}},"68":{"start":{"line":110,"column":6},"end":{"line":110,"column":48}},"69":{"start":{"line":113,"column":19},"end":{"line":113,"column":50}},"70":{"start":{"line":114,"column":4},"end":{"line":118,"column":null}},"71":{"start":{"line":115,"column":6},"end":{"line":115,"column":42}},"72":{"start":{"line":117,"column":6},"end":{"line":117,"column":30}},"73":{"start":{"line":119,"column":4},"end":{"line":119,"column":18}},"74":{"start":{"line":121,"column":4},"end":{"line":121,"column":47}},"75":{"start":{"line":122,"column":4},"end":{"line":122,"column":14}},"76":{"start":{"line":106,"column":13},"end":{"line":106,"column":26}}},"fnMap":{"0":{"name":"(anonymous_8)","decl":{"start":{"line":7,"column":23},"end":{"line":7,"column":30}},"loc":{"start":{"line":7,"column":134},"end":{"line":42,"column":2}}},"1":{"name":"(anonymous_9)","decl":{"start":{"line":7,"column":134},"end":{"line":7,"column":null}},"loc":{"start":{"line":7,"column":134},"end":{"line":42,"column":1}}},"2":{"name":"(anonymous_10)","decl":{"start":{"line":37,"column":73},"end":{"line":37,"column":74}},"loc":{"start":{"line":37,"column":81},"end":{"line":37,"column":125}}},"3":{"name":"(anonymous_11)","decl":{"start":{"line":45,"column":27},"end":{"line":45,"column":34}},"loc":{"start":{"line":45,"column":70},"end":{"line":58,"column":2}}},"4":{"name":"(anonymous_12)","decl":{"start":{"line":45,"column":70},"end":{"line":45,"column":null}},"loc":{"start":{"line":45,"column":70},"end":{"line":58,"column":1}}},"5":{"name":"(anonymous_13)","decl":{"start":{"line":61,"column":24},"end":{"line":61,"column":31}},"loc":{"start":{"line":61,"column":159},"end":{"line":103,"column":2}}},"6":{"name":"(anonymous_14)","decl":{"start":{"line":61,"column":159},"end":{"line":61,"column":null}},"loc":{"start":{"line":61,"column":159},"end":{"line":103,"column":1}}},"7":{"name":"(anonymous_15)","decl":{"start":{"line":106,"column":26},"end":{"line":106,"column":33}},"loc":{"start":{"line":106,"column":47},"end":{"line":124,"column":2}}},"8":{"name":"(anonymous_16)","decl":{"start":{"line":106,"column":47},"end":{"line":106,"column":null}},"loc":{"start":{"line":106,"column":47},"end":{"line":124,"column":1}}}},"branchMap":{"0":{"loc":{"start":{"line":11,"column":4},"end":{"line":13,"column":null}},"type":"if","locations":[{"start":{"line":11,"column":4},"end":{"line":13,"column":null}}]},"1":{"loc":{"start":{"line":16,"column":4},"end":{"line":21,"column":null}},"type":"if","locations":[{"start":{"line":16,"column":4},"end":{"line":21,"column":null}}]},"2":{"loc":{"start":{"line":18,"column":6},"end":{"line":20,"column":null}},"type":"if","locations":[{"start":{"line":18,"column":6},"end":{"line":20,"column":null}}]},"3":{"loc":{"start":{"line":36,"column":4},"end":{"line":38,"column":null}},"type":"if","locations":[{"start":{"line":36,"column":4},"end":{"line":38,"column":null}}]},"4":{"loc":{"start":{"line":48,"column":4},"end":{"line":50,"column":null}},"type":"if","locations":[{"start":{"line":48,"column":4},"end":{"line":50,"column":null}}]},"5":{"loc":{"start":{"line":64,"column":4},"end":{"line":66,"column":null}},"type":"if","locations":[{"start":{"line":64,"column":4},"end":{"line":66,"column":null}}]},"6":{"loc":{"start":{"line":70,"column":4},"end":{"line":73,"column":null}},"type":"if","locations":[{"start":{"line":70,"column":4},"end":{"line":73,"column":null}}]},"7":{"loc":{"start":{"line":78,"column":4},"end":{"line":80,"column":null}},"type":"if","locations":[{"start":{"line":78,"column":4},"end":{"line":80,"column":null}}]},"8":{"loc":{"start":{"line":83,"column":4},"end":{"line":83,"column":48}},"type":"if","locations":[{"start":{"line":83,"column":4},"end":{"line":83,"column":48}}]},"9":{"loc":{"start":{"line":84,"column":4},"end":{"line":84,"column":38}},"type":"if","locations":[{"start":{"line":84,"column":4},"end":{"line":84,"column":38}}]},"10":{"loc":{"start":{"line":85,"column":4},"end":{"line":85,"column":56}},"type":"if","locations":[{"start":{"line":85,"column":4},"end":{"line":85,"column":56}}]},"11":{"loc":{"start":{"line":86,"column":4},"end":{"line":86,"column":56}},"type":"if","locations":[{"start":{"line":86,"column":4},"end":{"line":86,"column":56}}]},"12":{"loc":{"start":{"line":89,"column":4},"end":{"line":95,"column":null}},"type":"if","locations":[{"start":{"line":89,"column":4},"end":{"line":95,"column":null}}]},"13":{"loc":{"start":{"line":91,"column":6},"end":{"line":93,"column":null}},"type":"if","locations":[{"start":{"line":91,"column":6},"end":{"line":93,"column":null}}]},"14":{"loc":{"start":{"line":109,"column":4},"end":{"line":111,"column":null}},"type":"if","locations":[{"start":{"line":109,"column":4},"end":{"line":111,"column":null}}]},"15":{"loc":{"start":{"line":114,"column":4},"end":{"line":118,"column":null}},"type":"if","locations":[{"start":{"line":114,"column":4},"end":{"line":118,"column":null}},{"start":{"line":116,"column":11},"end":{"line":118,"column":null}}]}},"s":{"0":2,"1":2,"2":2,"3":2,"4":2,"5":19,"6":19,"7":19,"8":19,"9":1,"10":18,"11":17,"12":17,"13":1,"14":17,"15":17,"16":14,"17":5,"18":3,"19":7,"20":2,"21":2,"22":2,"23":2,"24":4,"25":4,"26":4,"27":1,"28":3,"29":3,"30":1,"31":1,"32":2,"33":2,"34":12,"35":12,"36":12,"37":1,"38":11,"39":11,"40":1,"41":1,"42":10,"43":10,"44":10,"45":2,"46":10,"47":2,"48":10,"49":1,"50":10,"51":3,"52":10,"53":5,"54":10,"55":4,"56":4,"57":2,"58":2,"59":8,"60":8,"61":3,"62":3,"63":2,"64":2,"65":3,"66":3,"67":3,"68":1,"69":2,"70":2,"71":1,"72":1,"73":2,"74":1,"75":1,"76":2},"f":{"0":19,"1":19,"2":7,"3":4,"4":4,"5":12,"6":12,"7":3,"8":3},"b":{"0":[1],"1":[17],"2":[1],"3":[3],"4":[1],"5":[1],"6":[1],"7":[2],"8":[2],"9":[1],"10":[3],"11":[5],"12":[4],"13":[2],"14":[1],"15":[1,1]}}
,"/Users/sumitsaharawat/Desktop/Comp4350-Team3/server/src/db/reminderDB.ts": {"path":"/Users/sumitsaharawat/Desktop/Comp4350-Team3/server/src/db/reminderDB.ts","statementMap":{"0":{"start":{"line":1,"column":0},"end":{"line":1,"column":44}},"1":{"start":{"line":3,"column":15},"end":{"line":3,"column":30}},"2":{"start":{"line":18,"column":23},"end":{"line":50,"column":null}},"3":{"start":{"line":25,"column":35},"end":{"line":25,"column":70}},"4":{"start":{"line":41,"column":36},"end":{"line":41,"column":84}},"5":{"start":{"line":53,"column":17},"end":{"line":53,"column":70}},"6":{"start":{"line":54,"column":0},"end":{"line":54,"column":24}}},"fnMap":{"0":{"name":"(anonymous_1)","decl":{"start":{"line":25,"column":19},"end":{"line":25,"column":20}},"loc":{"start":{"line":25,"column":35},"end":{"line":25,"column":70}}},"1":{"name":"(anonymous_2)","decl":{"start":{"line":41,"column":19},"end":{"line":41,"column":20}},"loc":{"start":{"line":41,"column":36},"end":{"line":41,"column":84}}}},"branchMap":{"0":{"loc":{"start":{"line":41,"column":36},"end":{"line":41,"column":84}},"type":"binary-expr","locations":[{"start":{"line":41,"column":36},"end":{"line":41,"column":57}},{"start":{"line":41,"column":61},"end":{"line":41,"column":84}}]}},"s":{"0":3,"1":3,"2":3,"3":15,"4":14,"5":3,"6":3},"f":{"0":15,"1":14},"b":{"0":[14,14]}}
,"/Users/sumitsaharawat/Desktop/Comp4350-Team3/server/src/db/reminderService.ts": {"path":"/Users/sumitsaharawat/Desktop/Comp4350-Team3/server/src/db/reminderService.ts","statementMap":{"0":{"start":{"line":1,"column":0},"end":{"line":1,"column":49}},"1":{"start":{"line":2,"column":0},"end":{"line":2,"column":28}},"2":{"start":{"line":3,"column":0},"end":{"line":3,"column":32}},"3":{"start":{"line":6,"column":27},"end":{"line":31,"column":2}},"4":{"start":{"line":6,"column":94},"end":{"line":31,"column":2}},"5":{"start":{"line":7,"column":2},"end":{"line":30,"column":null}},"6":{"start":{"line":9,"column":23},"end":{"line":9,"column":50}},"7":{"start":{"line":10,"column":4},"end":{"line":12,"column":null}},"8":{"start":{"line":11,"column":6},"end":{"line":11,"column":45}},"9":{"start":{"line":14,"column":24},"end":{"line":20,"column":6}},"10":{"start":{"line":22,"column":4},"end":{"line":22,"column":29}},"11":{"start":{"line":23,"column":4},"end":{"line":23,"column":23}},"12":{"start":{"line":25,"column":4},"end":{"line":27,"column":null}},"13":{"start":{"line":26,"column":6},"end":{"line":26,"column":141}},"14":{"start":{"line":26,"column":81},"end":{"line":26,"column":125}},"15":{"start":{"line":28,"column":4},"end":{"line":28,"column":49}},"16":{"start":{"line":29,"column":4},"end":{"line":29,"column":14}},"17":{"start":{"line":6,"column":13},"end":{"line":6,"column":27}},"18":{"start":{"line":34,"column":31},"end":{"line":48,"column":2}},"19":{"start":{"line":34,"column":78},"end":{"line":48,"column":2}},"20":{"start":{"line":35,"column":2},"end":{"line":47,"column":null}},"21":{"start":{"line":37,"column":4},"end":{"line":39,"column":null}},"22":{"start":{"line":38,"column":6},"end":{"line":38,"column":48}},"23":{"start":{"line":42,"column":22},"end":{"line":42,"column":78}},"24":{"start":{"line":43,"column":4},"end":{"line":43,"column":21}},"25":{"start":{"line":45,"column":4},"end":{"line":45,"column":54}},"26":{"start":{"line":46,"column":4},"end":{"line":46,"column":14}},"27":{"start":{"line":34,"column":13},"end":{"line":34,"column":31}},"28":{"start":{"line":51,"column":28},"end":{"line":77,"column":2}},"29":{"start":{"line":51,"column":139},"end":{"line":77,"column":2}},"30":{"start":{"line":52,"column":2},"end":{"line":76,"column":null}},"31":{"start":{"line":54,"column":4},"end":{"line":56,"column":null}},"32":{"start":{"line":55,"column":6},"end":{"line":55,"column":52}},"33":{"start":{"line":59,"column":28},"end":{"line":59,"column":55}},"34":{"start":{"line":60,"column":4},"end":{"line":63,"column":null}},"35":{"start":{"line":62,"column":6},"end":{"line":62,"column":18}},"36":{"start":{"line":66,"column":4},"end":{"line":66,"column":42}},"37":{"start":{"line":66,"column":14},"end":{"line":66,"column":42}},"38":{"start":{"line":67,"column":4},"end":{"line":67,"column":42}},"39":{"start":{"line":67,"column":14},"end":{"line":67,"column":42}},"40":{"start":{"line":68,"column":4},"end":{"line":68,"column":52}},"41":{"start":{"line":68,"column":14},"end":{"line":68,"column":52}},"42":{"start":{"line":69,"column":4},"end":{"line":69,"column":71}},"43":{"start":{"line":69,"column":39},"end":{"line":69,"column":71}},"44":{"start":{"line":71,"column":4},"end":{"line":71,"column":33}},"45":{"start":{"line":72,"column":4},"end":{"line":72,"column":27}},"46":{"start":{"line":74,"column":4},"end":{"line":74,"column":51}},"47":{"start":{"line":75,"column":4},"end":{"line":75,"column":14}},"48":{"start":{"line":51,"column":13},"end":{"line":51,"column":28}},"49":{"start":{"line":80,"column":30},"end":{"line":98,"column":2}},"50":{"start":{"line":80,"column":51},"end":{"line":98,"column":2}},"51":{"start":{"line":81,"column":2},"end":{"line":97,"column":null}},"52":{"start":{"line":83,"column":4},"end":{"line":85,"column":null}},"53":{"start":{"line":84,"column":6},"end":{"line":84,"column":52}},"54":{"start":{"line":87,"column":19},"end":{"line":87,"column":54}},"55":{"start":{"line":88,"column":4},"end":{"line":92,"column":null}},"56":{"start":{"line":93,"column":4},"end":{"line":93,"column":18}},"57":{"start":{"line":95,"column":4},"end":{"line":95,"column":51}},"58":{"start":{"line":96,"column":4},"end":{"line":96,"column":14}},"59":{"start":{"line":80,"column":13},"end":{"line":80,"column":30}}},"fnMap":{"0":{"name":"(anonymous_8)","decl":{"start":{"line":6,"column":27},"end":{"line":6,"column":34}},"loc":{"start":{"line":6,"column":94},"end":{"line":31,"column":2}}},"1":{"name":"(anonymous_9)","decl":{"start":{"line":6,"column":94},"end":{"line":6,"column":null}},"loc":{"start":{"line":6,"column":94},"end":{"line":31,"column":1}}},"2":{"name":"(anonymous_10)","decl":{"start":{"line":26,"column":73},"end":{"line":26,"column":74}},"loc":{"start":{"line":26,"column":81},"end":{"line":26,"column":125}}},"3":{"name":"(anonymous_11)","decl":{"start":{"line":34,"column":31},"end":{"line":34,"column":38}},"loc":{"start":{"line":34,"column":78},"end":{"line":48,"column":2}}},"4":{"name":"(anonymous_12)","decl":{"start":{"line":34,"column":78},"end":{"line":34,"column":null}},"loc":{"start":{"line":34,"column":78},"end":{"line":48,"column":1}}},"5":{"name":"(anonymous_13)","decl":{"start":{"line":51,"column":28},"end":{"line":51,"column":35}},"loc":{"start":{"line":51,"column":139},"end":{"line":77,"column":2}}},"6":{"name":"(anonymous_14)","decl":{"start":{"line":51,"column":139},"end":{"line":51,"column":null}},"loc":{"start":{"line":51,"column":139},"end":{"line":77,"column":1}}},"7":{"name":"(anonymous_15)","decl":{"start":{"line":80,"column":30},"end":{"line":80,"column":37}},"loc":{"start":{"line":80,"column":51},"end":{"line":98,"column":2}}},"8":{"name":"(anonymous_16)","decl":{"start":{"line":80,"column":51},"end":{"line":80,"column":null}},"loc":{"start":{"line":80,"column":51},"end":{"line":98,"column":1}}}},"branchMap":{"0":{"loc":{"start":{"line":10,"column":4},"end":{"line":12,"column":null}},"type":"if","locations":[{"start":{"line":10,"column":4},"end":{"line":12,"column":null}}]},"1":{"loc":{"start":{"line":25,"column":4},"end":{"line":27,"column":null}},"type":"if","locations":[{"start":{"line":25,"column":4},"end":{"line":27,"column":null}}]},"2":{"loc":{"start":{"line":37,"column":4},"end":{"line":39,"column":null}},"type":"if","locations":[{"start":{"line":37,"column":4},"end":{"line":39,"column":null}}]},"3":{"loc":{"start":{"line":54,"column":4},"end":{"line":56,"column":null}},"type":"if","locations":[{"start":{"line":54,"column":4},"end":{"line":56,"column":null}}]},"4":{"loc":{"start":{"line":60,"column":4},"end":{"line":63,"column":null}},"type":"if","locations":[{"start":{"line":60,"column":4},"end":{"line":63,"column":null}}]},"5":{"loc":{"start":{"line":66,"column":4},"end":{"line":66,"column":42}},"type":"if","locations":[{"start":{"line":66,"column":4},"end":{"line":66,"column":42}}]},"6":{"loc":{"start":{"line":67,"column":4},"end":{"line":67,"column":42}},"type":"if","locations":[{"start":{"line":67,"column":4},"end":{"line":67,"column":42}}]},"7":{"loc":{"start":{"line":68,"column":4},"end":{"line":68,"column":52}},"type":"if","locations":[{"start":{"line":68,"column":4},"end":{"line":68,"column":52}}]},"8":{"loc":{"start":{"line":69,"column":4},"end":{"line":69,"column":71}},"type":"if","locations":[{"start":{"line":69,"column":4},"end":{"line":69,"column":71}}]},"9":{"loc":{"start":{"line":83,"column":4},"end":{"line":85,"column":null}},"type":"if","locations":[{"start":{"line":83,"column":4},"end":{"line":85,"column":null}}]},"10":{"loc":{"start":{"line":88,"column":4},"end":{"line":92,"column":null}},"type":"if","locations":[{"start":{"line":88,"column":4},"end":{"line":92,"column":null}},{"start":{"line":90,"column":11},"end":{"line":92,"column":null}}]}},"s":{"0":3,"1":3,"2":3,"3":3,"4":13,"5":13,"6":13,"7":13,"8":2,"9":11,"10":11,"11":9,"12":4,"13":1,"14":1,"15":3,"16":3,"17":3,"18":3,"19":3,"20":3,"21":3,"22":1,"23":2,"24":2,"25":1,"26":1,"27":3,"28":3,"29":7,"30":7,"31":7,"32":1,"33":6,"34":6,"35":1,"36":5,"37":2,"38":5,"39":1,"40":5,"41":2,"42":5,"43":1,"44":5,"45":5,"46":1,"47":1,"48":3,"49":3,"50":3,"51":3,"52":3,"53":1,"54":2,"55":2,"56":2,"57":1,"58":1,"59":3},"f":{"0":13,"1":13,"2":1,"3":3,"4":3,"5":7,"6":7,"7":3,"8":3},"b":{"0":[2],"1":[1],"2":[1],"3":[1],"4":[1],"5":[2],"6":[1],"7":[2],"8":[1],"9":[1],"10":[1,1]}}
,"/Users/sumitsaharawat/Desktop/Comp4350-Team3/server/src/db/tagDB.ts": {"path":"/Users/sumitsaharawat/Desktop/Comp4350-Team3/server/src/db/tagDB.ts","statementMap":{"0":{"start":{"line":1,"column":0},"end":{"line":1,"column":44}},"1":{"start":{"line":2,"column":15},"end":{"line":2,"column":30}},"2":{"start":{"line":15,"column":18},"end":{"line":36,"column":15}},"3":{"start":{"line":38,"column":12},"end":{"line":38,"column":50}},"4":{"start":{"line":39,"column":0},"end":{"line":39,"column":19}}},"fnMap":{},"branchMap":{},"s":{"0":6,"1":6,"2":6,"3":6,"4":6},"f":{},"b":{}}
,"/Users/sumitsaharawat/Desktop/Comp4350-Team3/server/src/db/tagService.ts": {"path":"/Users/sumitsaharawat/Desktop/Comp4350-Team3/server/src/db/tagService.ts","statementMap":{"0":{"start":{"line":1,"column":0},"end":{"line":1,"column":32}},"1":{"start":{"line":2,"column":0},"end":{"line":2,"column":34}},"2":{"start":{"line":3,"column":0},"end":{"line":3,"column":30}},"3":{"start":{"line":6,"column":22},"end":{"line":15,"column":2}},"4":{"start":{"line":6,"column":109},"end":{"line":15,"column":2}},"5":{"start":{"line":7,"column":2},"end":{"line":14,"column":null}},"6":{"start":{"line":8,"column":19},"end":{"line":8,"column":64}},"7":{"start":{"line":9,"column":4},"end":{"line":9,"column":24}},"8":{"start":{"line":10,"column":4},"end":{"line":10,"column":18}},"9":{"start":{"line":12,"column":4},"end":{"line":12,"column":44}},"10":{"start":{"line":13,"column":4},"end":{"line":13,"column":14}},"11":{"start":{"line":6,"column":13},"end":{"line":6,"column":22}},"12":{"start":{"line":18,"column":26},"end":{"line":30,"column":2}},"13":{"start":{"line":18,"column":68},"end":{"line":30,"column":2}},"14":{"start":{"line":19,"column":2},"end":{"line":29,"column":null}},"15":{"start":{"line":21,"column":4},"end":{"line":23,"column":null}},"16":{"start":{"line":22,"column":6},"end":{"line":22,"column":48}},"17":{"start":{"line":24,"column":17},"end":{"line":24,"column":64}},"18":{"start":{"line":25,"column":4},"end":{"line":25,"column":16}},"19":{"start":{"line":27,"column":4},"end":{"line":27,"column":49}},"20":{"start":{"line":28,"column":4},"end":{"line":28,"column":14}},"21":{"start":{"line":18,"column":13},"end":{"line":18,"column":26}},"22":{"start":{"line":33,"column":23},"end":{"line":59,"column":2}},"23":{"start":{"line":33,"column":115},"end":{"line":59,"column":2}},"24":{"start":{"line":34,"column":2},"end":{"line":58,"column":null}},"25":{"start":{"line":36,"column":4},"end":{"line":38,"column":null}},"26":{"start":{"line":37,"column":6},"end":{"line":37,"column":47}},"27":{"start":{"line":41,"column":41},"end":{"line":41,"column":43}},"28":{"start":{"line":42,"column":4},"end":{"line":42,"column":40}},"29":{"start":{"line":42,"column":14},"end":{"line":42,"column":40}},"30":{"start":{"line":43,"column":4},"end":{"line":43,"column":43}},"31":{"start":{"line":43,"column":15},"end":{"line":43,"column":43}},"32":{"start":{"line":44,"column":4},"end":{"line":44,"column":63}},"33":{"start":{"line":44,"column":31},"end":{"line":44,"column":63}},"34":{"start":{"line":46,"column":23},"end":{"line":46,"column":82}},"35":{"start":{"line":48,"column":4},"end":{"line":51,"column":null}},"36":{"start":{"line":49,"column":6},"end":{"line":49,"column":47}},"37":{"start":{"line":50,"column":6},"end":{"line":50,"column":18}},"38":{"start":{"line":53,"column":4},"end":{"line":53,"column":57}},"39":{"start":{"line":54,"column":4},"end":{"line":54,"column":22}},"40":{"start":{"line":56,"column":4},"end":{"line":56,"column":46}},"41":{"start":{"line":57,"column":4},"end":{"line":57,"column":14}},"42":{"start":{"line":33,"column":13},"end":{"line":33,"column":23}},"43":{"start":{"line":62,"column":25},"end":{"line":78,"column":2}},"44":{"start":{"line":62,"column":46},"end":{"line":78,"column":2}},"45":{"start":{"line":63,"column":2},"end":{"line":77,"column":null}},"46":{"start":{"line":64,"column":4},"end":{"line":66,"column":null}},"47":{"start":{"line":65,"column":6},"end":{"line":65,"column":40}},"48":{"start":{"line":67,"column":19},"end":{"line":67,"column":49}},"49":{"start":{"line":68,"column":4},"end":{"line":72,"column":null}},"50":{"start":{"line":69,"column":6},"end":{"line":69,"column":47}},"51":{"start":{"line":71,"column":6},"end":{"line":71,"column":43}},"52":{"start":{"line":73,"column":4},"end":{"line":73,"column":18}},"53":{"start":{"line":75,"column":4},"end":{"line":75,"column":46}},"54":{"start":{"line":76,"column":4},"end":{"line":76,"column":14}},"55":{"start":{"line":62,"column":13},"end":{"line":62,"column":25}}},"fnMap":{"0":{"name":"(anonymous_8)","decl":{"start":{"line":6,"column":22},"end":{"line":6,"column":29}},"loc":{"start":{"line":6,"column":109},"end":{"line":15,"column":2}}},"1":{"name":"(anonymous_9)","decl":{"start":{"line":6,"column":109},"end":{"line":6,"column":null}},"loc":{"start":{"line":6,"column":109},"end":{"line":15,"column":1}}},"2":{"name":"(anonymous_10)","decl":{"start":{"line":18,"column":26},"end":{"line":18,"column":33}},"loc":{"start":{"line":18,"column":68},"end":{"line":30,"column":2}}},"3":{"name":"(anonymous_11)","decl":{"start":{"line":18,"column":68},"end":{"line":18,"column":null}},"loc":{"start":{"line":18,"column":68},"end":{"line":30,"column":1}}},"4":{"name":"(anonymous_12)","decl":{"start":{"line":33,"column":23},"end":{"line":33,"column":30}},"loc":{"start":{"line":33,"column":115},"end":{"line":59,"column":2}}},"5":{"name":"(anonymous_13)","decl":{"start":{"line":33,"column":115},"end":{"line":33,"column":null}},"loc":{"start":{"line":33,"column":115},"end":{"line":59,"column":1}}},"6":{"name":"(anonymous_14)","decl":{"start":{"line":62,"column":25},"end":{"line":62,"column":32}},"loc":{"start":{"line":62,"column":46},"end":{"line":78,"column":2}}},"7":{"name":"(anonymous_15)","decl":{"start":{"line":62,"column":46},"end":{"line":62,"column":null}},"loc":{"start":{"line":62,"column":46},"end":{"line":78,"column":1}}}},"branchMap":{"0":{"loc":{"start":{"line":21,"column":4},"end":{"line":23,"column":null}},"type":"if","locations":[{"start":{"line":21,"column":4},"end":{"line":23,"column":null}}]},"1":{"loc":{"start":{"line":36,"column":4},"end":{"line":38,"column":null}},"type":"if","locations":[{"start":{"line":36,"column":4},"end":{"line":38,"column":null}}]},"2":{"loc":{"start":{"line":42,"column":4},"end":{"line":42,"column":40}},"type":"if","locations":[{"start":{"line":42,"column":4},"end":{"line":42,"column":40}}]},"3":{"loc":{"start":{"line":43,"column":4},"end":{"line":43,"column":43}},"type":"if","locations":[{"start":{"line":43,"column":4},"end":{"line":43,"column":43}}]},"4":{"loc":{"start":{"line":44,"column":4},"end":{"line":44,"column":63}},"type":"if","locations":[{"start":{"line":44,"column":4},"end":{"line":44,"column":63}}]},"5":{"loc":{"start":{"line":48,"column":4},"end":{"line":51,"column":null}},"type":"if","locations":[{"start":{"line":48,"column":4},"end":{"line":51,"column":null}}]},"6":{"loc":{"start":{"line":64,"column":4},"end":{"line":66,"column":null}},"type":"if","locations":[{"start":{"line":64,"column":4},"end":{"line":66,"column":null}}]},"7":{"loc":{"start":{"line":68,"column":4},"end":{"line":72,"column":null}},"type":"if","locations":[{"start":{"line":68,"column":4},"end":{"line":72,"column":null}},{"start":{"line":70,"column":11},"end":{"line":72,"column":null}}]}},"s":{"0":3,"1":3,"2":3,"3":3,"4":9,"5":9,"6":9,"7":9,"8":7,"9":2,"10":2,"11":3,"12":3,"13":3,"14":3,"15":3,"16":1,"17":2,"18":2,"19":1,"20":1,"21":3,"22":3,"23":5,"24":5,"25":5,"26":1,"27":4,"
[...]
"end":{"line":225,"column":74}},"loc":{"start":{"line":225,"column":81},"end":{"line":225,"column":125}}}},"branchMap":{"0":{"loc":{"start":{"line":12,"column":4},"end":{"line":14,"column":null}},"type":"if","locations":[{"start":{"line":12,"column":4},"end":{"line":14,"column":null}}]},"1":{"loc":{"start":{"line":17,"column":22},"end":{"line":17,"column":91}},"type":"binary-expr","locations":[{"start":{"line":17,"column":22},"end":{"line":17,"column":85}},{"start":{"line":17,"column":89},"end":{"line":17,"column":91}}]},"2":{"loc":{"start":{"line":17,"column":22},"end":{"line":17,"column":85}},"type":"cond-expr","locations":[{"start":{"line":17,"column":26},"end":{"line":17,"column":28}},{"start":{"line":17,"column":22},"end":{"line":17,"column":85}}]},"3":{"loc":{"start":{"line":17,"column":22},"end":{"line":17,"column":28}},"type":"binary-expr","locations":[{"start":{"line":17,"column":22},"end":{"line":17,"column":28}},{"start":{"line":17,"column":22},"end":{"line":17,"column":28}}]},"4":{"loc":{"start":{"line":19,"column":4},"end":{"line":24,"column":null}},"type":"if","locations":[{"start":{"line":19,"column":4},"end":{"line":24,"column":null}}]},"5":{"loc":{"start":{"line":21,"column":6},"end":{"line":23,"column":null}},"type":"if","locations":[{"start":{"line":21,"column":6},"end":{"line":23,"column":null}}]},"6":{"loc":{"start":{"line":28,"column":4},"end":{"line":30,"column":null}},"type":"if","locations":[{"start":{"line":28,"column":4},"end":{"line":30,"column":null}}]},"7":{"loc":{"start":{"line":37,"column":6},"end":{"line":39,"column":null}},"type":"if","locations":[{"start":{"line":37,"column":6},"end":{"line":39,"column":null}}]},"8":{"loc":{"start":{"line":37,"column":10},"end":{"line":37,"column":66}},"type":"binary-expr","locations":[{"start":{"line":37,"column":10},"end":{"line":37,"column":19}},{"start":{"line":37,"column":23},"end":{"line":37,"column":66}}]},"9":{"loc":{"start":{"line":42,"column":4},"end":{"line":44,"column":null}},"type":"if","locations":[{"start":{"line":42,"column":4},"end":{"line":44,"column":null}}]},"10":{"loc":{"start":{"line":47,"column":4},"end":{"line":54,"column":null}},"type":"if","locations":[{"start":{"line":47,"column":4},"end":{"line":54,"column":null}},{"start":{"line":52,"column":11},"end":{"line":54,"column":null}}]},"11":{"loc":{"start":{"line":48,"column":6},"end":{"line":50,"column":null}},"type":"if","locations":[{"start":{"line":48,"column":6},"end":{"line":50,"column":null}}]},"12":{"loc":{"start":{"line":52,"column":11},"end":{"line":54,"column":null}},"type":"if","locations":[{"start":{"line":52,"column":11},"end":{"line":54,"column":null}}]},"13":{"loc":{"start":{"line":70,"column":4},"end":{"line":72,"column":null}},"type":"if","locations":[{"start":{"line":70,"column":4},"end":{"line":72,"column":null}}]},"14":{"loc":{"start":{"line":82,"column":4},"end":{"line":84,"column":null}},"type":"if","locations":[{"start":{"line":82,"column":4},"end":{"line":84,"column":null}}]},"15":{"loc":{"start":{"line":89,"column":4},"end":{"line":91,"column":null}},"type":"if","locations":[{"start":{"line":89,"column":4},"end":{"line":91,"column":null}}]},"16":{"loc":{"start":{"line":101,"column":4},"end":{"line":103,"column":null}},"type":"if","locations":[{"start":{"line":101,"column":4},"end":{"line":103,"column":null}}]},"17":{"loc":{"start":{"line":107,"column":4},"end":{"line":110,"column":null}},"type":"if","locations":[{"start":{"line":107,"column":4},"end":{"line":110,"column":null}}]},"18":{"loc":{"start":{"line":114,"column":4},"end":{"line":116,"column":null}},"type":"if","locations":[{"start":{"line":114,"column":4},"end":{"line":116,"column":null}}]},"19":{"loc":{"start":{"line":119,"column":4},"end":{"line":123,"column":null}},"type":"if","locations":[{"start":{"line":119,"column":4},"end":{"line":123,"column":null}},{"start":{"line":121,"column":11},"end":{"line":123,"column":null}}]},"20":{"loc":{"start":{"line":121,"column":11},"end":{"line":123,"column":null}},"type":"if","locations":[{"start":{"line":121,"column":11},"end":{"line":123,"column":null}}]},"21":{"loc":{"start":{"line":126,"column":4},"end":{"line":126,"column":55}},"type":"if","locations":[{"start":{"line":126,"column":4},"end":{"line":126,"column":55}}]},"22":{"loc":{"start":{"line":127,"column":4},"end":{"line":127,"column":45}},"type":"if","locations":[{"start":{"line":127,"column":4},"end":{"line":127,"column":45}}]},"23":{"loc":{"start":{"line":128,"column":4},"end":{"line":128,"column":51}},"type":"if","locations":[{"start":{"line":128,"column":4},"end":{"line":128,"column":51}}]},"24":{"loc":{"start":{"line":129,"column":4},"end":{"line":129,"column":57}},"type":"if","locations":[{"start":{"line":129,"column":4},"end":{"line":129,"column":57}}]},"25":{"loc":{"start":{"line":130,"column":4},"end":{"line":136,"column":null}},"type":"if","locations":[{"start":{"line":130,"column":4},"end":{"line":136,"column":null}}]},"26":{"loc":{"start":{"line":132,"column":6},"end":{"line":134,"column":null}},"type":"if","locations":[{"start":{"line":132,"column":6},"end":{"line":134,"column":null}}]},"27":{"loc":{"start":{"line":138,"column":4},"end":{"line":161,"column":null}},"type":"if","locations":[{"start":{"line":138,"column":4},"end":{"line":161,"column":null}}]},"28":{"loc":{"start":{"line":139,"column":6},"end":{"line":160,"column":null}},"type":"if","locations":[{"start":{"line":139,"column":6},"end":{"line":160,"column":null}},{"start":{"line":158,"column":13},"end":{"line":160,"column":null}}]},"29":{"loc":{"start":{"line":148,"column":10},"end":{"line":150,"column":null}},"type":"if","locations":[{"start":{"line":148,"column":10},"end":{"line":150,"column":null}}]},"30":{"loc":{"start":{"line":148,"column":14},"end":{"line":148,"column":70}},"type":"binary-expr","locations":[{"start":{"line":148,"column":14},"end":{"line":148,"column":23}},{"start":{"line":148,"column":27},"end":{"line":148,"column":70}}]},"31":{"loc":{"start":{"line":153,"column":8},"end":{"line":155,"column":null}},"type":"if","locations":[{"start":{"line":153,"column":8},"end":{"line":155,"column":null}}]},"32":{"loc":{"start":{"line":164,"column":4},"end":{"line":171,"column":null}},"type":"if","locations":[{"start":{"line":164,"column":4},"end":{"line":171,"column":null}},{"start":{"line":169,"column":11},"end":{"line":171,"column":null}}]},"33":{"loc":{"start":{"line":165,"column":6},"end":{"line":167,"column":null}},"type":"if","locations":[{"start":{"line":165,"column":6},"end":{"line":167,"column":null}}]},"34":{"loc":{"start":{"line":169,"column":11},"end":{"line":171,"column":null}},"type":"if","locations":[{"start":{"line":169,"column":11},"end":{"line":171,"column":null}}]},"35":{"loc":{"start":{"line":178,"column":4},"end":{"line":182,"column":null}},"type":"if","locations":[{"start":{"line":178,"column":4},"end":{"line":182,"column":null}}]},"36":{"loc":{"start":{"line":192,"column":4},"end":{"line":194,"column":null}},"type":"if","locations":[{"start":{"line":192,"column":4},"end":{"line":194,"column":null}}]},"37":{"loc":{"start":{"line":198,"column":4},"end":{"line":200,"column":null}},"type":"if","locations":[{"start":{"line":198,"column":4},"end":{"line":200,"column":null}}]},"38":{"loc":{"start":{"line":204,"column":4},"end":{"line":206,"column":null}},"type":"if","locations":[{"start":{"line":204,"column":4},"end":{"line":206,"column":null}}]},"39":{"loc":{"start":{"line":208,"column":4},"end":{"line":212,"column":null}},"type":"if","locations":[{"start":{"line":208,"column":4},"end":{"line":212,"column":null}},{"start":{"line":210,"column":11},"end":{"line":212,"column":null}}]},"40":{"loc":{"start":{"line":210,"column":11},"end":{"line":212,"column":null}},"type":"if","locations":[{"start":{"line":210,"column":11},"end":{"line":212,"column":null}}]},"41":{"loc":{"start":{"line":217,"column":4},"end":{"line":221,"column":null}},"type":"if","locations":[{"start":{"line":217,"column":4},"end":{"line":221,"column":null}},{"start":{"line":219,"column":11},"end":{"line":221,"column":null}}]},"42":{"loc":{"start":{"line":224,"column":4},"end":{"line":226,"column":null}},"type":"if","locations":[{"start":{"line":224,"column":4},"end":{"line":226,"column":null}}]}},"s":{"0":3,"1":3,"2":3,"3":3,"4":3,"5":3,"6":20,"7":20,"8":20,"9":20,"10":0,"11":20,"12":19,"13":20,"14":19,"15":19,"16":0,"17":20,"18":20,"19":0,"20":20,"21":20,"22":18,"23":0,"24":20,"25":1,"26":19,"27":17,"28":1,"29":16,"30":2,"31":1,"32":18,"33":18,"34":15,"35":15,"36":5,"37":3,"38":4,"39":2,"40":2,"41":3,"42":3,"43":1,"44":1,"45":1,"46":0,"47":1,"48":1,"49":0,"50":0,"51":0,"52":0,"53":0,"54":3,"55":3,"56":14,"57":14,"58":14,"59":1,"60":13,"61":13,"62":1,"63":1,"64":12,"65":12,"66":1,"67":11,"68":11,"69":0,"70":0,"71":11,"72":11,"73":11,"74":10,"75":11,"76":10,"77":11,"78":11,"79":11,"80":11,"81":11,"82":3,"83":8,"84":8,"85":8,"86":6,"87":6,"88":6,"89":6,"90":6,"91":5,"92":1,"93":5,"94":1,"95":4,"96":2,"97":6,"98":6,"99":0,"100":6,"101":0,"102":0,"103":6,"104":5,"105":5,"106":8,"107":1,"108":1,"109":1,"110":1,"111":7,"112":7,"113":3,"114":3,"115":3,"116":3,"117":3,"118":1,"119":2,"120":2,"121":2,"122":0,"123":0,"124":0,"125":0,"126":0,"127":0,"128":0,"129":0,"130":0,"131":0,"132":0,"133":0,"134":0,"135":3,"136":0,"137":0,"138":3,"139":3,"140":3},"f":{"0":20,"1":20,"2":19,"3":4,"4":1,"5":1,"6":0,"7":14,"8":14,"9":6,"10":6,"11":1,"12":3,"13":3,"14":0},"b":{"0":[0],"1":[20,0],"2":[0,20],"3":[20,20],"4":[19],"5":[0],"6":[0],"7":[0],"8":[18,18],"9":[1],"10":[17,2],"11":[1],"12":[1],"13":[3],"14":[0],"15":[0],"16":[1],"17":[1],"18":[1],"19":[11,0],"20":[0],"21":[11],"22":[10],"23":[10],"24":[11],"25":[11],"26":[3],"27":[8],"28":[6,2],"29":[1],"30":[5,5],"31":[1],"32":[6,0],"33":[0],"34":[0],"35":[1],"36":[1],"37":[2],"38":[0],"39":[0,0],"40":[0],"41":[0,0],"42":[0]}}
,"/Users/sumitsaharawat/Desktop/Comp4350-Team3/server/src/db/userDB.ts": {"path":"/Users/sumitsaharawat/Desktop/Comp4350-Team3/server/src/db/userDB.ts","statementMap":{"0":{"start":{"line":1,"column":0},"end":{"line":1,"column":44}},"1":{"start":{"line":2,"column":15},"end":{"line":2,"column":30}},"2":{"start":{"line":14,"column":19},"end":{"line":28,"column":2}},"3":{"start":{"line":30,"column":13},"end":{"line":30,"column":54}},"4":{"start":{"line":31,"column":0},"end":{"line":31,"column":20}}},"fnMap":{},"branchMap":{},"s":{"0":13,"1":13,"2":13,"3":13,"4":13},"f":{},"b":{}}
,"/Users/sumitsaharawat/Desktop/Comp4350-Team3/server/src/db/userService.ts": {"path":"/Users/sumitsaharawat/Desktop/Comp4350-Team3/server/src/db/userService.ts","statementMap":{"0":{"start":{"line":1,"column":0},"end":{"line":1,"column":37}},"1":{"start":{"line":2,"column":0},"end":{"line":2,"column":32}},"2":{"start":{"line":3,"column":0},"end":{"line":3,"column":30}},"3":{"start":{"line":6,"column":23},"end":{"line":25,"column":2}},"4":{"start":{"line":6,"column":101},"end":{"line":25,"column":2}},"5":{"start":{"line":7,"column":2},"end":{"line":24,"column":null}},"6":{"start":{"line":9,"column":4},"end":{"line":11,"column":null}},"7":{"start":{"line":10,"column":6},"end":{"line":10,"column":59}},"8":{"start":{"line":13,"column":20},"end":{"line":13,"column":59}},"9":{"start":{"line":14,"column":4},"end":{"line":14,"column":25}},"10":{"start":{"line":15,"column":4},"end":{"line":15,"column":19}},"11":{"start":{"line":18,"column":4},"end":{"line":21,"column":null}},"12":{"start":{"line":19,"column":6},"end":{"line":19,"column":56}},"13":{"start":{"line":20,"column":6},"end":{"line":20,"column":49}},"14":{"start":{"line":22,"column":4},"end":{"line":22,"column":45}},"15":{"start":{"line":23,"column":4},"end":{"line":23,"column":14}},"16":{"start":{"line":6,"column":13},"end":{"line":6,"column":23}},"17":{"start":{"line":28,"column":27},"end":{"line":36,"column":2}},"18":{"start":{"line":28,"column":38},"end":{"line":36,"column":2}},"19":{"start":{"line":29,"column":2},"end":{"line":35,"column":null}},"20":{"start":{"line":30,"column":18},"end":{"line":30,"column":37}},"21":{"start":{"line":31,"column":4},"end":{"line":31,"column":17}},"22":{"start":{"line":33,"column":4},"end":{"line":33,"column":50}},"23":{"start":{"line":34,"column":4},"end":{"line":34,"column":14}},"24":{"start":{"line":28,"column":13},"end":{"line":28,"column":27}},"25":{"start":{"line":39,"column":34},"end":{"line":51,"column":2}},"26":{"start":{"line":39,"column":61},"end":{"line":51,"column":2}},"27":{"start":{"line":40,"column":2},"end":{"line":50,"column":null}},"28":{"start":{"line":42,"column":18},"end":{"line":42,"column":45}},"29":{"start":{"line":43,"column":4},"end":{"line":45,"column":null}},"30":{"start":{"line":44,"column":6},"end":{"line":44,"column":55}},"31":{"start":{"line":46,"column":4},"end":{"line":46,"column":17}},"32":{"start":{"line":48,"column":4},"end":{"line":48,"column":50}},"33":{"start":{"line":49,"column":4},"end":{"line":49,"column":14}},"34":{"start":{"line":39,"column":13},"end":{"line":39,"column":34}},"35":{"start":{"line":55,"column":24},"end":{"line":86,"column":2}},"36":{"start":{"line":55,"column":124},"end":{"line":86,"column":2}},"37":{"start":{"line":56,"column":2},"end":{"line":85,"column":null}},"38":{"start":{"line":58,"column":4},"end":{"line":60,"column":null}},"39":{"start":{"line":59,"column":6},"end":{"line":59,"column":48}},"40":{"start":{"line":62,"column":42},"end":{"line":62,"column":44}},"41":{"start":{"line":65,"column":4},"end":{"line":65,"column":52}},"42":{"start":{"line":65,"column":18},"end":{"line":65,"column":52}},"43":{"start":{"line":66,"column":4},"end":{"line":66,"column":52}},"44":{"start":{"line":66,"column":18},"end":{"line":66,"column":52}},"45":{"start":{"line":67,"column":4},"end":{"line":67,"column":49}},"46":{"start":{"line":67,"column":17},"end":{"line":67,"column":49}},"47":{"start":{"line":69,"column":24},"end":{"line":69,"column":84}},"48":{"start":{"line":71,"column":4},"end":{"line":74,"column":null}},"49":{"start":{"line":72,"column":6},"end":{"line":72,"column":48}},"50":{"start":{"line":73,"column":6},"end":{"line":73,"column":18}},"51":{"start":{"line":76,"column":4},"end":{"line":76,"column":23}},"52":{"start":{"line":79,"column":4},"end":{"line":82,"column":null}},"53":{"start":{"line":80,"column":6},"end":{"line":80,"column":56}},"54":{"start":{"line":81,"column":6},"end":{"line":81,"column":49}},"55":{"start":{"line":83,"column":4},"end":{"line":83,"column":47}},"56":{"start":{"line":84,"column":4},"end":{"line":84,"column":14}},"57":{"start":{"line":55,"column":13},"end":{"line":55,"column":24}},"58":{"start":{"line":89,"column":26},"end":{"line":105,"column":2}},"59":{"start":{"line":89,"column":47},"end":{"line":105,"column":2}},"60":{"start":{"line":90,"column":2},"end":{"line":104,"column":null}},"61":{"start":{"line":91,"column":4},"end":{"line":93,"column":null}},"62":{"start":{"line":92,"column":6},"end":{"line":92,"column":41}},"63":{"start":{"line":94,"column":19},"end":{"line":94,"column":50}},"64":{"start":{"line":95,"column":4},"end":{"line":99,"column":null}},"65":{"start":{"line":96,"column":6},"end":{"line":96,"column":48}},"66":{"start":{"line":98,"column":6},"end":{"line":98,"column":37}},"67":{"start":{"line":100,"column":4},"end":{"line":100,"column":18}},"68":{"start":{"line":102,"column":4},"end":{"line":102,"column":47}},"69":{"start":{"line":103,"column":4},"end":{"line":103,"column":14}},"70":{"start":{"line":89,"column":13},"end":{"line":89,"column":26}}},"fnMap":{"0":{"name":"(anonymous_8)","decl":{"start":{"line":6,"column":23},"end":{"line":6,"column":30}},"loc":{"start":{"line":6,"column":101},"end":{"line":25,"column":2}}},"1":{"name":"(anonymous_9)","decl":{"start":{"line":6,"column":101},"end":{"line":6,"column":null}},"loc":{"start":{"line":6,"column":101},"end":{"line":25,"column":1}}},"2":{"name":"(anonymous_10)","decl":{"start":{"line":28,"column":27},"end":{"line":28,"column":36}},"loc":{"start":{"line":28,"column":38},"end":{"line":36,"column":2}}},"3":{"name":"(anonymous_11)","decl":{"start":{"line":28,"column":38},"end":{"line":28,"column":null}},"loc":{"start":{"line":28,"column":38},"end":{"line":36,"column":1}}},"4":{"name":"(anonymous_12)","decl":{"start":{"line":39,"column":34},"end":{"line":39,"column":41}},"loc":{"start":{"line":39,"column":61},"end":{"line":51,"column":2}}},"5":{"name":"(anonymous_13)","decl":{"start":{"line":39,"column":61},"end":{"line":39,"column":null}},"loc":{"start":{"line":39,"column":61},"end":{"line":51,"column":1}}},"6":{"name":"(anonymous_14)","decl":{"start":{"line":55,"column":24},"end":{"line":55,"column":31}},"loc":{"start":{"line":55,"column":124},"end":{"line":86,"column":2}}},"7":{"name":"(anonymous_15)","decl":{"start":{"line":55,"column":124},"end":{"line":55,"column":null}},"loc":{"start":{"line":55,"column":124},"end":{"line":86,"column":1}}},"8":{"name":"(anonymous_16)","decl":{"start":{"line":89,"column":26},"end":{"line":89,"column":33}},"loc":{"start":{"line":89,"column":47},"end":{"line":105,"column":2}}},"9":{"name":"(anonymous_17)","decl":{"start":{"line":89,"column":47},"end":{"line":89,"column":null}},"loc":{"start":{"line":89,"column":47},"end":{"line":105,"column":1}}}},"branchMap":{"0":{"loc":{"start":{"line":9,"column":4},"end":{"line":11,"column":null}},"type":"if","locations":[{"start":{"line":9,"column":4},"end":{"line":11,"column":null}}]},"1":{"loc":{"start":{"line":9,"column":8},"end":{"line":9,"column":45}},"type":"binary-expr","locations":[{"start":{"line":9,"column":8},"end":{"line":9,"column":29}},{"start":{"line":9,"column":33},"end":{"line":9,"column":45}}]},"2":{"loc":{"start":{"line":18,"column":4},"end":{"line":21,"column":null}},"type":"if","locations":[{"start":{"line":18,"column":4},"end":{"line":21,"column":null}}]},"3":{"loc":{"start":{"line":43,"column":4},"end":{"line":45,"column":null}},"type":"if","locations":[{"start":{"line":43,"column":4},"end":{"line":45,"column":null}}]},"4":{"loc":{"start":{"line":58,"column":4},"end":{"line":60,"column":null}},"type":"if","locations":[{"start":{"line":58,"column":4},"end":{"line":60,"column":null}}]},"5":{"loc":{"start":{"line":65,"column":4},"end":{"line":65,"column":52}},"type":"if","locations":[{"start":{"line":65,"column":4},"end":{"line":65,"column":52}}]},"6":{"loc":{"start":{"line":66,"column":4},"end":{"line":66,"column":52}},"type":"if","locations":[{"start":{"line":66,"column":4},"end":{"line":66,"column":52}}]},"7":{"loc":{"start":{"line":67,"column":4},"end":{"line":67,"column":49}},"type":"if","locations":[{"start":{"line":67,"column":4},"end":{"line":67,"column":49}}]},"8":{"loc":{"start":{"line":71,"column":4},"end":{"line":74,"column":null}},"type":"if","locations":[{"start":{"line":71,"column":4},"end":{"line":74,"column":null}}]},"9":{"loc":{"start":{"line":79,"column":4},"end":{"line":82,"column":null}},"type":"if","locations":[{"start":{"line":79,"column":4},"end":{"line":82,"column":null}}]},"10":{"loc":{"start":{"line":91,"column":4},"end":{"line":93,"column":null}},"type":"if","locations":[{"start":{"line":91,"column":4},"end":{"line":93,"column":null}}]},"11":{"loc":{"start":{"line":95,"column":4},"end":{"line":99,"column":null}},"type":"if","locations":[{"start":{"line":95,"column":4},"end":{"line":99,"column":null}},{"start":{"line":97,"column":11},"end":{"line":99,"column":null}}]}},"s":{"0":6,"1":6,"2":6,"3":6,"4":64,"5":64,"6":64,"7":3,"8":61,"9":61,"10":60,"11":4,"12":1,"13":1,"14":3,"15":3,"16":6,"17":6,"18":2,"19":2,"20":2,"21":2,"22":0,"23":0,"24":6,"25":6,"26":2,"27":2,"28":2,"29":2,"30":1,"31":2,"32":0,"33":0,"34":6,"35":6,"36":5,"37":5,"38":5,"39":1,"40":4,"41":4,"42":3,"43":4,"44":0,"45":4,"46":2,"47":4,"48":3,"49":1,"50":1,"51":2,"52":2,"53":1,"54":1,"55":1,"56":1,"57":6,"58":6,"59":3,"60":3,"61":3,"62":1,"63":2,"64":2,"65":1,"66":1,"67":2,"68":1,"69":1,"70":6},"f":{"0":64,"1":64,"2":2,"3":2,"4":2,"5":2,"6":5,"7":5,"8":3,"9":3},"b":{"0":[3],"1":[64,63],"2":[1],"3":[1],"4":[1],"5":[3],"6":[0],"7":[2],"8":[1],"9":[1],"10":[1],"11":[1,1]}}
}
