TN:
SF:src\controller\controlLog.ts
FNF:0
FNH:0
DA:1,5
DA:2,5
LF:2
LH:2
BRF:0
BRH:0
end_of_record
TN:
SF:src\controller\goalsController.ts
FN:7,(anonymous_7)
FN:22,(anonymous_8)
FN:22,(anonymous_9)
FN:44,(anonymous_10)
FN:44,(anonymous_11)
FN:58,(anonymous_12)
FN:58,(anonymous_13)
FN:76,(anonymous_14)
FN:76,(anonymous_15)
FNF:9
FNH:9
FNDA:7,(anonymous_7)
FNDA:4,(anonymous_8)
FNDA:4,(anonymous_9)
FNDA:3,(anonymous_10)
FNDA:3,(anonymous_11)
FNDA:4,(anonymous_12)
FNDA:4,(anonymous_13)
FNDA:5,(anonymous_14)
FNDA:5,(anonymous_15)
DA:3,2
DA:4,2
DA:7,7
DA:22,4
DA:23,4
DA:26,4
DA:27,4
DA:28,4
DA:29,1
DA:34,3
DA:35,3
DA:36,2
DA:38,1
DA:39,1
DA:44,3
DA:45,3
DA:46,3
DA:48,3
DA:49,3
DA:50,2
DA:52,1
DA:53,1
DA:58,4
DA:59,4
DA:60,4
DA:62,4
DA:63,4
DA:64,3
DA:65,2
DA:67,1
DA:70,1
DA:71,1
DA:76,5
DA:77,5
DA:79,5
DA:80,5
DA:81,4
DA:82,2
DA:84,2
DA:87,1
DA:88,1
LF:41
LH:41
BRDA:28,0,0,1
BRDA:38,1,0,1
BRDA:38,1,1,0
BRDA:39,2,0,1
BRDA:39,2,1,0
BRDA:52,3,0,1
BRDA:52,3,1,0
BRDA:53,4,0,1
BRDA:53,4,1,0
BRDA:64,5,0,2
BRDA:64,5,1,1
BRDA:70,6,0,1
BRDA:70,6,1,0
BRDA:71,7,0,1
BRDA:71,7,1,0
BRDA:81,8,0,2
BRDA:81,8,1,2
BRDA:87,9,0,1
BRDA:87,9,1,0
BRDA:88,10,0,1
BRDA:88,10,1,0
BRF:21
BRH:13
end_of_record
TN:
SF:src\controller\indexController.ts
FN:3,(anonymous_0)
FN:7,(anonymous_1)
FNF:2
FNH:2
FNDA:1,(anonymous_0)
FNDA:1,(anonymous_1)
DA:3,1
DA:4,1
DA:7,1
DA:8,1
LF:4
LH:4
BRF:0
BRH:0
end_of_record
TN:
SF:src\controller\loginController.ts
FN:20,(anonymous_8)
FN:20,(anonymous_9)
FN:54,(anonymous_10)
FN:54,(anonymous_11)
FN:74,(anonymous_12)
FN:74,(anonymous_13)
FN:95,(anonymous_14)
FNF:7
FNH:7
FNDA:4,(anonymous_8)
FNDA:4,(anonymous_9)
FNDA:5,(anonymous_10)
FNDA:5,(anonymous_11)
FNDA:4,(anonymous_12)
FNDA:4,(anonymous_13)
FNDA:2,(anonymous_14)
DA:6,2
DA:7,2
DA:8,2
DA:15,2
DA:17,2
DA:20,4
DA:21,4
DA:22,4
DA:23,4
DA:24,3
DA:25,1
DA:26,1
DA:27,1
DA:31,2
DA:34,2
DA:35,1
DA:36,1
DA:42,1
DA:43,1
DA:44,1
DA:47,1
DA:48,1
DA:54,5
DA:55,5
DA:56,5
DA:57,5
DA:59,5
DA:60,2
DA:63,3
DA:64,2
DA:67,1
DA:68,1
DA:74,4
DA:75,4
DA:76,4
DA:77,4
DA:79,4
DA:80,3
DA:81,3
DA:82,2
DA:84,1
DA:85,1
DA:86,1
DA:89,1
DA:90,1
DA:95,2
DA:96,2
DA:97,2
LF:48
LH:48
BRDA:24,0,0,1
BRDA:34,1,0,1
BRDA:34,1,1,1
BRDA:47,2,0,1
BRDA:47,2,1,0
BRDA:48,3,0,1
BRDA:48,3,1,0
BRDA:59,4,0,2
BRDA:59,4,1,3
BRDA:67,5,0,1
BRDA:67,5,1,0
BRDA:68,6,0,1
BRDA:68,6,1,0
BRDA:79,7,0,3
BRDA:79,7,1,1
BRDA:89,8,0,1
BRDA:89,8,1,0
BRDA:90,9,0,1
BRDA:90,9,1,0
BRF:19
BRH:13
end_of_record
TN:
SF:src\controller\reminderController.ts
FN:6,(anonymous_7)
FN:15,(anonymous_8)
FN:15,(anonymous_9)
FN:28,(anonymous_10)
FN:28,(anonymous_11)
FN:41,(anonymous_12)
FN:41,(anonymous_13)
FN:59,(anonymous_14)
FN:59,(anonymous_15)
FNF:9
FNH:9
FNDA:7,(anonymous_7)
FNDA:3,(anonymous_8)
FNDA:3,(anonymous_9)
FNDA:3,(anonymous_10)
FNDA:3,(anonymous_11)
FNDA:4,(anonymous_12)
FNDA:4,(anonymous_13)
FNDA:4,(anonymous_14)
FNDA:4,(anonymous_15)
DA:2,2
DA:6,7
DA:15,3
DA:16,3
DA:18,3
DA:19,3
DA:20,2
DA:22,1
DA:23,1
DA:28,3
DA:29,3
DA:31,3
DA:32,3
DA:33,2
DA:35,1
DA:36,1
DA:41,4
DA:42,4
DA:43,4
DA:45,4
DA:46,4
DA:47,3
DA:48,2
DA:50,1
DA:53,1
DA:54,1
DA:59,4
DA:60,4
DA:62,4
DA:63,4
DA:64,3
DA:65,2
DA:67,1
DA:70,1
DA:71,1
LF:35
LH:35
BRDA:22,0,0,1
BRDA:22,0,1,0
BRDA:23,1,0,1
BRDA:23,1,1,0
BRDA:35,2,0,1
BRDA:35,2,1,0
BRDA:36,3,0,1
BRDA:36,3,1,0
BRDA:47,4,0,2
BRDA:47,4,1,1
BRDA:53,5,0,1
BRDA:53,5,1,0
BRDA:54,6,0,1
BRDA:54,6,1,0
BRDA:64,7,0,2
BRDA:64,7,1,1
BRDA:70,8,0,1
BRDA:70,8,1,0
BRDA:71,9,0,1
BRDA:71,9,1,0
BRF:20
BRH:12
end_of_record
TN:
SF:src\controller\tagController.ts
FN:7,(anonymous_7)
FN:15,(anonymous_8)
FN:15,(anonymous_9)
FN:31,(anonymous_10)
FN:31,(anonymous_11)
FN:46,(anonymous_12)
FN:46,(anonymous_13)
FN:66,(anonymous_14)
FN:66,(anonymous_15)
FNF:9
FNH:9
FNDA:8,(anonymous_7)
FNDA:3,(anonymous_8)
FNDA:3,(anonymous_9)
FNDA:3,(anonymous_10)
FNDA:3,(anonymous_11)
FNDA:5,(anonymous_12)
FNDA:5,(anonymous_13)
FNDA:5,(anonymous_14)
FNDA:5,(anonymous_15)
DA:3,2
DA:4,2
DA:7,8
DA:15,3
DA:16,3
DA:17,3
DA:18,3
DA:19,2
DA:21,2
DA:23,2
DA:25,1
DA:26,1
DA:31,3
DA:32,3
DA:34,3
DA:35,3
DA:36,2
DA:38,2
DA:40,1
DA:41,1
DA:46,5
DA:47,5
DA:48,5
DA:50,5
DA:51,5
DA:52,4
DA:53,2
DA:54,2
DA:55,2
DA:57,2
DA:60,1
DA:61,1
DA:66,5
DA:67,5
DA:68,5
DA:69,5
DA:70,4
DA:71,2
DA:73,2
DA:76,1
DA:77,1
LF:41
LH:41
BRDA:11,0,0,8
BRDA:11,0,1,8
BRDA:25,1,0,1
BRDA:25,1,1,0
BRDA:26,2,0,1
BRDA:26,2,1,0
BRDA:40,3,0,1
BRDA:40,3,1,0
BRDA:41,4,0,1
BRDA:41,4,1,0
BRDA:52,5,0,2
BRDA:52,5,1,2
BRDA:60,6,0,1
BRDA:60,6,1,0
BRDA:61,7,0,1
BRDA:61,7,1,0
BRDA:70,8,0,2
BRDA:70,8,1,2
BRDA:76,9,0,1
BRDA:76,9,1,0
BRDA:77,10,0,1
BRDA:77,10,1,0
BRF:22
BRH:14
end_of_record
TN:
SF:src\controller\transactionController.ts
FN:7,(anonymous_7)
FN:19,(anonymous_8)
FN:29,(anonymous_9)
FN:29,(anonymous_10)
FN:42,(anonymous_11)
FN:42,(anonymous_12)
FN:56,(anonymous_13)
FN:56,(anonymous_14)
FN:74,(anonymous_15)
FN:74,(anonymous_16)
FNF:10
FNH:10
FNDA:7,(anonymous_7)
FNDA:7,(anonymous_8)
FNDA:3,(anonymous_9)
FNDA:3,(anonymous_10)
FNDA:3,(anonymous_11)
FNDA:3,(anonymous_12)
FNDA:5,(anonymous_13)
FNDA:5,(anonymous_14)
FNDA:5,(anonymous_15)
FNDA:5,(anonymous_16)
DA:3,2
DA:4,2
DA:7,7
DA:19,7
DA:29,3
DA:30,3
DA:32,3
DA:33,3
DA:34,2
DA:36,1
DA:37,1
DA:42,3
DA:43,3
DA:44,3
DA:46,3
DA:47,3
DA:48,2
DA:50,1
DA:51,1
DA:56,5
DA:57,5
DA:58,5
DA:60,5
DA:61,5
DA:62,4
DA:63,2
DA:65,2
DA:68,1
DA:69,1
DA:74,5
DA:75,5
DA:76,5
DA:77,5
DA:78,4
DA:79,2
DA:81,2
DA:84,1
DA:85,1
LF:38
LH:38
BRDA:19,0,0,7
BRDA:19,0,1,0
BRDA:19,1,0,0
BRDA:19,1,1,7
BRDA:19,2,0,7
BRDA:19,2,1,7
BRDA:36,3,0,1
BRDA:36,3,1,0
BRDA:37,4,0,1
BRDA:37,4,1,0
BRDA:50,5,0,1
BRDA:50,5,1,0
BRDA:51,6,0,1
BRDA:51,6,1,0
BRDA:62,7,0,2
BRDA:62,7,1,2
BRDA:68,8,0,1
BRDA:68,8,1,0
BRDA:69,9,0,1
BRDA:69,9,1,0
BRDA:78,10,0,2
BRDA:78,10,1,2
BRDA:84,11,0,1
BRDA:84,11,1,0
BRDA:85,12,0,1
BRDA:85,12,1,0
BRF:26
BRH:16
end_of_record
TN:
SF:src\controller\userController.ts
FN:12,(anonymous_7)
FN:19,(anonymous_8)
FN:19,(anonymous_9)
FN:36,(anonymous_10)
FN:36,(anonymous_11)
FN:56,(anonymous_12)
FN:56,(anonymous_13)
FN:79,(anonymous_14)
FN:79,(anonymous_15)
FNF:9
FNH:9
FNDA:3,(anonymous_7)
FNDA:2,(anonymous_8)
FNDA:2,(anonymous_9)
FNDA:3,(anonymous_10)
FNDA:3,(anonymous_11)
FNDA:3,(anonymous_12)
FNDA:3,(anonymous_13)
FNDA:3,(anonymous_14)
FNDA:3,(anonymous_15)
DA:3,1
DA:9,1
DA:12,3
DA:19,2
DA:20,2
DA:21,2
DA:22,2
DA:23,1
DA:28,1
DA:29,1
DA:36,3
DA:37,3
DA:38,3
DA:39,3
DA:40,3
DA:42,2
DA:43,1
DA:45,1
DA:48,1
DA:49,1
DA:56,3
DA:57,3
DA:58,3
DA:60,3
DA:61,3
DA:62,2
DA:63,1
DA:68,1
DA:71,1
DA:72,1
DA:79,3
DA:80,3
DA:81,3
DA:82,3
DA:83,2
DA:84,1
DA:86,1
DA:89,1
DA:90,1
LF:39
LH:39
BRDA:28,0,0,1
BRDA:28,0,1,0
BRDA:31,1,0,1
BRDA:31,1,1,0
BRDA:42,2,0,1
BRDA:42,2,1,1
BRDA:48,3,0,1
BRDA:48,3,1,0
BRDA:51,4,0,1
BRDA:51,4,1,0
BRDA:62,5,0,1
BRDA:62,5,1,1
BRDA:71,6,0,1
BRDA:71,6,1,0
BRDA:74,7,0,1
BRDA:74,7,1,0
BRDA:83,8,0,1
BRDA:83,8,1,1
BRDA:89,9,0,1
BRDA:89,9,1,0
BRDA:92,10,0,1
BRDA:92,10,1,0
BRF:22
BRH:14
end_of_record
TN:
SF:src\db\dbLog.ts
FNF:0
FNH:0
DA:1,13
DA:2,13
LF:2
LH:2
BRF:0
BRH:0
end_of_record
TN:
SF:src\db\goalsDB.ts
FN:24,(anonymous_1)
FN:36,(anonymous_2)
FNF:2
FNH:2
FNDA:14,(anonymous_1)
FNDA:13,(anonymous_2)
DA:1,2
DA:2,2
DA:18,2
DA:24,14
DA:36,13
DA:59,2
DA:60,2
LF:7
LH:7
BRDA:36,0,0,13
BRDA:36,0,1,13
BRF:2
BRH:2
end_of_record
TN:
SF:src\db\goalsService.ts
FN:7,(anonymous_8)
FN:7,(anonymous_9)
FN:37,(anonymous_10)
FN:45,(anonymous_11)
FN:45,(anonymous_12)
FN:61,(anonymous_13)
FN:61,(anonymous_14)
FN:106,(anonymous_15)
FN:106,(anonymous_16)
FNF:9
FNH:9
FNDA:13,(anonymous_8)
FNDA:13,(anonymous_9)
FNDA:3,(anonymous_10)
FNDA:4,(anonymous_11)
FNDA:4,(anonymous_12)
FNDA:6,(anonymous_13)
FNDA:6,(anonymous_14)
FNDA:3,(anonymous_15)
FNDA:3,(anonymous_16)
DA:1,2
DA:2,2
DA:3,2
DA:4,2
DA:7,13
DA:8,13
DA:10,13
DA:11,13
DA:12,1
DA:16,12
DA:17,12
DA:18,12
DA:19,1
DA:24,11
DA:33,11
DA:34,8
DA:36,5
DA:37,3
DA:39,2
DA:40,2
DA:45,4
DA:46,4
DA:48,4
DA:49,1
DA:52,3
DA:53,3
DA:55,1
DA:56,1
DA:61,6
DA:62,6
DA:64,6
DA:65,1
DA:69,5
DA:70,5
DA:71,1
DA:72,1
DA:76,4
DA:77,4
DA:78,4
DA:79,1
DA:83,4
DA:84,4
DA:85,4
DA:86,4
DA:89,4
DA:90,2
DA:91,2
DA:92,1
DA:94,1
DA:97,3
DA:98,3
DA:100,2
DA:101,2
DA:106,3
DA:107,3
DA:109,3
DA:110,1
DA:113,2
DA:114,2
DA:115,1
DA:117,1
DA:119,2
DA:121,1
DA:122,1
LF:64
LH:64
BRDA:11,0,0,1
BRDA:16,1,0,12
BRDA:18,2,0,1
BRDA:36,3,0,3
BRDA:48,4,0,1
BRDA:64,5,0,1
BRDA:70,6,0,1
BRDA:78,7,0,1
BRDA:83,8,0,0
BRDA:84,9,0,2
BRDA:85,10,0,3
BRDA:86,11,0,3
BRDA:89,12,0,2
BRDA:91,13,0,1
BRDA:109,14,0,1
BRDA:114,15,0,1
BRDA:114,15,1,1
BRF:17
BRH:16
end_of_record
TN:
SF:src\db\reminderDB.ts
FN:25,(anonymous_1)
FN:41,(anonymous_2)
FNF:2
FNH:2
FNDA:15,(anonymous_1)
FNDA:14,(anonymous_2)
DA:1,3
DA:3,3
DA:18,3
DA:25,15
DA:41,14
DA:53,3
DA:54,3
LF:7
LH:7
BRDA:41,0,0,14
BRDA:41,0,1,14
BRF:2
BRH:2
end_of_record
TN:
SF:src\db\reminderService.ts
FN:6,(anonymous_8)
FN:6,(anonymous_9)
FN:26,(anonymous_10)
FN:34,(anonymous_11)
FN:34,(anonymous_12)
FN:51,(anonymous_13)
FN:51,(anonymous_14)
FN:80,(anonymous_15)
FN:80,(anonymous_16)
FNF:9
FNH:9
FNDA:13,(anonymous_8)
FNDA:13,(anonymous_9)
FNDA:1,(anonymous_10)
FNDA:3,(anonymous_11)
FNDA:3,(anonymous_12)
FNDA:8,(anonymous_13)
FNDA:8,(anonymous_14)
FNDA:4,(anonymous_15)
FNDA:4,(anonymous_16)
DA:1,3
DA:2,3
DA:3,3
DA:6,13
DA:7,13
DA:9,13
DA:10,13
DA:11,2
DA:14,11
DA:22,11
DA:23,9
DA:25,4
DA:26,1
DA:28,3
DA:29,3
DA:34,3
DA:35,3
DA:37,3
DA:38,1
DA:42,2
DA:43,2
DA:45,1
DA:46,1
DA:51,8
DA:52,8
DA:54,8
DA:55,2
DA:59,6
DA:60,6
DA:62,1
DA:66,5
DA:67,5
DA:68,5
DA:69,5
DA:71,5
DA:72,5
DA:74,2
DA:75,2
DA:80,4
DA:81,4
DA:83,4
DA:84,2
DA:87,2
DA:88,2
DA:93,2
DA:95,2
DA:96,2
LF:47
LH:47
BRDA:10,0,0,2
BRDA:25,1,0,1
BRDA:37,2,0,1
BRDA:54,3,0,2
BRDA:60,4,0,1
BRDA:66,5,0,2
BRDA:67,6,0,1
BRDA:68,7,0,2
BRDA:69,8,0,1
BRDA:83,9,0,2
BRDA:88,10,0,1
BRDA:88,10,1,1
BRF:12
BRH:12
end_of_record
TN:
SF:src\db\tagDB.ts
FNF:0
FNH:0
DA:1,6
DA:2,6
DA:15,6
DA:38,6
DA:39,6
LF:5
LH:5
BRF:0
BRH:0
end_of_record
TN:
SF:src\db\tagService.ts
FN:6,(anonymous_8)
FN:6,(anonymous_9)
FN:18,(anonymous_10)
FN:18,(anonymous_11)
FN:33,(anonymous_12)
FN:33,(anonymous_13)
FN:62,(anonymous_14)
FN:62,(anonymous_15)
FNF:8
FNH:8
FNDA:9,(anonymous_8)
FNDA:9,(anonymous_9)
FNDA:3,(anonymous_10)
FNDA:3,(anonymous_11)
FNDA:5,(anonymous_12)
FNDA:5,(anonymous_13)
FNDA:3,(anonymous_14)
FNDA:3,(anonymous_15)
DA:1,3
DA:2,3
DA:3,3
DA:6,9
DA:7,9
DA:8,9
DA:9,9
DA:10,7
DA:12,2
DA:13,2
DA:18,3
DA:19,3
DA:21,3
DA:22,1
DA:24,2
DA:25,2
DA:27,1
DA:28,1
DA:33,5
DA:34,5
DA:36,5
DA:37,1
DA:41,4
DA:42,4
DA:43,4
DA:44,4
DA:46,4
DA:48,4
DA:49,1
DA:50,1
DA:53,3
DA:54,3
DA:56,1
DA:57,1
DA:62,3
DA:63,3
DA:64,3
DA:65,1
DA:67,2
DA:68,2
DA:69,1
DA:71,1
DA:73,2
DA:75,1
DA:76,1
LF:45
LH:45
BRDA:21,0,0,1
BRDA:36,1,0,1
BRDA:42,2,0,3
BRDA:43,3,0,3
BRDA:44,4,0,1
BRDA:48,5,0,1
BRDA:64,6,0,1
BRDA:68,7,0,1
BRDA:68,7,1,1
BRF:9
BRH:9
end_of_record
TN:
SF:src\db\transactionDB.ts
FN:28,(anonymous_1)
FN:41,(anonymous_2)
FNF:2
FNH:2
FNDA:66,(anonymous_1)
FNDA:65,(anonymous_2)
DA:1,3
DA:3,3
DA:22,3
DA:28,66
DA:41,65
DA:72,3
DA:73,3
LF:7
LH:7
BRDA:41,0,0,65
BRDA:41,0,1,65
BRF:2
BRH:2
end_of_record
TN:
SF:src\db\transactionService.ts
FN:8,(anonymous_8)
FN:8,(anonymous_9)
FN:17,(anonymous_10)
FN:68,(anonymous_11)
FN:76,(anonymous_12)
FN:76,(anonymous_13)
FN:87,(anonymous_14)
FN:95,(anonymous_15)
FN:95,(anonymous_16)
FN:138,(anonymous_17)
FN:139,(anonymous_18)
FN:176,(anonymous_19)
FN:187,(anonymous_20)
FN:187,(anonymous_21)
FN:222,(anonymous_22)
FNF:15
FNH:13
FNDA:21,(anonymous_8)
FNDA:21,(anonymous_9)
FNDA:19,(anonymous_10)
FNDA:2,(anonymous_11)
FNDA:4,(anonymous_12)
FNDA:4,(anonymous_13)
FNDA:0,(anonymous_14)
FNDA:21,(anonymous_15)
FNDA:21,(anonymous_16)
FNDA:11,(anonymous_17)
FNDA:11,(anonymous_18)
FNDA:1,(anonymous_19)
FNDA:7,(anonymous_20)
FNDA:7,(anonymous_21)
FNDA:0,(anonymous_22)
DA:1,3
DA:2,3
DA:3,3
DA:4,3
DA:5,3
DA:8,21
DA:9,21
DA:11,21
DA:12,21
DA:13,1
DA:17,20
DA:19,20
DA:20,20
DA:21,20
DA:22,1
DA:27,19
DA:30,19
DA:33,19
DA:34,17
DA:35,1
DA:39,18
DA:40,1
DA:44,17
DA:45,16
DA:46,1
DA:48,15
DA:49,1
DA:50,1
DA:53,16
DA:63,16
DA:64,14
DA:65,14
DA:67,7
DA:68,2
DA:70,5
DA:71,5
DA:76,4
DA:77,4
DA:79,4
DA:80,2
DA:83,2
DA:84,2
DA:86,2
DA:87,0
DA:89,2
DA:90,2
DA:95,21
DA:96,21
DA:98,21
DA:99,1
DA:101,20
DA:104,20
DA:105,2
DA:106,2
DA:110,18
DA:111,18
DA:112,1
DA:116,17
DA:117,17
DA:118,0
DA:119,0
DA:123,17
DA:124,17
DA:125,17
DA:126,17
DA:127,17
DA:128,17
DA:129,17
DA:130,4
DA:132,13
DA:135,13
DA:136,13
DA:137,11
DA:138,11
DA:139,11
DA:141,11
DA:144,11
DA:145,9
DA:146,1
DA:150,10
DA:151,2
DA:154,8
DA:156,2
DA:161,10
DA:162,9
DA:163,1
DA:165,8
DA:166,1
DA:167,1
DA:170,9
DA:171,8
DA:173,8
DA:175,11
DA:176,1
DA:177,1
DA:178,1
DA:180,10
DA:181,10
DA:187,7
DA:188,7
DA:189,7
DA:190,1
DA:194,6
DA:195,6
DA:196,2
DA:200,4
DA:201,4
DA:202,1
DA:205,3
DA:206,2
DA:207,1
DA:208,1
DA:211,3
DA:213,3
DA:214,3
DA:215,3
DA:217,0
DA:219,3
DA:221,4
DA:222,0
DA:224,4
DA:225,4
LF:122
LH:117
BRDA:12,0,0,1
BRDA:17,1,0,20
BRDA:17,1,1,0
BRDA:17,2,0,0
BRDA:17,2,1,20
BRDA:17,3,0,20
BRDA:17,3,1,20
BRDA:19,4,0,20
BRDA:21,5,0,1
BRDA:34,6,0,1
BRDA:34,7,0,17
BRDA:34,7,1,17
BRDA:39,8,0,1
BRDA:44,9,0,16
BRDA:44,9,1,1
BRDA:45,10,0,1
BRDA:49,11,0,1
BRDA:67,12,0,2
BRDA:79,13,0,2
BRDA:86,14,0,0
BRDA:98,15,0,1
BRDA:104,16,0,2
BRDA:111,17,0,1
BRDA:116,18,0,17
BRDA:116,18,1,0
BRDA:118,19,0,0
BRDA:123,20,0,17
BRDA:124,21,0,17
BRDA:125,22,0,16
BRDA:126,23,0,17
BRDA:127,24,0,17
BRDA:129,25,0,4
BRDA:135,26,0,13
BRDA:136,27,0,11
BRDA:136,27,1,2
BRDA:145,28,0,1
BRDA:145,29,0,9
BRDA:145,29,1,9
BRDA:150,30,0,2
BRDA:161,31,0,9
BRDA:161,31,1,1
BRDA:162,32,0,1
BRDA:166,33,0,1
BRDA:175,34,0,1
BRDA:189,35,0,1
BRDA:195,36,0,2
BRDA:201,37,0,1
BRDA:205,38,0,2
BRDA:205,38,1,1
BRDA:207,39,0,1
BRDA:214,40,0,3
BRDA:214,40,1,0
BRDA:221,41,0,0
BRF:53
BRH:46
end_of_record
TN:
SF:src\db\userDB.ts
FNF:0
FNH:0
DA:1,13
DA:2,13
DA:14,13
DA:30,13
DA:31,13
LF:5
LH:5
BRF:0
BRH:0
end_of_record
TN:
SF:src\db\userService.ts
FN:6,(anonymous_8)
FN:6,(anonymous_9)
FN:28,(anonymous_10)
FN:28,(anonymous_11)
FN:39,(anonymous_12)
FN:39,(anonymous_13)
FN:55,(anonymous_14)
FN:55,(anonymous_15)
FN:89,(anonymous_16)
FN:89,(anonymous_17)
FNF:10
FNH:10
FNDA:61,(anonymous_8)
FNDA:61,(anonymous_9)
FNDA:3,(anonymous_10)
FNDA:3,(anonymous_11)
FNDA:3,(anonymous_12)
FNDA:3,(anonymous_13)
FNDA:5,(anonymous_14)
FNDA:5,(anonymous_15)
FNDA:3,(anonymous_16)
FNDA:3,(anonymous_17)
DA:1,6
DA:2,6
DA:3,6
DA:6,61
DA:7,61
DA:9,61
DA:10,3
DA:13,58
DA:14,58
DA:15,57
DA:18,4
DA:19,1
DA:20,1
DA:22,3
DA:23,3
DA:28,6
DA:29,3
DA:30,3
DA:31,2
DA:33,1
DA:34,1
DA:39,6
DA:40,3
DA:42,3
DA:43,2
DA:44,1
DA:46,2
DA:48,1
DA:49,1
DA:55,6
DA:56,5
DA:58,5
DA:59,1
DA:62,4
DA:65,4
DA:66,4
DA:67,4
DA:69,4
DA:71,3
DA:72,1
DA:73,1
DA:76,2
DA:79,2
DA:80,1
DA:81,1
DA:83,1
DA:84,1
DA:89,6
DA:90,3
DA:91,3
DA:92,1
DA:94,2
DA:95,2
DA:96,1
DA:98,1
DA:100,2
DA:102,1
DA:103,1
LF:58
LH:58
BRDA:9,0,0,3
BRDA:9,1,0,61
BRDA:9,1,1,60
BRDA:18,2,0,1
BRDA:43,3,0,1
BRDA:58,4,0,1
BRDA:65,5,0,3
BRDA:66,6,0,0
BRDA:67,7,0,2
BRDA:71,8,0,1
BRDA:79,9,0,1
BRDA:91,10,0,1
BRDA:95,11,0,1
BRDA:95,11,1,1
BRF:14
BRH:13
end_of_record
