TN:
SF:src/controller/controlLog.ts
FNF:0
FNH:0
DA:1,5
DA:2,5
LF:2
LH:2
BRF:0
BRH:0
end_of_record
TN:
SF:src/controller/goalsController.ts
FN:7,(anonymous_7)
FN:22,(anonymous_8)
FN:22,(anonymous_9)
FN:44,(anonymous_10)
FN:44,(anonymous_11)
FN:58,(anonymous_12)
FN:58,(anonymous_13)
FN:76,(anonymous_14)
FN:76,(anonymous_15)
FNF:9
FNH:9
FNDA:7,(anonymous_7)
FNDA:4,(anonymous_8)
FNDA:4,(anonymous_9)
FNDA:3,(anonymous_10)
FNDA:3,(anonymous_11)
FNDA:4,(anonymous_12)
FNDA:4,(anonymous_13)
FNDA:5,(anonymous_14)
FNDA:5,(anonymous_15)
DA:3,2
DA:4,2
DA:7,7
DA:22,4
DA:23,4
DA:26,4
DA:27,4
DA:28,4
DA:29,1
DA:34,3
DA:35,3
DA:36,2
DA:38,1
DA:39,1
DA:44,3
DA:45,3
DA:46,3
DA:48,3
DA:49,3
DA:50,2
DA:52,1
DA:53,1
DA:58,4
DA:59,4
DA:60,4
DA:62,4
DA:63,4
DA:64,3
DA:65,2
DA:67,1
DA:70,1
DA:71,1
DA:76,5
DA:77,5
DA:79,5
DA:80,5
DA:81,4
DA:82,2
DA:84,2
DA:87,1
DA:88,1
LF:41
LH:41
BRDA:28,0,0,1
BRDA:38,1,0,1
BRDA:38,1,1,0
BRDA:39,2,0,1
BRDA:39,2,1,0
BRDA:52,3,0,1
BRDA:52,3,1,0
BRDA:53,4,0,1
BRDA:53,4,1,0
BRDA:64,5,0,2
BRDA:64,5,1,1
BRDA:70,6,0,1
BRDA:70,6,1,0
BRDA:71,7,0,1
BRDA:71,7,1,0
BRDA:81,8,0,2
BRDA:81,8,1,2
BRDA:87,9,0,1
BRDA:87,9,1,0
BRDA:88,10,0,1
BRDA:88,10,1,0
BRF:21
BRH:13
end_of_record
TN:
SF:src/controller/indexController.ts
FN:3,(anonymous_0)
FN:7,(anonymous_1)
FNF:2
FNH:2
FNDA:1,(anonymous_0)
FNDA:1,(anonymous_1)
DA:3,1
DA:4,1
DA:7,1
DA:8,1
LF:4
LH:4
BRF:0
BRH:0
end_of_record
TN:
SF:src/controller/loginController.ts
FN:20,(anonymous_8)
FN:20,(anonymous_9)
FN:54,(anonymous_10)
FN:54,(anonymous_11)
FN:74,(anonymous_12)
FN:74,(anonymous_13)
FN:95,(anonymous_14)
FNF:7
FNH:7
FNDA:4,(anonymous_8)
FNDA:4,(anonymous_9)
FNDA:5,(anonymous_10)
FNDA:5,(anonymous_11)
FNDA:4,(anonymous_12)
FNDA:4,(anonymous_13)
FNDA:2,(anonymous_14)
DA:6,2
DA:7,2
DA:8,2
DA:15,2
DA:17,2
DA:20,4
DA:21,4
DA:22,4
DA:23,4
DA:24,3
DA:25,1
DA:26,1
DA:27,1
DA:31,2
DA:34,2
DA:35,1
DA:36,1
DA:42,1
DA:43,1
DA:44,1
DA:47,1
DA:48,1
DA:54,5
DA:55,5
DA:56,5
DA:57,5
DA:59,5
DA:60,2
DA:63,3
DA:64,2
DA:67,1
DA:68,1
DA:74,4
DA:75,4
DA:76,4
DA:77,4
DA:79,4
DA:80,3
DA:81,3
DA:82,2
DA:84,1
DA:85,1
DA:86,1
DA:89,1
DA:90,1
DA:95,2
DA:96,2
DA:97,2
LF:48
LH:48
BRDA:24,0,0,1
BRDA:34,1,0,1
BRDA:34,1,1,1
BRDA:47,2,0,1
BRDA:47,2,1,0
BRDA:48,3,0,1
BRDA:48,3,1,0
BRDA:59,4,0,2
BRDA:59,4,1,3
BRDA:67,5,0,1
BRDA:67,5,1,0
BRDA:68,6,0,1
BRDA:68,6,1,0
BRDA:79,7,0,3
BRDA:79,7,1,1
BRDA:89,8,0,1
BRDA:89,8,1,0
BRDA:90,9,0,1
BRDA:90,9,1,0
BRF:19
BRH:13
end_of_record
TN:
SF:src/controller/reminderController.ts
FN:6,(anonymous_7)
FN:15,(anonymous_8)
FN:15,(anonymous_9)
FN:28,(anonymous_10)
FN:28,(anonymous_11)
FN:41,(anonymous_12)
FN:41,(anonymous_13)
FN:59,(anonymous_14)
FN:59,(anonymous_15)
FNF:9
FNH:9
FNDA:7,(anonymous_7)
FNDA:3,(anonymous_8)
FNDA:3,(anonymous_9)
FNDA:3,(anonymous_10)
FNDA:3,(anonymous_11)
FNDA:4,(anonymous_12)
FNDA:4,(anonymous_13)
FNDA:4,(anonymous_14)
FNDA:4,(anonymous_15)
DA:2,2
DA:6,7
DA:15,3
DA:16,3
DA:18,3
DA:19,3
DA:20,2
DA:22,1
DA:23,1
DA:28,3
DA:29,3
DA:31,3
DA:32,3
DA:33,2
DA:35,1
DA:36,1
DA:41,4
DA:42,4
DA:43,4
DA:45,4
DA:46,4
DA:47,3
DA:48,2
DA:50,1
DA:53,1
DA:54,1
DA:59,4
DA:60,4
DA:62,4
DA:63,4
DA:64,3
DA:65,2
DA:67,1
DA:70,1
DA:71,1
LF:35
LH:35
BRDA:22,0,0,1
BRDA:22,0,1,0
BRDA:23,1,0,1
BRDA:23,1,1,0
BRDA:35,2,0,1
BRDA:35,2,1,0
BRDA:36,3,0,1
BRDA:36,3,1,0
BRDA:47,4,0,2
BRDA:47,4,1,1
BRDA:53,5,0,1
BRDA:53,5,1,0
BRDA:54,6,0,1
BRDA:54,6,1,0
BRDA:64,7,0,2
BRDA:64,7,1,1
BRDA:70,8,0,1
BRDA:70,8,1,0
BRDA:71,9,0,1
BRDA:71,9,1,0
BRF:20
BRH:12
end_of_record
TN:
SF:src/controller/tagController.ts
FN:7,(anonymous_7)
FN:15,(anonymous_8)
FN:15,(anonymous_9)
FN:31,(anonymous_10)
FN:31,(anonymous_11)
FN:46,(anonymous_12)
FN:46,(anonymous_13)
FN:66,(anonymous_14)
FN:66,(anonymous_15)
FNF:9
FNH:9
FNDA:8,(anonymous_7)
FNDA:3,(anonymous_8)
FNDA:3,(anonymous_9)
FNDA:3,(anonymous_10)
FNDA:3,(anonymous_11)
FNDA:5,(anonymous_12)
FNDA:5,(anonymous_13)
FNDA:5,(anonymous_14)
FNDA:5,(anonymous_15)
DA:3,2
DA:4,2
DA:7,8
DA:15,3
DA:16,3
DA:17,3
DA:18,3
DA:19,2
DA:21,2
DA:23,2
DA:25,1
DA:26,1
DA:31,3
DA:32,3
DA:34,3
DA:35,3
DA:36,2
DA:38,2
DA:40,1
DA:41,1
DA:46,5
DA:47,5
DA:48,5
DA:50,5
DA:51,5
DA:52,4
DA:53,2
DA:54,2
DA:55,2
DA:57,2
DA:60,1
DA:61,1
DA:66,5
DA:67,5
DA:68,5
DA:69,5
DA:70,4
DA:71,2
DA:73,2
DA:76,1
DA:77,1
LF:41
LH:41
BRDA:11,0,0,8
BRDA:11,0,1,8
BRDA:25,1,0,1
BRDA:25,1,1,0
BRDA:26,2,0,1
BRDA:26,2,1,0
BRDA:40,3,0,1
BRDA:40,3,1,0
BRDA:41,4,0,1
BRDA:41,4,1,0
BRDA:52,5,0,2
BRDA:52,5,1,2
BRDA:60,6,0,1
BRDA:60,6,1,0
BRDA:61,7,0,1
BRDA:61,7,1,0
BRDA:70,8,0,2
BRDA:70,8,1,2
BRDA:76,9,0,1
BRDA:76,9,1,0
BRDA:77,10,0,1
BRDA:77,10,1,0
BRF:22
BRH:14
end_of_record
TN:
SF:src/controller/transactionController.ts
FN:7,(anonymous_7)
FN:19,(anonymous_8)
FN:29,(anonymous_9)
FN:29,(anonymous_10)
FN:42,(anonymous_11)
FN:42,(anonymous_12)
FN:56,(anonymous_13)
FN:56,(anonymous_14)
FN:74,(anonymous_15)
FN:74,(anonymous_16)
FNF:10
FNH:10
FNDA:7,(anonymous_7)
FNDA:7,(anonymous_8)
FNDA:3,(anonymous_9)
FNDA:3,(anonymous_10)
FNDA:3,(anonymous_11)
FNDA:3,(anonymous_12)
FNDA:5,(anonymous_13)
FNDA:5,(anonymous_14)
FNDA:5,(anonymous_15)
FNDA:5,(anonymous_16)
DA:3,2
DA:4,2
DA:7,7
DA:19,7
DA:29,3
DA:30,3
DA:32,3
DA:33,3
DA:34,2
DA:36,1
DA:37,1
DA:42,3
DA:43,3
DA:44,3
DA:46,3
DA:47,3
DA:48,2
DA:50,1
DA:51,1
DA:56,5
DA:57,5
DA:58,5
DA:60,5
DA:61,5
DA:62,4
DA:63,2
DA:65,2
DA:68,1
DA:69,1
DA:74,5
DA:75,5
DA:76,5
DA:77,5
DA:78,4
DA:79,2
DA:81,2
DA:84,1
DA:85,1
LF:38
LH:38
BRDA:19,0,0,7
BRDA:19,0,1,0
BRDA:19,1,0,0
BRDA:19,1,1,7
BRDA:19,2,0,7
BRDA:19,2,1,7
BRDA:36,3,0,1
BRDA:36,3,1,0
BRDA:37,4,0,1
BRDA:37,4,1,0
BRDA:50,5,0,1
BRDA:50,5,1,0
BRDA:51,6,0,1
BRDA:51,6,1,0
BRDA:62,7,0,2
BRDA:62,7,1,2
BRDA:68,8,0,1
BRDA:68,8,1,0
BRDA:69,9,0,1
BRDA:69,9,1,0
BRDA:78,10,0,2
BRDA:78,10,1,2
BRDA:84,11,0,1
BRDA:84,11,1,0
BRDA:85,12,0,1
BRDA:85,12,1,0
BRF:26
BRH:16
end_of_record
TN:
SF:src/controller/userController.ts
FN:12,(anonymous_7)
FN:19,(anonymous_8)
FN:19,(anonymous_9)
FN:36,(anonymous_10)
FN:36,(anonymous_11)
FN:56,(anonymous_12)
FN:56,(anonymous_13)
FN:79,(anonymous_14)
FN:79,(anonymous_15)
FNF:9
FNH:9
FNDA:3,(anonymous_7)
FNDA:2,(anonymous_8)
FNDA:2,(anonymous_9)
FNDA:3,(anonymous_10)
FNDA:3,(anonymous_11)
FNDA:3,(anonymous_12)
FNDA:3,(anonymous_13)
FNDA:3,(anonymous_14)
FNDA:3,(anonymous_15)
DA:3,1
DA:9,1
DA:12,3
DA:19,2
DA:20,2
DA:21,2
DA:22,2
DA:23,1
DA:28,1
DA:29,1
DA:36,3
DA:37,3
DA:38,3
DA:39,3
DA:40,3
DA:42,2
DA:43,1
DA:45,1
DA:48,1
DA:49,1
DA:56,3
DA:57,3
DA:58,3
DA:60,3
DA:61,3
DA:62,2
DA:63,1
DA:68,1
DA:71,1
DA:72,1
DA:79,3
DA:80,3
DA:81,3
DA:82,3
DA:83,2
DA:84,1
DA:86,1
DA:89,1
DA:90,1
LF:39
LH:39
BRDA:28,0,0,1
BRDA:28,0,1,0
BRDA:31,1,0,1
BRDA:31,1,1,0
BRDA:42,2,0,1
BRDA:42,2,1,1
BRDA:48,3,0,1
BRDA:48,3,1,0
BRDA:51,4,0,1
BRDA:51,4,1,0
BRDA:62,5,0,1
BRDA:62,5,1,1
BRDA:71,6,0,1
BRDA:71,6,1,0
BRDA:74,7,0,1
BRDA:74,7,1,0
BRDA:83,8,0,1
BRDA:83,8,1,1
BRDA:89,9,0,1
BRDA:89,9,1,0
BRDA:92,10,0,1
BRDA:92,10,1,0
BRF:22
BRH:14
end_of_record
TN:
SF:src/db/dbLog.ts
FNF:0
FNH:0
DA:1,13
DA:2,13
LF:2
LH:2
BRF:0
BRH:0
end_of_record
TN:
SF:src/db/goalsDB.ts
FN:24,(anonymous_1)
FN:36,(anonymous_2)
FNF:2
FNH:2
FNDA:25,(anonymous_1)
FNDA:23,(anonymous_2)
DA:1,2
DA:2,2
DA:18,2
DA:24,25
DA:36,23
DA:59,2
DA:60,2
LF:7
LH:7
BRDA:36,0,0,23
BRDA:36,0,1,23
BRF:2
BRH:2
end_of_record
TN:
SF:src/db/goalsService.ts
FN:7,(anonymous_8)
FN:7,(anonymous_9)
FN:37,(anonymous_10)
FN:45,(anonymous_11)
FN:45,(anonymous_12)
FN:61,(anonymous_13)
FN:61,(anonymous_14)
FN:106,(anonymous_15)
FN:106,(anonymous_16)
FNF:9
FNH:9
FNDA:19,(anonymous_8)
FNDA:19,(anonymous_9)
FNDA:7,(anonymous_10)
FNDA:4,(anonymous_11)
FNDA:4,(anonymous_12)
FNDA:12,(anonymous_13)
FNDA:12,(anonymous_14)
FNDA:3,(anonymous_15)
FNDA:3,(anonymous_16)
DA:1,2
DA:2,2
DA:3,2
DA:4,2
DA:7,19
DA:8,19
DA:10,19
DA:11,19
DA:12,1
DA:16,18
DA:17,17
DA:18,17
DA:19,1
DA:24,17
DA:33,17
DA:34,14
DA:36,5
DA:37,7
DA:39,2
DA:40,2
DA:45,4
DA:46,4
DA:48,4
DA:49,1
DA:52,3
DA:53,3
DA:55,1
DA:56,1
DA:61,12
DA:62,12
DA:64,12
DA:65,1
DA:69,11
DA:70,11
DA:71,1
DA:72,1
DA:76,10
DA:77,10
DA:78,10
DA:79,2
DA:83,10
DA:84,10
DA:85,10
DA:86,10
DA:89,10
DA:90,4
DA:91,4
DA:92,2
DA:94,2
DA:97,8
DA:98,8
DA:100,3
DA:101,3
DA:106,3
DA:107,3
DA:109,3
DA:110,1
DA:113,2
DA:114,2
DA:115,1
DA:117,1
DA:119,2
DA:121,1
DA:122,1
LF:64
LH:64
BRDA:11,0,0,1
BRDA:16,1,0,17
BRDA:18,2,0,1
BRDA:36,3,0,3
BRDA:48,4,0,1
BRDA:64,5,0,1
BRDA:70,6,0,1
BRDA:78,7,0,2
BRDA:83,8,0,2
BRDA:84,9,0,1
BRDA:85,10,0,3
BRDA:86,11,0,5
BRDA:89,12,0,4
BRDA:91,13,0,2
BRDA:109,14,0,1
BRDA:114,15,0,1
BRDA:114,15,1,1
BRF:17
BRH:17
end_of_record
TN:
SF:src/db/reminderDB.ts
FN:25,(anonymous_1)
FN:41,(anonymous_2)
FNF:2
FNH:2
FNDA:15,(anonymous_1)
FNDA:14,(anonymous_2)
DA:1,3
DA:3,3
DA:18,3
DA:25,15
DA:41,14
DA:53,3
DA:54,3
LF:7
LH:7
BRDA:41,0,0,14
BRDA:41,0,1,14
BRF:2
BRH:2
end_of_record
TN:
SF:src/db/reminderService.ts
FN:6,(anonymous_8)
FN:6,(anonymous_9)
FN:26,(anonymous_10)
FN:34,(anonymous_11)
FN:34,(anonymous_12)
FN:51,(anonymous_13)
FN:51,(anonymous_14)
FN:80,(anonymous_15)
FN:80,(anonymous_16)
FNF:9
FNH:9
FNDA:13,(anonymous_8)
FNDA:13,(anonymous_9)
FNDA:1,(anonymous_10)
FNDA:3,(anonymous_11)
FNDA:3,(anonymous_12)
FNDA:7,(anonymous_13)
FNDA:7,(anonymous_14)
FNDA:3,(anonymous_15)
FNDA:3,(anonymous_16)
DA:1,3
DA:2,3
DA:3,3
DA:6,13
DA:7,13
DA:9,13
DA:10,13
DA:11,2
DA:14,11
DA:22,11
DA:23,9
DA:25,4
DA:26,1
DA:28,3
DA:29,3
DA:34,3
DA:35,3
DA:37,3
DA:38,1
DA:42,2
DA:43,2
DA:45,1
DA:46,1
DA:51,7
DA:52,7
DA:54,7
DA:55,1
DA:59,6
DA:60,6
DA:62,1
DA:66,5
DA:67,5
DA:68,5
DA:69,5
DA:71,5
DA:72,5
DA:74,1
DA:75,1
DA:80,3
DA:81,3
DA:83,3
DA:84,1
DA:87,2
DA:88,2
DA:93,2
DA:95,1
DA:96,1
LF:47
LH:47
BRDA:10,0,0,2
BRDA:25,1,0,1
BRDA:37,2,0,1
BRDA:54,3,0,1
BRDA:60,4,0,1
BRDA:66,5,0,2
BRDA:67,6,0,1
BRDA:68,7,0,2
BRDA:69,8,0,1
BRDA:83,9,0,1
BRDA:88,10,0,1
BRDA:88,10,1,1
BRF:12
BRH:12
end_of_record
TN:
SF:src/db/tagDB.ts
FNF:0
FNH:0
DA:1,6
DA:2,6
DA:15,6
DA:38,6
DA:39,6
LF:5
LH:5
BRF:0
BRH:0
end_of_record
TN:
SF:src/db/tagService.ts
FN:6,(anonymous_8)
FN:6,(anonymous_9)
FN:18,(anonymous_10)
FN:18,(anonymous_11)
FN:33,(anonymous_12)
FN:33,(anonymous_13)
FN:62,(anonymous_14)
FN:62,(anonymous_15)
FNF:8
FNH:8
FNDA:9,(anonymous_8)
FNDA:9,(anonymous_9)
FNDA:3,(anonymous_10)
FNDA:3,(anonymous_11)
FNDA:5,(anonymous_12)
FNDA:5,(anonymous_13)
FNDA:3,(anonymous_14)
FNDA:3,(anonymous_15)
DA:1,3
DA:2,3
DA:3,3
DA:6,9
DA:7,9
DA:8,9
DA:9,9
DA:10,7
DA:12,2
DA:13,2
DA:18,3
DA:19,3
DA:21,3
DA:22,1
DA:24,2
DA:25,2
DA:27,1
DA:28,1
DA:33,5
DA:34,5
DA:36,5
DA:37,1
DA:41,4
DA:42,4
DA:43,4
DA:44,4
DA:46,4
DA:48,4
DA:49,1
DA:50,1
DA:53,3
DA:54,3
DA:56,1
DA:57,1
DA:62,3
DA:63,3
DA:64,3
DA:65,1
DA:67,2
DA:68,2
DA:69,1
DA:71,1
DA:73,2
DA:75,1
DA:76,1
LF:45
LH:45
BRDA:21,0,0,1
BRDA:36,1,0,1
BRDA:42,2,0,3
BRDA:43,3,0,3
BRDA:44,4,0,1
BRDA:48,5,0,1
BRDA:64,6,0,1
BRDA:68,7,0,1
BRDA:68,7,1,1
BRF:9
BRH:9
end_of_record
TN:
SF:src/db/transactionDB.ts
FN:28,(anonymous_1)
FN:41,(anonymous_2)
FNF:2
FNH:2
FNDA:24,(anonymous_1)
FNDA:23,(anonymous_2)
DA:1,3
DA:3,3
DA:22,3
DA:28,24
DA:41,23
DA:72,3
DA:73,3
LF:7
LH:7
BRDA:41,0,0,23
BRDA:41,0,1,23
BRF:2
BRH:2
end_of_record
TN:
SF:src/db/transactionService.ts
FN:8,(anonymous_8)
FN:8,(anonymous_9)
FN:17,(anonymous_10)
FN:71,(anonymous_11)
FN:79,(anonymous_12)
FN:79,(anonymous_13)
FN:90,(anonymous_14)
FN:98,(anonymous_15)
FN:98,(anonymous_16)
FN:141,(anonymous_17)
FN:142,(anonymous_18)
FN:179,(anonymous_19)
FN:190,(anonymous_20)
FN:190,(anonymous_21)
FN:225,(anonymous_22)
FNF:15
FNH:13
FNDA:20,(anonymous_8)
FNDA:20,(anonymous_9)
FNDA:19,(anonymous_10)
FNDA:4,(anonymous_11)
FNDA:1,(anonymous_12)
FNDA:1,(anonymous_13)
FNDA:0,(anonymous_14)
FNDA:14,(anonymous_15)
FNDA:14,(anonymous_16)
FNDA:6,(anonymous_17)
FNDA:6,(anonymous_18)
FNDA:1,(anonymous_19)
FNDA:3,(anonymous_20)
FNDA:3,(anonymous_21)
FNDA:0,(anonymous_22)
DA:1,3
DA:2,3
DA:3,3
DA:4,3
DA:5,3
DA:8,20
DA:9,20
DA:11,20
DA:12,20
DA:13,0
DA:17,20
DA:19,20
DA:20,19
DA:21,19
DA:22,0
DA:27,20
DA:28,20
DA:29,0
DA:33,20
DA:36,20
DA:37,18
DA:38,0
DA:42,20
DA:43,1
DA:47,19
DA:48,17
DA:49,1
DA:51,16
DA:52,2
DA:53,1
DA:56,18
DA:66,18
DA:67,15
DA:68,15
DA:70,5
DA:71,4
DA:73,2
DA:74,2
DA:79,3
DA:80,1
DA:82,1
DA:83,0
DA:86,1
DA:87,1
DA:89,0
DA:90,0
DA:92,0
DA:93,0
DA:98,14
DA:99,14
DA:101,14
DA:102,1
DA:104,13
DA:107,13
DA:108,1
DA:109,1
DA:113,12
DA:114,12
DA:115,1
DA:119,11
DA:120,11
DA:121,0
DA:122,0
DA:126,11
DA:127,11
DA:128,11
DA:129,11
DA:130,11
DA:131,11
DA:132,11
DA:133,3
DA:135,8
DA:138,8
DA:139,8
DA:140,6
DA:141,6
DA:142,6
DA:144,6
DA:147,6
DA:148,5
DA:149,1
DA:153,5
DA:154,1
DA:157,4
DA:159,2
DA:164,6
DA:165,6
DA:166,0
DA:168,6
DA:169,0
DA:170,0
DA:173,6
DA:174,5
DA:176,5
DA:178,8
DA:179,1
DA:180,1
DA:181,1
DA:183,7
DA:184,7
DA:190,3
DA:191,3
DA:192,3
DA:193,1
DA:197,2
DA:198,2
DA:199,2
DA:203,0
DA:204,0
DA:205,0
DA:208,0
DA:209,0
DA:210,0
DA:211,0
DA:214,0
DA:216,0
DA:217,0
DA:218,0
DA:220,0
DA:222,0
DA:224,3
DA:225,0
DA:227,3
DA:228,3
LF:124
LH:96
BRDA:12,0,0,0
BRDA:17,1,0,20
BRDA:17,1,1,0
BRDA:17,2,0,0
BRDA:17,2,1,20
BRDA:17,3,0,20
BRDA:17,3,1,20
BRDA:19,4,0,19
BRDA:21,5,0,0
BRDA:28,6,0,0
BRDA:37,7,0,0
BRDA:37,8,0,18
BRDA:37,8,1,18
BRDA:42,9,0,1
BRDA:47,10,0,17
BRDA:47,10,1,2
BRDA:48,11,0,1
BRDA:52,12,0,1
BRDA:70,13,0,3
BRDA:82,14,0,0
BRDA:89,15,0,0
BRDA:101,16,0,1
BRDA:107,17,0,1
BRDA:114,18,0,1
BRDA:119,19,0,11
BRDA:119,19,1,0
BRDA:121,20,0,0
BRDA:126,21,0,11
BRDA:127,22,0,10
BRDA:128,23,0,10
BRDA:129,24,0,11
BRDA:130,25,0,11
BRDA:132,26,0,3
BRDA:138,27,0,8
BRDA:139,28,0,6
BRDA:139,28,1,2
BRDA:148,29,0,1
BRDA:148,30,0,5
BRDA:148,30,1,5
BRDA:153,31,0,1
BRDA:164,32,0,6
BRDA:164,32,1,0
BRDA:165,33,0,0
BRDA:169,34,0,0
BRDA:178,35,0,1
BRDA:192,36,0,1
BRDA:198,37,0,2
BRDA:204,38,0,0
BRDA:208,39,0,0
BRDA:208,39,1,0
BRDA:210,40,0,0
BRDA:217,41,0,0
BRDA:217,41,1,0
BRDA:224,42,0,0
BRF:54
BRH:34
end_of_record
TN:
SF:src/db/userDB.ts
FNF:0
FNH:0
DA:1,13
DA:2,13
DA:14,13
DA:30,13
DA:31,13
LF:5
LH:5
BRF:0
BRH:0
end_of_record
TN:
SF:src/db/userService.ts
FN:6,(anonymous_8)
FN:6,(anonymous_9)
FN:28,(anonymous_10)
FN:28,(anonymous_11)
FN:39,(anonymous_12)
FN:39,(anonymous_13)
FN:55,(anonymous_14)
FN:55,(anonymous_15)
FN:89,(anonymous_16)
FN:89,(anonymous_17)
FNF:10
FNH:10
FNDA:64,(anonymous_8)
FNDA:64,(anonymous_9)
FNDA:2,(anonymous_10)
FNDA:2,(anonymous_11)
FNDA:2,(anonymous_12)
FNDA:2,(anonymous_13)
FNDA:5,(anonymous_14)
FNDA:5,(anonymous_15)
FNDA:3,(anonymous_16)
FNDA:3,(anonymous_17)
DA:1,6
DA:2,6
DA:3,6
DA:6,64
DA:7,64
DA:9,64
DA:10,3
DA:13,61
DA:14,61
DA:15,60
DA:18,4
DA:19,1
DA:20,1
DA:22,3
DA:23,3
DA:28,6
DA:29,2
DA:30,2
DA:31,2
DA:33,0
DA:34,0
DA:39,6
DA:40,2
DA:42,2
DA:43,2
DA:44,1
DA:46,2
DA:48,0
DA:49,0
DA:55,6
DA:56,5
DA:58,5
DA:59,1
DA:62,4
DA:65,4
DA:66,4
DA:67,4
DA:69,4
DA:71,3
DA:72,1
DA:73,1
DA:76,2
DA:79,2
DA:80,1
DA:81,1
DA:83,1
DA:84,1
DA:89,6
DA:90,3
DA:91,3
DA:92,1
DA:94,2
DA:95,2
DA:96,1
DA:98,1
DA:100,2
DA:102,1
DA:103,1
LF:58
LH:54
BRDA:9,0,0,3
BRDA:9,1,0,64
BRDA:9,1,1,63
BRDA:18,2,0,1
BRDA:43,3,0,1
BRDA:58,4,0,1
BRDA:65,5,0,3
BRDA:66,6,0,0
BRDA:67,7,0,2
BRDA:71,8,0,1
BRDA:79,9,0,1
BRDA:91,10,0,1
BRDA:95,11,0,1
BRDA:95,11,1,1
BRF:14
BRH:13
end_of_record
